Log file open, 10/22/19 13:39:12
LogWindows: Failed to load 'aqProf.dll' (GetLastError=126)
LogWindows: File 'aqProf.dll' does not exist
LogWindows: Failed to load 'VtuneApi.dll' (GetLastError=126)
LogWindows: File 'VtuneApi.dll' does not exist
LogWindows: Failed to load 'VtuneApi32e.dll' (GetLastError=126)
LogWindows: File 'VtuneApi32e.dll' does not exist
LogConsoleResponse: Display: Failed to find resolution value strings in scalability ini. Falling back to default.
LogInit: Display: Running engine for game: ONeil_Escape_Class
LogPlatformFile: Not using cached read wrapper
LogTaskGraph: Started task graph with 5 named threads and 23 total threads with 3 sets of task threads.
LogStats: Stats thread started at 0.065239
LogD3D11RHI: Loaded GFSDK_Aftermath_Lib.x64.dll
LogICUInternationalization: ICU TimeZone Detection - Raw Offset: -5:00, Platform Override: ''
LogPluginManager: Mounting plugin Paper2D
LogPluginManager: Mounting plugin AISupport
LogPluginManager: Mounting plugin LightPropagationVolume
LogPluginManager: Mounting plugin ActorLayerUtilities
LogPluginManager: Mounting plugin AnimationSharing
LogPluginManager: Mounting plugin CLionSourceCodeAccess
LogPluginManager: Mounting plugin CodeLiteSourceCodeAccess
LogPluginManager: Mounting plugin GitSourceControl
LogPluginManager: Mounting plugin KDevelopSourceCodeAccess
LogPluginManager: Mounting plugin NullSourceCodeAccess
LogPluginManager: Mounting plugin PerforceSourceControl
LogPluginManager: Mounting plugin SubversionSourceControl
LogPluginManager: Mounting plugin UObjectPlugin
LogPluginManager: Mounting plugin VisualStudioCodeSourceCodeAccess
LogPluginManager: Mounting plugin VisualStudioSourceCodeAccess
LogPluginManager: Mounting plugin XCodeSourceCodeAccess
LogPluginManager: Mounting plugin AssetManagerEditor
LogPluginManager: Mounting plugin CryptoKeys
LogPluginManager: Mounting plugin CurveEditorTools
LogPluginManager: Mounting plugin DataValidation
LogPluginManager: Mounting plugin FacialAnimation
LogPluginManager: Mounting plugin GameplayTagsEditor
LogPluginManager: Mounting plugin MacGraphicsSwitching
LogPluginManager: Mounting plugin MaterialAnalyzer
LogPluginManager: Mounting plugin MobileLauncherProfileWizard
LogPluginManager: Mounting plugin PluginBrowser
LogPluginManager: Mounting plugin SpeedTreeImporter
LogPluginManager: Mounting plugin DatasmithContent
LogPluginManager: Mounting plugin VariantManagerContent
LogPluginManager: Mounting plugin AlembicImporter
LogPluginManager: Mounting plugin AutomationUtils
LogPluginManager: Mounting plugin BackChannel
LogPluginManager: Mounting plugin CharacterAI
LogPluginManager: Mounting plugin GeometryCache
LogPluginManager: Mounting plugin HTML5Networking
LogPluginManager: Mounting plugin PlatformCrypto
LogPluginManager: Mounting plugin ProxyLODPlugin
LogPluginManager: Mounting plugin SkeletalReduction
LogPluginManager: Mounting plugin MagicLeap
LogPluginManager: Mounting plugin MagicLeapMedia
LogPluginManager: Mounting plugin AndroidMedia
LogPluginManager: Mounting plugin AvfMedia
LogPluginManager: Mounting plugin ImgMedia
LogPluginManager: Mounting plugin MediaCompositing
LogPluginManager: Mounting plugin MediaPlayerEditor
LogPluginManager: Mounting plugin WebMMedia
LogPluginManager: Mounting plugin WmfMedia
LogPluginManager: Mounting plugin TcpMessaging
LogPluginManager: Mounting plugin UdpMessaging
LogPluginManager: Mounting plugin ActorSequence
LogPluginManager: Mounting plugin LevelSequenceEditor
LogPluginManager: Mounting plugin MatineeToLevelSequence
LogPluginManager: Mounting plugin NetcodeUnitTest
LogPluginManager: Mounting plugin NUTUnrealEngine4
LogPluginManager: Mounting plugin OnlineSubsystemGooglePlay
LogPluginManager: Mounting plugin OnlineSubsystemIOS
LogPluginManager: Mounting plugin OnlineSubsystem
LogPluginManager: Mounting plugin OnlineSubsystemNull
LogPluginManager: Mounting plugin OnlineSubsystemUtils
LogPluginManager: Mounting plugin LauncherChunkInstaller
LogPluginManager: Mounting plugin AndroidDeviceProfileSelector
LogPluginManager: Mounting plugin AndroidMoviePlayer
LogPluginManager: Mounting plugin AndroidPermission
LogPluginManager: Mounting plugin AppleImageUtils
LogPluginManager: Mounting plugin AppleMoviePlayer
LogPluginManager: Mounting plugin ArchVisCharacter
LogPluginManager: Mounting plugin AudioCapture
LogPluginManager: Mounting plugin CableComponent
LogPluginManager: Mounting plugin CustomMeshComponent
LogPluginManager: Mounting plugin EditableMesh
LogPluginManager: Mounting plugin ExampleDeviceProfileSelector
LogPluginManager: Mounting plugin GoogleCloudMessaging
LogPluginManager: Mounting plugin IOSDeviceProfileSelector
LogPluginManager: Mounting plugin LinuxDeviceProfileSelector
LogPluginManager: Mounting plugin LocationServicesBPLibrary
LogPluginManager: Mounting plugin MobilePatchingUtils
LogPluginManager: Mounting plugin OculusVR
LogPluginManager: Mounting plugin PhysXVehicles
LogPluginManager: Mounting plugin ProceduralMeshComponent
LogPluginManager: Mounting plugin RuntimePhysXCooking
LogPluginManager: Mounting plugin SignificanceManager
LogPluginManager: Mounting plugin SteamVR
LogPluginManager: Mounting plugin WebMMoviePlayer
LogPluginManager: Mounting plugin WindowsMoviePlayer
LogPluginManager: Mounting plugin ScreenshotTools
LogInit: Using libcurl 7.55.1-DEV
LogInit:  - built for x86_64-pc-win32
LogInit:  - supports SSL with OpenSSL/1.1.1
LogInit:  - supports HTTP deflate (compression) using libz 1.2.8
LogInit:  - other features:
LogInit:      CURL_VERSION_SSL
LogInit:      CURL_VERSION_LIBZ
LogInit:      CURL_VERSION_IPV6
LogInit:      CURL_VERSION_ASYNCHDNS
LogInit:      CURL_VERSION_LARGEFILE
LogInit:      CURL_VERSION_IDN
LogInit:  CurlRequestOptions (configurable via config and command line):
LogInit:  - bVerifyPeer = true  - Libcurl will verify peer certificate
LogInit:  - bUseHttpProxy = false  - Libcurl will NOT use HTTP proxy
LogInit:  - bDontReuseConnections = false  - Libcurl will reuse connections
LogInit:  - MaxHostConnections = 16  - Libcurl will limit the number of connections to a host
LogInit:  - LocalHostAddr = Default
LogInit:  - BufferSize = 65536
LogOnline: OSS: Creating online subsystem instance for: NULL
LogInit: WinSock: version 1.1 (2.2), MaxSocks=32767, MaxUdp=65467
LogInit: Build: ++UE4+Release-4.23-CL-8386587
LogInit: Engine Version: 4.23.0-8386587+++UE4+Release-4.23
LogInit: Compatible Engine Version: 4.23.0-8386587+++UE4+Release-4.23
LogInit: Net CL: 8386587
LogInit: OS: Windows 10 (Release 1903) (), CPU: Intel(R) Core(TM) i7-7700 CPU @ 3.60GHz, GPU: NVIDIA GeForce GTX 1070
LogInit: Compiled (64-bit): Aug 31 2019 02:04:44
LogInit: Compiled with Visual C++: 19.16.27030.01
LogInit: Build Configuration: Development
LogInit: Branch Name: ++UE4+Release-4.23
LogInit: Command Line: 
LogInit: Base Directory: C:/Program Files/Epic Games/UE_4.23/Engine/Binaries/Win64/
LogInit: Installed Engine Build: 1
LogDevObjectVersion: Number of dev versions registered: 23
LogDevObjectVersion:   Dev-Blueprints (B0D832E4-1F89-4F0D-ACCF-7EB736FD4AA2): 10
LogDevObjectVersion:   Dev-Build (E1C64328-A22C-4D53-A36C-8E866417BD8C): 0
LogDevObjectVersion:   Dev-Core (375EC13C-06E4-48FB-B500-84F0262A717E): 3
LogDevObjectVersion:   Dev-Editor (E4B068ED-F494-42E9-A231-DA0B2E46BB41): 34
LogDevObjectVersion:   Dev-Framework (CFFC743F-43B0-4480-9391-14DF171D2073): 35
LogDevObjectVersion:   Dev-Mobile (B02B49B5-BB20-44E9-A304-32B752E40360): 2
LogDevObjectVersion:   Dev-Networking (A4E4105C-59A1-49B5-A7C5-40C4547EDFEE): 0
LogDevObjectVersion:   Dev-Online (39C831C9-5AE6-47DC-9A44-9C173E1C8E7C): 0
LogDevObjectVersion:   Dev-Physics (78F01B33-EBEA-4F98-B9B4-84EACCB95AA2): 0
LogDevObjectVersion:   Dev-Platform (6631380F-2D4D-43E0-8009-CF276956A95A): 0
LogDevObjectVersion:   Dev-Rendering (12F88B9F-8875-4AFC-A67C-D90C383ABD29): 31
LogDevObjectVersion:   Dev-Sequencer (7B5AE74C-D270-4C10-A958-57980B212A5A): 11
LogDevObjectVersion:   Dev-VR (D7296918-1DD6-4BDD-9DE2-64A83CC13884): 2
LogDevObjectVersion:   Dev-LoadTimes (C2A15278-BFE7-4AFE-6C17-90FF531DF755): 1
LogDevObjectVersion:   Private-Geometry (6EACA3D4-40EC-4CC1-B786-8BED09428FC5): 3
LogDevObjectVersion:   Dev-AnimPhys (29E575DD-E0A3-4627-9D10-D276232CDCEA): 17
LogDevObjectVersion:   Dev-Anim (AF43A65D-7FD3-4947-9873-3E8ED9C1BB05): 2
LogDevObjectVersion:   Dev-ReflectionCapture (6B266CEC-1EC7-4B8F-A30B-E4D90942FC07): 1
LogDevObjectVersion:   Dev-Automation (0DF73D61-A23F-47EA-B727-89E90C41499A): 1
LogDevObjectVersion:   FortniteMain (601D1886-AC64-4F84-AA16-D3DE0DEAC7D6): 27
LogDevObjectVersion:   Dev-Enterprise (9DFFBCD6-494F-0158-E221-12823C92A888): 6
LogDevObjectVersion:   Dev-Niagara (F2AED0AC-9AFE-416F-8664-AA7FFA26D6FC): 1
LogDevObjectVersion:   Dev-Destruction (174F1F0B-B4C6-45A5-B13F-2EE8D0FB917D): 9
LogInit: Presizing for max 16777216 objects, including 0 objects not considered by GC, pre-allocating 0 bytes for permanent pool.
LogInit: Object subsystem initialized
LogConfig: Setting CVar [[con.DebugEarlyDefault:1]]
LogConfig: Setting CVar [[r.setres:1280x720]]
[2019.10.22-17.39.13:160][  0]LogConfig: Setting CVar [[r.VSync:0]]
[2019.10.22-17.39.13:160][  0]LogConfig: Setting CVar [[r.RHICmdBypass:0]]
[2019.10.22-17.39.13:160][  0]LogConfig: Applying CVar settings from Section [/Script/Engine.RendererSettings] File [C:/Users/soneil/Documents/Unreal Projects/ONeil_Escape_Class/Saved/Config/Windows/Engine.ini]
[2019.10.22-17.39.13:160][  0]LogConfig: Setting CVar [[r.GPUCrashDebugging:0]]
[2019.10.22-17.39.13:160][  0]LogConfig: Applying CVar settings from Section [/Script/Engine.RendererOverrideSettings] File [C:/Users/soneil/Documents/Unreal Projects/ONeil_Escape_Class/Saved/Config/Windows/Engine.ini]
[2019.10.22-17.39.13:160][  0]LogConfig: Applying CVar settings from Section [/Script/Engine.StreamingSettings] File [C:/Users/soneil/Documents/Unreal Projects/ONeil_Escape_Class/Saved/Config/Windows/Engine.ini]
[2019.10.22-17.39.13:160][  0]LogConfig: Setting CVar [[s.MinBulkDataSizeForAsyncLoading:131072]]
[2019.10.22-17.39.13:160][  0]LogConfig: Setting CVar [[s.AsyncLoadingThreadEnabled:0]]
[2019.10.22-17.39.13:160][  0]LogConfig: Setting CVar [[s.EventDrivenLoaderEnabled:1]]
[2019.10.22-17.39.13:160][  0]LogConfig: Setting CVar [[s.WarnIfTimeLimitExceeded:0]]
[2019.10.22-17.39.13:160][  0]LogConfig: Setting CVar [[s.TimeLimitExceededMultiplier:1.5]]
[2019.10.22-17.39.13:160][  0]LogConfig: Setting CVar [[s.TimeLimitExceededMinTime:0.005]]
[2019.10.22-17.39.13:160][  0]LogConfig: Setting CVar [[s.UseBackgroundLevelStreaming:1]]
[2019.10.22-17.39.13:160][  0]LogConfig: Setting CVar [[s.PriorityAsyncLoadingExtraTime:15.0]]
[2019.10.22-17.39.13:160][  0]LogConfig: Setting CVar [[s.LevelStreamingActorsUpdateTimeLimit:5.0]]
[2019.10.22-17.39.13:160][  0]LogConfig: Setting CVar [[s.PriorityLevelStreamingActorsUpdateExtraTime:5.0]]
[2019.10.22-17.39.13:160][  0]LogConfig: Setting CVar [[s.LevelStreamingComponentsRegistrationGranularity:10]]
[2019.10.22-17.39.13:160][  0]LogConfig: Setting CVar [[s.UnregisterComponentsTimeLimit:1.0]]
[2019.10.22-17.39.13:160][  0]LogConfig: Setting CVar [[s.LevelStreamingComponentsUnregistrationGranularity:5]]
[2019.10.22-17.39.13:160][  0]LogConfig: Applying CVar settings from Section [/Script/Engine.GarbageCollectionSettings] File [C:/Users/soneil/Documents/Unreal Projects/ONeil_Escape_Class/Saved/Config/Windows/Engine.ini]
[2019.10.22-17.39.13:160][  0]LogConfig: Setting CVar [[gc.MaxObjectsNotConsideredByGC:1]]
[2019.10.22-17.39.13:160][  0]LogConfig: Setting CVar [[gc.SizeOfPermanentObjectPool:0]]
[2019.10.22-17.39.13:160][  0]LogConfig: Setting CVar [[gc.FlushStreamingOnGC:0]]
[2019.10.22-17.39.13:160][  0]LogConfig: Setting CVar [[gc.NumRetriesBeforeForcingGC:10]]
[2019.10.22-17.39.13:160][  0]LogConfig: Setting CVar [[gc.AllowParallelGC:1]]
[2019.10.22-17.39.13:160][  0]LogConfig: Setting CVar [[gc.TimeBetweenPurgingPendingKillObjects:61.1]]
[2019.10.22-17.39.13:160][  0]LogConfig: Setting CVar [[gc.MaxObjectsInEditor:16777216]]
[2019.10.22-17.39.13:160][  0]LogConfig: Setting CVar [[gc.IncrementalBeginDestroyEnabled:1]]
[2019.10.22-17.39.13:160][  0]LogConfig: Setting CVar [[gc.CreateGCClusters:1]]
[2019.10.22-17.39.13:160][  0]LogConfig: Setting CVar [[gc.MinGCClusterSize:5]]
[2019.10.22-17.39.13:160][  0]LogConfig: Setting CVar [[gc.ActorClusteringEnabled:0]]
[2019.10.22-17.39.13:160][  0]LogConfig: Setting CVar [[gc.BlueprintClusteringEnabled:0]]
[2019.10.22-17.39.13:160][  0]LogConfig: Setting CVar [[gc.UseDisregardForGCOnDedicatedServers:0]]
[2019.10.22-17.39.13:161][  0]LogConfig: Applying CVar settings from Section [/Script/Engine.NetworkSettings] File [C:/Users/soneil/Documents/Unreal Projects/ONeil_Escape_Class/Saved/Config/Windows/Engine.ini]
[2019.10.22-17.39.13:161][  0]LogConfig: Applying CVar settings from Section [/Script/UnrealEd.CookerSettings] File [C:/Users/soneil/Documents/Unreal Projects/ONeil_Escape_Class/Saved/Config/Windows/Engine.ini]
[2019.10.22-17.39.13:162][  0]LogConfig: Applying CVar settings from Section [ViewDistanceQuality@3] File [C:/Users/soneil/Documents/Unreal Projects/ONeil_Escape_Class/Saved/Config/Windows/Scalability.ini]
[2019.10.22-17.39.13:162][  0]LogConfig: Setting CVar [[r.SkeletalMeshLODBias:0]]
[2019.10.22-17.39.13:162][  0]LogConfig: Setting CVar [[r.ViewDistanceScale:1.0]]
[2019.10.22-17.39.13:162][  0]LogConfig: Applying CVar settings from Section [AntiAliasingQuality@3] File [C:/Users/soneil/Documents/Unreal Projects/ONeil_Escape_Class/Saved/Config/Windows/Scalability.ini]
[2019.10.22-17.39.13:162][  0]LogConfig: Setting CVar [[r.PostProcessAAQuality:4]]
[2019.10.22-17.39.13:162][  0]LogConfig: Applying CVar settings from Section [ShadowQuality@3] File [C:/Users/soneil/Documents/Unreal Projects/ONeil_Escape_Class/Saved/Config/Windows/Scalability.ini]
[2019.10.22-17.39.13:162][  0]LogConfig: Setting CVar [[r.LightFunctionQuality:1]]
[2019.10.22-17.39.13:162][  0]LogConfig: Setting CVar [[r.ShadowQuality:5]]
[2019.10.22-17.39.13:162][  0]LogConfig: Setting CVar [[r.Shadow.CSM.MaxCascades:10]]
[2019.10.22-17.39.13:162][  0]LogConfig: Setting CVar [[r.Shadow.MaxResolution:2048]]
[2019.10.22-17.39.13:162][  0]LogConfig: Setting CVar [[r.Shadow.MaxCSMResolution:2048]]
[2019.10.22-17.39.13:162][  0]LogConfig: Setting CVar [[r.Shadow.RadiusThreshold:0.01]]
[2019.10.22-17.39.13:163][  0]LogConfig: Setting CVar [[r.Shadow.DistanceScale:1.0]]
[2019.10.22-17.39.13:163][  0]LogConfig: Setting CVar [[r.Shadow.CSM.TransitionScale:1.0]]
[2019.10.22-17.39.13:163][  0]LogConfig: Setting CVar [[r.Shadow.PreShadowResolutionFactor:1.0]]
[2019.10.22-17.39.13:163][  0]LogConfig: Setting CVar [[r.DistanceFieldShadowing:1]]
[2019.10.22-17.39.13:163][  0]LogConfig: Setting CVar [[r.DistanceFieldAO:1]]
[2019.10.22-17.39.13:163][  0]LogConfig: Setting CVar [[r.AOQuality:2]]
[2019.10.22-17.39.13:163][  0]LogConfig: Setting CVar [[r.VolumetricFog:1]]
[2019.10.22-17.39.13:163][  0]LogConfig: Setting CVar [[r.VolumetricFog.GridPixelSize:8]]
[2019.10.22-17.39.13:163][  0]LogConfig: Setting CVar [[r.VolumetricFog.GridSizeZ:128]]
[2019.10.22-17.39.13:163][  0]LogConfig: Setting CVar [[r.VolumetricFog.HistoryMissSupersampleCount:4]]
[2019.10.22-17.39.13:163][  0]LogConfig: Setting CVar [[r.LightMaxDrawDistanceScale:1]]
[2019.10.22-17.39.13:163][  0]LogConfig: Setting CVar [[r.CapsuleShadows:1]]
[2019.10.22-17.39.13:163][  0]LogConfig: Applying CVar settings from Section [PostProcessQuality@3] File [C:/Users/soneil/Documents/Unreal Projects/ONeil_Escape_Class/Saved/Config/Windows/Scalability.ini]
[2019.10.22-17.39.13:163][  0]LogConfig: Setting CVar [[r.MotionBlurQuality:4]]
[2019.10.22-17.39.13:163][  0]LogConfig: Setting CVar [[r.AmbientOcclusionMipLevelFactor:0.4]]
[2019.10.22-17.39.13:163][  0]LogConfig: Setting CVar [[r.AmbientOcclusionMaxQuality:100]]
[2019.10.22-17.39.13:163][  0]LogConfig: Setting CVar [[r.AmbientOcclusionLevels:-1]]
[2019.10.22-17.39.13:163][  0]LogConfig: Setting CVar [[r.AmbientOcclusionRadiusScale:1.0]]
[2019.10.22-17.39.13:163][  0]LogConfig: Setting CVar [[r.DepthOfFieldQuality:2]]
[2019.10.22-17.39.13:163][  0]LogConfig: Setting CVar [[r.RenderTargetPoolMin:400]]
[2019.10.22-17.39.13:163][  0]LogConfig: Setting CVar [[r.LensFlareQuality:2]]
[2019.10.22-17.39.13:163][  0]LogConfig: Setting CVar [[r.SceneColorFringeQuality:1]]
[2019.10.22-17.39.13:163][  0]LogConfig: Setting CVar [[r.EyeAdaptationQuality:2]]
[2019.10.22-17.39.13:163][  0]LogConfig: Setting CVar [[r.BloomQuality:5]]
[2019.10.22-17.39.13:163][  0]LogConfig: Setting CVar [[r.FastBlurThreshold:100]]
[2019.10.22-17.39.13:163][  0]LogConfig: Setting CVar [[r.Upscale.Quality:3]]
[2019.10.22-17.39.13:163][  0]LogConfig: Setting CVar [[r.Tonemapper.GrainQuantization:1]]
[2019.10.22-17.39.13:163][  0]LogConfig: Setting CVar [[r.LightShaftQuality:1]]
[2019.10.22-17.39.13:163][  0]LogConfig: Setting CVar [[r.Filter.SizeScale:1]]
[2019.10.22-17.39.13:163][  0]LogConfig: Setting CVar [[r.Tonemapper.Quality:5]]
[2019.10.22-17.39.13:163][  0]LogConfig: Setting CVar [[r.DOF.Gather.AccumulatorQuality:1        ; higher gathering accumulator quality]]
[2019.10.22-17.39.13:163][  0]LogConfig: Setting CVar [[r.DOF.Gather.PostfilterMethod:1          ; Median3x3 postfilering method]]
[2019.10.22-17.39.13:163][  0]LogConfig: Setting CVar [[r.DOF.Gather.EnableBokehSettings:0       ; no bokeh simulation when gathering]]
[2019.10.22-17.39.13:163][  0]LogConfig: Setting CVar [[r.DOF.Gather.RingCount:4                 ; medium number of samples when gathering]]
[2019.10.22-17.39.13:163][  0]LogConfig: Setting CVar [[r.DOF.Scatter.ForegroundCompositing:1    ; additive foreground scattering]]
[2019.10.22-17.39.13:163][  0]LogConfig: Setting CVar [[r.DOF.Scatter.BackgroundCompositing:2    ; additive background scattering]]
[2019.10.22-17.39.13:163][  0]LogConfig: Setting CVar [[r.DOF.Scatter.EnableBokehSettings:1      ; bokeh simulation when scattering]]
[2019.10.22-17.39.13:163][  0]LogConfig: Setting CVar [[r.DOF.Scatter.MaxSpriteRatio:0.1         ; only a maximum of 10% of scattered bokeh]]
[2019.10.22-17.39.13:163][  0]LogConfig: Setting CVar [[r.DOF.Recombine.Quality:1                ; cheap slight out of focus]]
[2019.10.22-17.39.13:163][  0]LogConfig: Setting CVar [[r.DOF.Recombine.EnableBokehSettings:0    ; no bokeh simulation on slight out of focus]]
[2019.10.22-17.39.13:163][  0]LogConfig: Setting CVar [[r.DOF.TemporalAAQuality:1                ; more stable temporal accumulation]]
[2019.10.22-17.39.13:163][  0]LogConfig: Setting CVar [[r.DOF.Kernel.MaxForegroundRadius:0.025]]
[2019.10.22-17.39.13:163][  0]LogConfig: Setting CVar [[r.DOF.Kernel.MaxBackgroundRadius:0.025]]
[2019.10.22-17.39.13:163][  0]LogConfig: Applying CVar settings from Section [TextureQuality@3] File [C:/Users/soneil/Documents/Unreal Projects/ONeil_Escape_Class/Saved/Config/Windows/Scalability.ini]
[2019.10.22-17.39.13:163][  0]LogConfig: Setting CVar [[r.Streaming.MipBias:0]]
[2019.10.22-17.39.13:163][  0]LogConfig: Setting CVar [[r.Streaming.AmortizeCPUToGPUCopy:0]]
[2019.10.22-17.39.13:163][  0]LogConfig: Setting CVar [[r.Streaming.MaxNumTexturesToStreamPerFrame:0]]
[2019.10.22-17.39.13:163][  0]LogConfig: Setting CVar [[r.Streaming.Boost:1]]
[2019.10.22-17.39.13:163][  0]LogConfig: Setting CVar [[r.MaxAnisotropy:8]]
[2019.10.22-17.39.13:163][  0]LogConfig: Setting CVar [[r.Streaming.LimitPoolSizeToVRAM:0]]
[2019.10.22-17.39.13:163][  0]LogConfig: Setting CVar [[r.Streaming.PoolSize:1000]]
[2019.10.22-17.39.13:163][  0]LogConfig: Setting CVar [[r.Streaming.MaxEffectiveScreenSize:0]]
[2019.10.22-17.39.13:163][  0]LogConfig: Applying CVar settings from Section [EffectsQuality@3] File [C:/Users/soneil/Documents/Unreal Projects/ONeil_Escape_Class/Saved/Config/Windows/Scalability.ini]
[2019.10.22-17.39.13:163][  0]LogConfig: Setting CVar [[r.TranslucencyLightingVolumeDim:64]]
[2019.10.22-17.39.13:163][  0]LogConfig: Setting CVar [[r.RefractionQuality:2]]
[2019.10.22-17.39.13:163][  0]LogConfig: Setting CVar [[r.SSR.Quality:3]]
[2019.10.22-17.39.13:163][  0]LogConfig: Setting CVar [[r.SceneColorFormat:4]]
[2019.10.22-17.39.13:163][  0]LogConfig: Setting CVar [[r.DetailMode:2]]
[2019.10.22-17.39.13:163][  0]LogConfig: Setting CVar [[r.TranslucencyVolumeBlur:1]]
[2019.10.22-17.39.13:163][  0]LogConfig: Setting CVar [[r.MaterialQualityLevel:1 ; High quality]]
[2019.10.22-17.39.13:163][  0]LogConfig: Setting CVar [[r.SSS.Scale:1]]
[2019.10.22-17.39.13:163][  0]LogConfig: Setting CVar [[r.SSS.SampleSet:2]]
[2019.10.22-17.39.13:163][  0]LogConfig: Setting CVar [[r.SSS.Quality:1]]
[2019.10.22-17.39.13:163][  0]LogConfig: Setting CVar [[r.SSS.HalfRes:1]]
[2019.10.22-17.39.13:163][  0]LogConfig: Setting CVar [[r.EmitterSpawnRateScale:1.0]]
[2019.10.22-17.39.13:163][  0]LogConfig: Setting CVar [[r.ParticleLightQuality:2]]
[2019.10.22-17.39.13:163][  0]LogConfig: Applying CVar settings from Section [FoliageQuality@3] File [C:/Users/soneil/Documents/Unreal Projects/ONeil_Escape_Class/Saved/Config/Windows/Scalability.ini]
[2019.10.22-17.39.13:163][  0]LogConfig: Setting CVar [[foliage.DensityScale:1.0]]
[2019.10.22-17.39.13:163][  0]LogConfig: Setting CVar [[grass.DensityScale:1.0]]
[2019.10.22-17.39.13:163][  0]LogInit: Selected Device Profile: [Windows]
[2019.10.22-17.39.13:163][  0]LogInit: Applying CVar settings loaded from the selected device profile: [Windows]
[2019.10.22-17.39.13:166][  0]LogHAL: Display: Platform has ~ 32 GB [34301571072 / 34359738368 / 32], which maps to Largest [LargestMinGB=32, LargerMinGB=12, DefaultMinGB=8, SmallerMinGB=6, SmallestMinGB=0)
[2019.10.22-17.39.13:166][  0]LogInit: Going up to parent DeviceProfile []
[2019.10.22-17.39.13:166][  0]LogConfig: Applying CVar settings from Section [ViewDistanceQuality@3] File [C:/Users/soneil/Documents/Unreal Projects/ONeil_Escape_Class/Saved/Config/Windows/Scalability.ini]
[2019.10.22-17.39.13:166][  0]LogConfig: Setting CVar [[r.SkeletalMeshLODBias:0]]
[2019.10.22-17.39.13:166][  0]LogConfig: Setting CVar [[r.ViewDistanceScale:1.0]]
[2019.10.22-17.39.13:166][  0]LogConfig: Applying CVar settings from Section [AntiAliasingQuality@3] File [C:/Users/soneil/Documents/Unreal Projects/ONeil_Escape_Class/Saved/Config/Windows/Scalability.ini]
[2019.10.22-17.39.13:166][  0]LogConfig: Setting CVar [[r.PostProcessAAQuality:4]]
[2019.10.22-17.39.13:166][  0]LogConfig: Applying CVar settings from Section [ShadowQuality@3] File [C:/Users/soneil/Documents/Unreal Projects/ONeil_Escape_Class/Saved/Config/Windows/Scalability.ini]
[2019.10.22-17.39.13:166][  0]LogConfig: Setting CVar [[r.LightFunctionQuality:1]]
[2019.10.22-17.39.13:166][  0]LogConfig: Setting CVar [[r.ShadowQuality:5]]
[2019.10.22-17.39.13:166][  0]LogConfig: Setting CVar [[r.Shadow.CSM.MaxCascades:10]]
[2019.10.22-17.39.13:166][  0]LogConfig: Setting CVar [[r.Shadow.MaxResolution:2048]]
[2019.10.22-17.39.13:166][  0]LogConfig: Setting CVar [[r.Shadow.MaxCSMResolution:2048]]
[2019.10.22-17.39.13:166][  0]LogConfig: Setting CVar [[r.Shadow.RadiusThreshold:0.01]]
[2019.10.22-17.39.13:166][  0]LogConfig: Setting CVar [[r.Shadow.DistanceScale:1.0]]
[2019.10.22-17.39.13:166][  0]LogConfig: Setting CVar [[r.Shadow.CSM.TransitionScale:1.0]]
[2019.10.22-17.39.13:166][  0]LogConfig: Setting CVar [[r.Shadow.PreShadowResolutionFactor:1.0]]
[2019.10.22-17.39.13:166][  0]LogConfig: Setting CVar [[r.DistanceFieldShadowing:1]]
[2019.10.22-17.39.13:166][  0]LogConfig: Setting CVar [[r.DistanceFieldAO:1]]
[2019.10.22-17.39.13:166][  0]LogConfig: Setting CVar [[r.AOQuality:2]]
[2019.10.22-17.39.13:166][  0]LogConfig: Setting CVar [[r.VolumetricFog:1]]
[2019.10.22-17.39.13:166][  0]LogConfig: Setting CVar [[r.VolumetricFog.GridPixelSize:8]]
[2019.10.22-17.39.13:166][  0]LogConfig: Setting CVar [[r.VolumetricFog.GridSizeZ:128]]
[2019.10.22-17.39.13:166][  0]LogConfig: Setting CVar [[r.VolumetricFog.HistoryMissSupersampleCount:4]]
[2019.10.22-17.39.13:166][  0]LogConfig: Setting CVar [[r.LightMaxDrawDistanceScale:1]]
[2019.10.22-17.39.13:166][  0]LogConfig: Setting CVar [[r.CapsuleShadows:1]]
[2019.10.22-17.39.13:166][  0]LogConfig: Applying CVar settings from Section [PostProcessQuality@3] File [C:/Users/soneil/Documents/Unreal Projects/ONeil_Escape_Class/Saved/Config/Windows/Scalability.ini]
[2019.10.22-17.39.13:166][  0]LogConfig: Setting CVar [[r.MotionBlurQuality:4]]
[2019.10.22-17.39.13:166][  0]LogConfig: Setting CVar [[r.AmbientOcclusionMipLevelFactor:0.4]]
[2019.10.22-17.39.13:166][  0]LogConfig: Setting CVar [[r.AmbientOcclusionMaxQuality:100]]
[2019.10.22-17.39.13:166][  0]LogConfig: Setting CVar [[r.AmbientOcclusionLevels:-1]]
[2019.10.22-17.39.13:166][  0]LogConfig: Setting CVar [[r.AmbientOcclusionRadiusScale:1.0]]
[2019.10.22-17.39.13:166][  0]LogConfig: Setting CVar [[r.DepthOfFieldQuality:2]]
[2019.10.22-17.39.13:166][  0]LogConfig: Setting CVar [[r.RenderTargetPoolMin:400]]
[2019.10.22-17.39.13:166][  0]LogConfig: Setting CVar [[r.LensFlareQuality:2]]
[2019.10.22-17.39.13:166][  0]LogConfig: Setting CVar [[r.SceneColorFringeQuality:1]]
[2019.10.22-17.39.13:166][  0]LogConfig: Setting CVar [[r.EyeAdaptationQuality:2]]
[2019.10.22-17.39.13:166][  0]LogConfig: Setting CVar [[r.BloomQuality:5]]
[2019.10.22-17.39.13:166][  0]LogConfig: Setting CVar [[r.FastBlurThreshold:100]]
[2019.10.22-17.39.13:166][  0]LogConfig: Setting CVar [[r.Upscale.Quality:3]]
[2019.10.22-17.39.13:166][  0]LogConfig: Setting CVar [[r.Tonemapper.GrainQuantization:1]]
[2019.10.22-17.39.13:166][  0]LogConfig: Setting CVar [[r.LightShaftQuality:1]]
[2019.10.22-17.39.13:166][  0]LogConfig: Setting CVar [[r.Filter.SizeScale:1]]
[2019.10.22-17.39.13:166][  0]LogConfig: Setting CVar [[r.Tonemapper.Quality:5]]
[2019.10.22-17.39.13:167][  0]LogConfig: Setting CVar [[r.DOF.Gather.AccumulatorQuality:1        ; higher gathering accumulator quality]]
[2019.10.22-17.39.13:167][  0]LogConfig: Setting CVar [[r.DOF.Gather.PostfilterMethod:1          ; Median3x3 postfilering method]]
[2019.10.22-17.39.13:167][  0]LogConfig: Setting CVar [[r.DOF.Gather.EnableBokehSettings:0       ; no bokeh simulation when gathering]]
[2019.10.22-17.39.13:167][  0]LogConfig: Setting CVar [[r.DOF.Gather.RingCount:4                 ; medium number of samples when gathering]]
[2019.10.22-17.39.13:167][  0]LogConfig: Setting CVar [[r.DOF.Scatter.ForegroundCompositing:1    ; additive foreground scattering]]
[2019.10.22-17.39.13:167][  0]LogConfig: Setting CVar [[r.DOF.Scatter.BackgroundCompositing:2    ; additive background scattering]]
[2019.10.22-17.39.13:167][  0]LogConfig: Setting CVar [[r.DOF.Scatter.EnableBokehSettings:1      ; bokeh simulation when scattering]]
[2019.10.22-17.39.13:167][  0]LogConfig: Setting CVar [[r.DOF.Scatter.MaxSpriteRatio:0.1         ; only a maximum of 10% of scattered bokeh]]
[2019.10.22-17.39.13:167][  0]LogConfig: Setting CVar [[r.DOF.Recombine.Quality:1                ; cheap slight out of focus]]
[2019.10.22-17.39.13:167][  0]LogConfig: Setting CVar [[r.DOF.Recombine.EnableBokehSettings:0    ; no bokeh simulation on slight out of focus]]
[2019.10.22-17.39.13:167][  0]LogConfig: Setting CVar [[r.DOF.TemporalAAQuality:1                ; more stable temporal accumulation]]
[2019.10.22-17.39.13:167][  0]LogConfig: Setting CVar [[r.DOF.Kernel.MaxForegroundRadius:0.025]]
[2019.10.22-17.39.13:167][  0]LogConfig: Setting CVar [[r.DOF.Kernel.MaxBackgroundRadius:0.025]]
[2019.10.22-17.39.13:167][  0]LogConfig: Applying CVar settings from Section [TextureQuality@3] File [C:/Users/soneil/Documents/Unreal Projects/ONeil_Escape_Class/Saved/Config/Windows/Scalability.ini]
[2019.10.22-17.39.13:167][  0]LogConfig: Setting CVar [[r.Streaming.MipBias:0]]
[2019.10.22-17.39.13:167][  0]LogConfig: Setting CVar [[r.Streaming.AmortizeCPUToGPUCopy:0]]
[2019.10.22-17.39.13:167][  0]LogConfig: Setting CVar [[r.Streaming.MaxNumTexturesToStreamPerFrame:0]]
[2019.10.22-17.39.13:167][  0]LogConfig: Setting CVar [[r.Streaming.Boost:1]]
[2019.10.22-17.39.13:167][  0]LogConfig: Setting CVar [[r.MaxAnisotropy:8]]
[2019.10.22-17.39.13:167][  0]LogConfig: Setting CVar [[r.Streaming.LimitPoolSizeToVRAM:0]]
[2019.10.22-17.39.13:167][  0]LogConfig: Setting CVar [[r.Streaming.PoolSize:1000]]
[2019.10.22-17.39.13:167][  0]LogConfig: Setting CVar [[r.Streaming.MaxEffectiveScreenSize:0]]
[2019.10.22-17.39.13:167][  0]LogConfig: Applying CVar settings from Section [EffectsQuality@3] File [C:/Users/soneil/Documents/Unreal Projects/ONeil_Escape_Class/Saved/Config/Windows/Scalability.ini]
[2019.10.22-17.39.13:167][  0]LogConfig: Setting CVar [[r.TranslucencyLightingVolumeDim:64]]
[2019.10.22-17.39.13:167][  0]LogConfig: Setting CVar [[r.RefractionQuality:2]]
[2019.10.22-17.39.13:167][  0]LogConfig: Setting CVar [[r.SSR.Quality:3]]
[2019.10.22-17.39.13:167][  0]LogConfig: Setting CVar [[r.SceneColorFormat:4]]
[2019.10.22-17.39.13:167][  0]LogConfig: Setting CVar [[r.DetailMode:2]]
[2019.10.22-17.39.13:167][  0]LogConfig: Setting CVar [[r.TranslucencyVolumeBlur:1]]
[2019.10.22-17.39.13:167][  0]LogConfig: Setting CVar [[r.MaterialQualityLevel:1 ; High quality]]
[2019.10.22-17.39.13:167][  0]LogConfig: Setting CVar [[r.SSS.Scale:1]]
[2019.10.22-17.39.13:167][  0]LogConfig: Setting CVar [[r.SSS.SampleSet:2]]
[2019.10.22-17.39.13:167][  0]LogConfig: Setting CVar [[r.SSS.Quality:1]]
[2019.10.22-17.39.13:167][  0]LogConfig: Setting CVar [[r.SSS.HalfRes:1]]
[2019.10.22-17.39.13:167][  0]LogConfig: Setting CVar [[r.EmitterSpawnRateScale:1.0]]
[2019.10.22-17.39.13:167][  0]LogConfig: Setting CVar [[r.ParticleLightQuality:2]]
[2019.10.22-17.39.13:167][  0]LogConfig: Applying CVar settings from Section [FoliageQuality@3] File [C:/Users/soneil/Documents/Unreal Projects/ONeil_Escape_Class/Saved/Config/Windows/Scalability.ini]
[2019.10.22-17.39.13:167][  0]LogConfig: Setting CVar [[foliage.DensityScale:1.0]]
[2019.10.22-17.39.13:167][  0]LogConfig: Setting CVar [[grass.DensityScale:1.0]]
[2019.10.22-17.39.13:167][  0]LogConfig: Applying CVar settings from Section [Startup] File [../../../Engine/Config/ConsoleVariables.ini]
[2019.10.22-17.39.13:167][  0]LogConfig: Setting CVar [[net.UseAdaptiveNetUpdateFrequency:0]]
[2019.10.22-17.39.13:167][  0]LogConfig: Setting CVar [[p.chaos.AllowCreatePhysxBodies:1]]
[2019.10.22-17.39.13:167][  0]LogConfig: Applying CVar settings from Section [ConsoleVariables] File [C:/Users/soneil/Documents/Unreal Projects/ONeil_Escape_Class/Saved/Config/Windows/Engine.ini]
[2019.10.22-17.39.13:167][  0]LogInit: Computer: NQSCGL-MSI-08
[2019.10.22-17.39.13:167][  0]LogInit: User: soneil
[2019.10.22-17.39.13:167][  0]LogInit: CPU Page size=4096, Cores=4
[2019.10.22-17.39.13:167][  0]LogInit: High frequency timer resolution =10.000000 MHz
[2019.10.22-17.39.13:168][  0]LogMemory: Memory total: Physical=31.9GB (32GB approx)
[2019.10.22-17.39.13:168][  0]LogMemory: Platform Memory Stats for Windows
[2019.10.22-17.39.13:168][  0]LogMemory: Process Physical Memory: 100.95 MB used, 100.95 MB peak
[2019.10.22-17.39.13:168][  0]LogMemory: Process Virtual Memory: 100.78 MB used, 100.78 MB peak
[2019.10.22-17.39.13:168][  0]LogMemory: Physical Memory: 6505.52 MB used,  26207.00 MB free, 32712.53 MB total
[2019.10.22-17.39.13:168][  0]LogMemory: Virtual Memory: 4668.52 MB used,  134213056.00 MB free, 134217728.00 MB total
[2019.10.22-17.39.13:170][  0]LogWindows: WindowsPlatformFeatures enabled
[2019.10.22-17.39.13:187][  0]LogInit: Using OS detected language (en-US).
[2019.10.22-17.39.13:187][  0]LogInit: Using OS detected locale (en-US).
[2019.10.22-17.39.13:188][  0]LogTextLocalizationManager: No specific localization for 'en-US' exists, so the 'en' localization will be used.
[2019.10.22-17.39.13:328][  0]LogInit: Setting process to per monitor DPI aware
[2019.10.22-17.39.13:357][  0]LogSlate: New Slate User Created.  User Index 0, Is Virtual User: 0
[2019.10.22-17.39.13:357][  0]LogSlate: Slate User Registered.  User Index 0, Is Virtual User: 0
[2019.10.22-17.39.13:550][  0]LogHMD: Failed to initialize OpenVR with code 110
[2019.10.22-17.39.13:550][  0]LogD3D11RHI: D3D11 adapters:
[2019.10.22-17.39.13:614][  0]LogD3D11RHI:    0. 'NVIDIA GeForce GTX 1070' (Feature Level 11_0)
[2019.10.22-17.39.13:614][  0]LogD3D11RHI:       8088/0/16356 MB DedicatedVideo/DedicatedSystem/SharedSystem, Outputs:1, VendorId:0x10de
[2019.10.22-17.39.13:616][  0]LogD3D11RHI:    1. 'Microsoft Basic Render Driver' (Feature Level 11_0)
[2019.10.22-17.39.13:616][  0]LogD3D11RHI:       0/0/16356 MB DedicatedVideo/DedicatedSystem/SharedSystem, Outputs:0, VendorId:0x1414
[2019.10.22-17.39.13:616][  0]LogD3D11RHI: Chosen D3D11 Adapter: 0
[2019.10.22-17.39.13:622][  0]LogD3D11RHI: Creating new Direct3DDevice
[2019.10.22-17.39.13:622][  0]LogD3D11RHI:     GPU DeviceId: 0x1b81 (for the marketing name, search the web for "GPU Device Id")
[2019.10.22-17.39.13:622][  0]LogWindows: EnumDisplayDevices:
[2019.10.22-17.39.13:622][  0]LogWindows:    0. 'NVIDIA GeForce GTX 1070' (P:1 D:1)
[2019.10.22-17.39.13:622][  0]LogWindows:    1. 'NVIDIA GeForce GTX 1070' (P:0 D:0)
[2019.10.22-17.39.13:623][  0]LogWindows:    2. 'NVIDIA GeForce GTX 1070' (P:0 D:0)
[2019.10.22-17.39.13:623][  0]LogWindows:    3. 'NVIDIA GeForce GTX 1070' (P:0 D:0)
[2019.10.22-17.39.13:623][  0]LogWindows: DebugString: FoundDriverCount:4 
[2019.10.22-17.39.13:623][  0]LogD3D11RHI:     Adapter Name: NVIDIA GeForce GTX 1070
[2019.10.22-17.39.13:623][  0]LogD3D11RHI:   Driver Version: 430.86 (internal:26.21.14.3086, unified:430.86)
[2019.10.22-17.39.13:623][  0]LogD3D11RHI:      Driver Date: 5-22-2019
[2019.10.22-17.39.13:623][  0]LogRHI: Texture pool is 5661 MB (70% of 8088 MB)
[2019.10.22-17.39.13:665][  0]LogD3D11RHI: Async texture creation enabled
[2019.10.22-17.39.13:676][  0]LogD3D11RHI: GPU Timing Frequency: 1000.000000 (Debug: 2 1)
[2019.10.22-17.39.14:001][  0]LogTemp: Display: Module 'AllDesktopTargetPlatform' loaded TargetPlatform 'AllDesktop'
[2019.10.22-17.39.14:009][  0]LogTemp: Display: Module 'MacClientTargetPlatform' loaded TargetPlatform 'MacClient'
[2019.10.22-17.39.14:015][  0]LogTemp: Display: Module 'MacNoEditorTargetPlatform' loaded TargetPlatform 'MacNoEditor'
[2019.10.22-17.39.14:023][  0]LogTemp: Display: Module 'MacServerTargetPlatform' loaded TargetPlatform 'MacServer'
[2019.10.22-17.39.14:031][  0]LogTemp: Display: Module 'MacTargetPlatform' loaded TargetPlatform 'Mac'
[2019.10.22-17.39.14:039][  0]LogTemp: Display: Module 'WindowsClientTargetPlatform' loaded TargetPlatform 'WindowsClient'
[2019.10.22-17.39.14:047][  0]LogTemp: Display: Module 'WindowsNoEditorTargetPlatform' loaded TargetPlatform 'WindowsNoEditor'
[2019.10.22-17.39.14:054][  0]LogTemp: Display: Module 'WindowsServerTargetPlatform' loaded TargetPlatform 'WindowsServer'
[2019.10.22-17.39.14:058][  0]LogTemp: Display: Module 'WindowsTargetPlatform' loaded TargetPlatform 'Windows'
[2019.10.22-17.39.14:086][  0]LogTemp: Display: Module 'AndroidTargetPlatform' loaded TargetPlatform 'Android'
[2019.10.22-17.39.14:086][  0]LogTemp: Display: Module 'AndroidTargetPlatform' loaded TargetPlatform 'Android_ASTC'
[2019.10.22-17.39.14:086][  0]LogTemp: Display: Module 'AndroidTargetPlatform' loaded TargetPlatform 'Android_ATC'
[2019.10.22-17.39.14:086][  0]LogTemp: Display: Module 'AndroidTargetPlatform' loaded TargetPlatform 'Android_DXT'
[2019.10.22-17.39.14:086][  0]LogTemp: Display: Module 'AndroidTargetPlatform' loaded TargetPlatform 'Android_ETC1'
[2019.10.22-17.39.14:086][  0]LogTemp: Display: Module 'AndroidTargetPlatform' loaded TargetPlatform 'Android_ETC1a'
[2019.10.22-17.39.14:086][  0]LogTemp: Display: Module 'AndroidTargetPlatform' loaded TargetPlatform 'Android_ETC2'
[2019.10.22-17.39.14:086][  0]LogTemp: Display: Module 'AndroidTargetPlatform' loaded TargetPlatform 'Android_PVRTC'
[2019.10.22-17.39.14:086][  0]LogTemp: Display: Module 'AndroidTargetPlatform' loaded TargetPlatform 'AndroidClient'
[2019.10.22-17.39.14:086][  0]LogTemp: Display: Module 'AndroidTargetPlatform' loaded TargetPlatform 'Android_ASTCClient'
[2019.10.22-17.39.14:086][  0]LogTemp: Display: Module 'AndroidTargetPlatform' loaded TargetPlatform 'Android_ATCClient'
[2019.10.22-17.39.14:086][  0]LogTemp: Display: Module 'AndroidTargetPlatform' loaded TargetPlatform 'Android_DXTClient'
[2019.10.22-17.39.14:086][  0]LogTemp: Display: Module 'AndroidTargetPlatform' loaded TargetPlatform 'Android_ETC1Client'
[2019.10.22-17.39.14:086][  0]LogTemp: Display: Module 'AndroidTargetPlatform' loaded TargetPlatform 'Android_ETC1aClient'
[2019.10.22-17.39.14:086][  0]LogTemp: Display: Module 'AndroidTargetPlatform' loaded TargetPlatform 'Android_ETC2Client'
[2019.10.22-17.39.14:086][  0]LogTemp: Display: Module 'AndroidTargetPlatform' loaded TargetPlatform 'Android_PVRTCClient'
[2019.10.22-17.39.14:086][  0]LogTemp: Display: Module 'AndroidTargetPlatform' loaded TargetPlatform 'Android_Multi'
[2019.10.22-17.39.14:086][  0]LogTemp: Display: Module 'AndroidTargetPlatform' loaded TargetPlatform 'Android_MultiClient'
[2019.10.22-17.39.14:088][  0]LogTemp: Display: Module 'HTML5TargetPlatform' loaded TargetPlatform 'HTML5'
[2019.10.22-17.39.14:103][  0]LogTemp: Display: Module 'IOSTargetPlatform' loaded TargetPlatform 'IOSClient'
[2019.10.22-17.39.14:103][  0]LogTemp: Display: Module 'IOSTargetPlatform' loaded TargetPlatform 'IOS'
[2019.10.22-17.39.14:115][  0]LogTemp: Display: Module 'TVOSTargetPlatform' loaded TargetPlatform 'TVOSClient'
[2019.10.22-17.39.14:115][  0]LogTemp: Display: Module 'TVOSTargetPlatform' loaded TargetPlatform 'TVOS'
[2019.10.22-17.39.14:121][  0]LogTemp: Display: Module 'LinuxClientTargetPlatform' loaded TargetPlatform 'LinuxClient'
[2019.10.22-17.39.14:127][  0]LogTemp: Display: Module 'LinuxNoEditorTargetPlatform' loaded TargetPlatform 'LinuxNoEditor'
[2019.10.22-17.39.14:133][  0]LogTemp: Display: Module 'LinuxServerTargetPlatform' loaded TargetPlatform 'LinuxServer'
[2019.10.22-17.39.14:140][  0]LogTemp: Display: Module 'LinuxTargetPlatform' loaded TargetPlatform 'Linux'
[2019.10.22-17.39.14:161][  0]LogTemp: Display: Module 'LuminTargetPlatform' loaded TargetPlatform 'Lumin'
[2019.10.22-17.39.14:161][  0]LogTemp: Display: Module 'LuminTargetPlatform' loaded TargetPlatform 'LuminClient'
[2019.10.22-17.39.14:161][  0]LogTargetPlatformManager: Display: Building Assets For Windows
[2019.10.22-17.39.14:169][  0]LogAudioDebug: Display: Lib vorbis DLL was dynamically loaded.
[2019.10.22-17.39.14:216][  0]LogShaderCompilers: Guid format shader working directory is -29 characters bigger than the processId version (../../../../../../Users/soneil/Documents/Unreal Projects/ONeil_Escape_Class/Intermediate/Shaders/WorkingDirectory/11076/).
[2019.10.22-17.39.14:216][  0]LogShaderCompilers: Cleaned the shader compiler working directory 'C:/Users/soneil/AppData/Local/Temp/UnrealShaderWorkingDir/0AE22F5F4A5D41B5FB6ED785B3CA086F/'.
[2019.10.22-17.39.14:218][  0]LogXGEController: Cannot use XGE Controller as Incredibuild is not installed on this machine.
[2019.10.22-17.39.14:218][  0]LogShaderCompilers: Cannot use XGE Shader Compiler as Incredibuild is not installed on this machine.
[2019.10.22-17.39.14:218][  0]LogShaderCompilers: Display: Using Local Shader Compiler.
[2019.10.22-17.39.14:759][  0]LogDerivedDataCache: Display: Max Cache Size: 512 MB
[2019.10.22-17.39.14:804][  0]LogDerivedDataCache: Loaded boot cache 0.04s 73MB C:/Users/soneil/AppData/Local/UnrealEngine/4.23/DerivedDataCache/Boot.ddc.
[2019.10.22-17.39.14:804][  0]LogDerivedDataCache: Display: Loaded Boot cache: C:/Users/soneil/AppData/Local/UnrealEngine/4.23/DerivedDataCache/Boot.ddc
[2019.10.22-17.39.14:804][  0]LogDerivedDataCache: FDerivedDataBackendGraph:  Pak pak cache file ../../../../../../Users/soneil/Documents/Unreal Projects/ONeil_Escape_Class/DerivedDataCache/DDC.ddp not found, will not use a pak cache.
[2019.10.22-17.39.14:804][  0]LogDerivedDataCache: Unable to find inner node Pak for hierarchical cache Hierarchy.
[2019.10.22-17.39.14:804][  0]LogDerivedDataCache: FDerivedDataBackendGraph:  CompressedPak pak cache file ../../../../../../Users/soneil/Documents/Unreal Projects/ONeil_Escape_Class/DerivedDataCache/Compressed.ddp not found, will not use a pak cache.
[2019.10.22-17.39.14:804][  0]LogDerivedDataCache: Unable to find inner node CompressedPak for hierarchical cache Hierarchy.
[2019.10.22-17.39.14:813][  0]LogDerivedDataCache: Display: Pak cache opened for reading ../../../Engine/DerivedDataCache/Compressed.ddp.
[2019.10.22-17.39.14:813][  0]LogDerivedDataCache: FDerivedDataBackendGraph:  EnterprisePak pak cache file ../../../Enterprise/DerivedDataCache/Compressed.ddp not found, will not use a pak cache.
[2019.10.22-17.39.14:813][  0]LogDerivedDataCache: Unable to find inner node EnterprisePak for hierarchical cache Hierarchy.
[2019.10.22-17.39.14:815][  0]LogDerivedDataCache: Using Local data cache path C:/Users/soneil/AppData/Local/UnrealEngine/Common/DerivedDataCache: Writable
[2019.10.22-17.39.14:815][  0]LogDerivedDataCache: Shared data cache path not found in *engine.ini, will not use an Shared cache.
[2019.10.22-17.39.14:815][  0]LogDerivedDataCache: Unable to find inner node Shared for hierarchical cache Hierarchy.
[2019.10.22-17.39.14:832][  0]LogMaterial: Verifying Global Shaders for PCD3D_SM5
[2019.10.22-17.39.14:834][  0]LogSlate: Using FreeType 2.6.0
[2019.10.22-17.39.14:834][  0]LogSlate: SlateFontServices - WITH_FREETYPE: 1, WITH_HARFBUZZ: 1
[2019.10.22-17.39.14:891][  0]LogAssetRegistry: FAssetRegistry took 0.0020 seconds to start up
[2019.10.22-17.39.15:107][  0]LogInit: Selected Device Profile: [Windows]
[2019.10.22-17.39.15:231][  0]LogMeshReduction: Using QuadricMeshReduction for automatic static mesh reduction
[2019.10.22-17.39.15:231][  0]LogMeshReduction: Using SimplygonMeshReduction for automatic skeletal mesh reduction
[2019.10.22-17.39.15:231][  0]LogMeshReduction: Using ProxyLODMeshReduction for automatic mesh merging
[2019.10.22-17.39.15:231][  0]LogMeshReduction: No distributed automatic mesh merging module available
[2019.10.22-17.39.15:231][  0]LogMeshMerging: No distributed automatic mesh merging module available
[2019.10.22-17.39.15:238][  0]LogNetVersion: ONeil_Escape_Class 1.0.0, NetCL: 8386587, EngineNetVer: 11, GameNetVer: 0 (Checksum: 136843266)
[2019.10.22-17.39.15:568][  0]LogPackageLocalizationCache: Processed 12 localized package path(s) for 1 prioritized culture(s) in 0.036534 seconds
[2019.10.22-17.39.15:574][  0]LogUObjectArray: 43444 objects as part of root set at end of initial load.
[2019.10.22-17.39.15:574][  0]LogUObjectAllocator: 7548648 out of 0 bytes used by permanent object pool.
[2019.10.22-17.39.15:574][  0]LogUObjectArray: CloseDisregardForGC: 0/0 objects in disregard for GC pool
[2019.10.22-17.39.16:384][  0]LogTcpMessaging: Initializing TcpMessaging bridge
[2019.10.22-17.39.16:387][  0]LogUdpMessaging: Initializing bridge on interface 0.0.0.0:0 to multicast group 230.0.0.1:6666.
[2019.10.22-17.39.16:432][  0]SourceControl: Source control is disabled
[2019.10.22-17.39.16:432][  0]SourceControl: Source control is disabled
[2019.10.22-17.39.16:433][  0]SourceControl: Source control is disabled
[2019.10.22-17.39.16:434][  0]SourceControl: Source control is disabled
[2019.10.22-17.39.16:440][  0]LogVSAccessor: Display: Unable to create Visual Studio setup instance: 80040154
[2019.10.22-17.39.16:440][  0]LogVSAccessor: Display: Unable to create Visual Studio setup instance: 80040154
[2019.10.22-17.39.16:511][  0]LogAndroidPermission: UAndroidPermissionCallbackProxy::GetInstance
[2019.10.22-17.39.16:682][  0]LogOcInput: OculusInput pre-init called
[2019.10.22-17.39.16:688][  0]LogWindows: Failed to load 'OVRPlugin.dll' (GetLastError=126)
[2019.10.22-17.39.16:688][  0]LogWindows: File 'OVRPlugin.dll' does not exist
[2019.10.22-17.39.16:747][  0]LogEngine: Initializing Engine...
[2019.10.22-17.39.16:747][  0]LogHMD: Failed to initialize OpenVR with code 110
[2019.10.22-17.39.16:748][  0]LogStats: UGameplayTagsManager::InitializeManager -  0.000 s
[2019.10.22-17.39.16:931][  0]LogInit: Initializing FReadOnlyCVARCache
[2019.10.22-17.39.16:945][  0]LogAIModule: Creating AISystem for world Untitled
[2019.10.22-17.39.16:980][  0]LogInit: XAudio2 using 'Speakers (USB Audio Device)' : 2 channels at 48 kHz using 16 bits per sample (channel mask 0x3)
[2019.10.22-17.39.17:007][  0]LogInit: FAudioDevice initialized.
[2019.10.22-17.39.17:007][  0]LogNetVersion: Set ProjectVersion to 1.0.0.0. Version Checksum will be recalculated on next use.
[2019.10.22-17.39.17:104][  0]LogDerivedDataCache: Saved boot cache 0.10s 73MB C:/Users/soneil/AppData/Local/UnrealEngine/4.23/DerivedDataCache/Boot.ddc.
[2019.10.22-17.39.17:108][  0]LogInit: Texture streaming: Enabled
[2019.10.22-17.39.17:127][  0]LogEngineSessionManager: EngineSessionManager initialized
[2019.10.22-17.39.17:168][  0]LogInit: Transaction tracking system initialized
[2019.10.22-17.39.17:197][  0]BlueprintLog: New page: Editor Load
[2019.10.22-17.39.17:267][  0]LocalizationService: Localization service is disabled
[2019.10.22-17.39.17:321][  0]LogVSAccessor: Display: Unable to create Visual Studio setup instance: 80040154
[2019.10.22-17.39.17:322][  0]LogVSAccessor: Display: Unable to create Visual Studio setup instance: 80040154
[2019.10.22-17.39.17:485][  0]LogFileCache: Scanning file cache for directory 'C:/Users/soneil/Documents/Unreal Projects/ONeil_Escape_Class/Content/' took 0.00s
[2019.10.22-17.39.17:485][  0]LogCook: Display: Max memory allowance for cook 16384mb min free memory 0mb
[2019.10.22-17.39.17:485][  0]LogCook: Display: Mobile HDR setting 1
[2019.10.22-17.39.17:656][  0]SourceControl: Source control is disabled
[2019.10.22-17.39.17:656][  0]Cmd: MAP LOAD FILE="../../../../../../Users/soneil/Documents/Unreal Projects/ONeil_Escape_Class/Content/FirstPersonBP/Maps/FirstPersonExampleMap.umap" TEMPLATE=0 SHOWPROGRESS=1 FEATURELEVEL=3
[2019.10.22-17.39.17:657][  0]LightingResults: New page: Lighting Build
[2019.10.22-17.39.17:659][  0]LogWorld: UWorld::CleanupWorld for Untitled, bSessionEnded=true, bCleanupResources=true
[2019.10.22-17.39.17:660][  0]MapCheck: New page: Map Check
[2019.10.22-17.39.17:660][  0]LightingResults: New page: Lighting Build
[2019.10.22-17.39.17:680][  0]LogUObjectHash: Compacting FUObjectHashTables data took   1.30ms
[2019.10.22-17.39.18:050][  0]LogMaterial: Display: Missing cached shader map for material M_Brick_Clay_SCOTT, compiling. 
[2019.10.22-17.39.18:483][  0]LogShaderCompilers: Display: Worker (1/5): shaders left to compile 22
[2019.10.22-17.39.18:483][  0]LogShaderCompilers: Display: Worker (2/5): shaders left to compile 17
[2019.10.22-17.39.18:483][  0]LogShaderCompilers: Display: Worker (3/5): shaders left to compile 12
[2019.10.22-17.39.18:483][  0]LogShaderCompilers: Display: Worker (4/5): shaders left to compile 7
[2019.10.22-17.39.18:483][  0]LogShaderCompilers: Display: Worker (5/5): shaders left to compile 2
[2019.10.22-17.39.18:502][  0]LogAIModule: Creating AISystem for world FirstPersonExampleMap
[2019.10.22-17.39.18:531][  0]LogEditorServer: Finished looking for orphan Actors (0.000 secs)
[2019.10.22-17.39.18:565][  0]LogUObjectHash: Compacting FUObjectHashTables data took   2.87ms
[2019.10.22-17.39.18:565][  0]Cmd: MAP CHECKDEP NOCLEARLOG
[2019.10.22-17.39.18:566][  0]MapCheck: Map check complete: 0 Error(s), 0 Warning(s), took 0.183ms to complete.
[2019.10.22-17.39.18:566][  0]LogFileHelpers: Loading map 'FirstPersonExampleMap' took 0.910
[2019.10.22-17.39.18:658][  0]LogSlate: Updating window title bar state: overlay mode, drag disabled, window buttons hidden, title bar hidden
[2019.10.22-17.39.18:664][  0]LogSlate: Updating window title bar state: overlay mode, drag disabled, window buttons hidden, title bar hidden
[2019.10.22-17.39.18:670][  0]LogSlate: Updating window title bar state: overlay mode, drag disabled, window buttons hidden, title bar hidden
[2019.10.22-17.39.18:675][  0]LogSlate: Updating window title bar state: overlay mode, drag disabled, window buttons hidden, title bar hidden
[2019.10.22-17.39.18:682][  0]LogCollectionManager: Loaded 0 collections in 0.001811 seconds
[2019.10.22-17.39.18:688][  0]LogFileCache: Scanning file cache for directory 'C:/Users/soneil/Documents/Unreal Projects/ONeil_Escape_Class/Saved/Collections/' took 0.00s
[2019.10.22-17.39.18:688][  0]LogFileCache: Scanning file cache for directory 'C:/Users/soneil/Documents/Unreal Projects/ONeil_Escape_Class/Content/Developers/soneil/Collections/' took 0.00s
[2019.10.22-17.39.18:688][  0]LogFileCache: Scanning file cache for directory 'C:/Users/soneil/Documents/Unreal Projects/ONeil_Escape_Class/Content/Collections/' took 0.00s
[2019.10.22-17.39.18:688][  0]LogCollectionManager: Rebuilt the GUID cache for 0 collections in 0.000001 seconds
[2019.10.22-17.39.18:695][  0]LogContentBrowser: Native class hierarchy populated in 0.0069 seconds. Added 2863 classes and 680 folders.
[2019.10.22-17.39.18:701][  0]LogContentBrowser: Native class hierarchy updated for 'WidgetCarousel' in 0.0002 seconds. Added 0 classes and 0 folders.
[2019.10.22-17.39.18:771][  0]LogContentBrowser: Native class hierarchy updated for 'AddContentDialog' in 0.0003 seconds. Added 0 classes and 0 folders.
[2019.10.22-17.39.18:837][  0]LogContentBrowser: Native class hierarchy updated for 'SceneOutliner' in 0.0003 seconds. Added 1 classes and 2 folders.
[2019.10.22-17.39.18:894][  0]LogSlate: Took 0.000286 seconds to synchronously load lazily loaded font '../../../Engine/Content/Slate/Fonts/Roboto-Regular.ttf' (155K)
[2019.10.22-17.39.18:896][  0]LogSlate: Took 0.000242 seconds to synchronously load lazily loaded font '../../../Engine/Content/Slate/Fonts/Roboto-Bold.ttf' (160K)
[2019.10.22-17.39.18:901][  0]LogSlate: Took 0.000241 seconds to synchronously load lazily loaded font '../../../Engine/Content/Editor/Slate/Fonts/FontAwesome.ttf' (139K)
[2019.10.22-17.39.18:992][  0]LogRenderer: Reallocating scene render targets to support 1056x556 Format 10 NumSamples 1 (Frame:1).
[2019.10.22-17.39.19:143][  0]LogSlate: FSceneViewport::OnFocusLost() reason 5
[2019.10.22-17.39.19:158][  0]LogSlate: Window 'Tutorials' being destroyed
[2019.10.22-17.39.19:167][  0]LogContentBrowser: Native class hierarchy updated for 'HierarchicalLODOutliner' in 0.0002 seconds. Added 0 classes and 0 folders.
[2019.10.22-17.39.19:167][  0]LogLoad: (Engine Initialization) Total time: 7.03 seconds
[2019.10.22-17.39.19:167][  0]LogLoad: (Engine Initialization) Total Blueprint compile time: 0.00 seconds
[2019.10.22-17.39.19:212][  0]LogAssetRegistry: Asset discovery search completed in 4.3218 seconds
[2019.10.22-17.39.19:215][  0]LogCollectionManager: Rebuilt the object cache for 0 collections in 0.000004 seconds (found 0 objects)
[2019.10.22-17.39.19:215][  0]LogCollectionManager: Fixed up redirectors for 0 collections in 0.000040 seconds (updated 0 objects)
[2019.10.22-17.39.19:216][  0]LogContentStreaming: Texture pool size now 1000 MB
[2019.10.22-17.39.19:240][  0]LogSlate: Took 0.000196 seconds to synchronously load lazily loaded font '../../../Engine/Content/Slate/Fonts/Roboto-Light.ttf' (167K)
[2019.10.22-17.43.18:655][486]LogSlate: FSceneViewport::OnFocusLost() reason 0
[2019.10.22-18.26.45:738][399]LogSlate: FSceneViewport::OnFocusLost() reason 0
[2019.10.22-18.26.45:820][409]LogTemp: Repeating last play command: Selected Viewport
[2019.10.22-18.26.45:828][409]LogBlueprintUserMessages: Early PlayInEditor Detection: Level '/Game/FirstPersonBP/Maps/FirstPersonExampleMap.FirstPersonExampleMap:PersistentLevel' has LevelScriptBlueprint '/Game/FirstPersonBP/Maps/FirstPersonExampleMap.FirstPersonExampleMap:PersistentLevel.FirstPersonExampleMap' with GeneratedClass '/Game/FirstPersonBP/Maps/FirstPersonExampleMap.FirstPersonExampleMap_C' with ClassGeneratedBy '/Game/FirstPersonBP/Maps/FirstPersonExampleMap.FirstPersonExampleMap:PersistentLevel.FirstPersonExampleMap'
[2019.10.22-18.26.45:828][409]LogPlayLevel: PlayLevel: No blueprints needed recompiling
[2019.10.22-18.26.45:858][409]PIE: New page: PIE session: FirstPersonExampleMap (Oct 22, 2019, 10:26:45 AM)
[2019.10.22-18.26.45:859][409]LogOnline: OSS: Creating online subsystem instance for: NULL
[2019.10.22-18.26.45:860][409]LogPlayLevel: Creating play world package: /Game/FirstPersonBP/Maps/UEDPIE_0_FirstPersonExampleMap
[2019.10.22-18.26.45:887][409]LogPlayLevel: PIE: StaticDuplicateObject took: (0.027018s)
[2019.10.22-18.26.45:888][409]LogAIModule: Creating AISystem for world FirstPersonExampleMap
[2019.10.22-18.26.45:888][409]LogPlayLevel: PIE: World Init took: (0.001084s)
[2019.10.22-18.26.45:888][409]LogPlayLevel: PIE: Created PIE world by copying editor world from /Game/FirstPersonBP/Maps/FirstPersonExampleMap.FirstPersonExampleMap to /Game/FirstPersonBP/Maps/UEDPIE_0_FirstPersonExampleMap.FirstPersonExampleMap (0.028364s)
[2019.10.22-18.26.45:908][409]LogUObjectHash: Compacting FUObjectHashTables data took   1.33ms
[2019.10.22-18.26.45:940][409]LogInit: XAudio2 using 'Speakers (USB Audio Device)' : 2 channels at 48 kHz using 16 bits per sample (channel mask 0x3)
[2019.10.22-18.26.45:952][409]LogInit: FAudioDevice initialized.
[2019.10.22-18.26.45:959][409]LogLoad: Game class is 'FirstPersonGameMode_C'
[2019.10.22-18.26.45:987][409]LogWorld: Bringing World /Game/FirstPersonBP/Maps/UEDPIE_0_FirstPersonExampleMap.FirstPersonExampleMap up for play (max tick rate 0) at 2019.10.22-14.26.45
[2019.10.22-18.26.46:000][409]LogWorld: Bringing up level for play took: 0.015538
[2019.10.22-18.26.46:000][409]LogOnline: OSS: Creating online subsystem instance for: :Context_4
[2019.10.22-18.26.46:018][409]LogContentBrowser: Native class hierarchy updated for 'MovieSceneCapture' in 0.0003 seconds. Added 20 classes and 0 folders.
[2019.10.22-18.26.46:019][409]PIE: Play in editor start time for /Game/FirstPersonBP/Maps/UEDPIE_0_FirstPersonExampleMap 0.516
[2019.10.22-18.26.46:019][409]LogBlueprintUserMessages: Late PlayInEditor Detection: Level '/Game/FirstPersonBP/Maps/FirstPersonExampleMap.FirstPersonExampleMap:PersistentLevel' has LevelScriptBlueprint '/Game/FirstPersonBP/Maps/FirstPersonExampleMap.FirstPersonExampleMap:PersistentLevel.FirstPersonExampleMap' with GeneratedClass '/Game/FirstPersonBP/Maps/FirstPersonExampleMap.FirstPersonExampleMap_C' with ClassGeneratedBy '/Game/FirstPersonBP/Maps/FirstPersonExampleMap.FirstPersonExampleMap:PersistentLevel.FirstPersonExampleMap'
[2019.10.22-18.26.55:181][499]LogBlueprintUserMessages: Early EndPlayMap Detection: Level '/Game/FirstPersonBP/Maps/FirstPersonExampleMap.FirstPersonExampleMap:PersistentLevel' has LevelScriptBlueprint '/Game/FirstPersonBP/Maps/FirstPersonExampleMap.FirstPersonExampleMap:PersistentLevel.FirstPersonExampleMap' with GeneratedClass '/Game/FirstPersonBP/Maps/FirstPersonExampleMap.FirstPersonExampleMap_C' with ClassGeneratedBy '/Game/FirstPersonBP/Maps/FirstPersonExampleMap.FirstPersonExampleMap:PersistentLevel.FirstPersonExampleMap'
[2019.10.22-18.26.55:181][499]LogSlate: Updating window title bar state: overlay mode, drag disabled, window buttons hidden, title bar hidden
[2019.10.22-18.26.55:181][499]LogWorld: BeginTearingDown for /Game/FirstPersonBP/Maps/UEDPIE_0_FirstPersonExampleMap
[2019.10.22-18.26.55:181][499]LogWorld: UWorld::CleanupWorld for FirstPersonExampleMap, bSessionEnded=true, bCleanupResources=true
[2019.10.22-18.26.55:191][499]LogPlayLevel: Display: Shutting down PIE online subsystems
[2019.10.22-18.26.55:191][499]LogBlueprintUserMessages: Late EndPlayMap Detection: Level '/Game/FirstPersonBP/Maps/FirstPersonExampleMap.FirstPersonExampleMap:PersistentLevel' has LevelScriptBlueprint '/Game/FirstPersonBP/Maps/FirstPersonExampleMap.FirstPersonExampleMap:PersistentLevel.FirstPersonExampleMap' with GeneratedClass '/Game/FirstPersonBP/Maps/FirstPersonExampleMap.FirstPersonExampleMap_C' with ClassGeneratedBy '/Game/FirstPersonBP/Maps/FirstPersonExampleMap.FirstPersonExampleMap:PersistentLevel.FirstPersonExampleMap'
[2019.10.22-18.26.55:213][499]LogSlate: Updating window title bar state: overlay mode, drag disabled, window buttons hidden, title bar hidden
[2019.10.22-18.26.55:216][499]LogUObjectHash: Compacting FUObjectHashTables data took   1.39ms
[2019.10.22-18.26.55:288][506]LogPlayLevel: Display: Destroying online subsystem :Context_4
[2019.10.22-18.26.58:318][868]LogSlate: FSceneViewport::OnFocusLost() reason 0
[2019.10.22-18.26.58:401][878]LogTemp: Repeating last play command: Selected Viewport
[2019.10.22-18.26.58:409][878]LogBlueprintUserMessages: Early PlayInEditor Detection: Level '/Game/FirstPersonBP/Maps/FirstPersonExampleMap.FirstPersonExampleMap:PersistentLevel' has LevelScriptBlueprint '/Game/FirstPersonBP/Maps/FirstPersonExampleMap.FirstPersonExampleMap:PersistentLevel.FirstPersonExampleMap' with GeneratedClass '/Game/FirstPersonBP/Maps/FirstPersonExampleMap.FirstPersonExampleMap_C' with ClassGeneratedBy '/Game/FirstPersonBP/Maps/FirstPersonExampleMap.FirstPersonExampleMap:PersistentLevel.FirstPersonExampleMap'
[2019.10.22-18.26.58:409][878]LogPlayLevel: PlayLevel: No blueprints needed recompiling
[2019.10.22-18.26.58:409][878]PIE: New page: PIE session: FirstPersonExampleMap (Oct 22, 2019, 10:26:58 AM)
[2019.10.22-18.26.58:409][878]LogPlayLevel: Creating play world package: /Game/FirstPersonBP/Maps/UEDPIE_0_FirstPersonExampleMap
[2019.10.22-18.26.58:432][878]LogPlayLevel: PIE: StaticDuplicateObject took: (0.023362s)
[2019.10.22-18.26.58:433][878]LogAIModule: Creating AISystem for world FirstPersonExampleMap
[2019.10.22-18.26.58:433][878]LogPlayLevel: PIE: World Init took: (0.000838s)
[2019.10.22-18.26.58:433][878]LogPlayLevel: PIE: Created PIE world by copying editor world from /Game/FirstPersonBP/Maps/FirstPersonExampleMap.FirstPersonExampleMap to /Game/FirstPersonBP/Maps/UEDPIE_0_FirstPersonExampleMap.FirstPersonExampleMap (0.024337s)
[2019.10.22-18.26.58:452][878]LogUObjectHash: Compacting FUObjectHashTables data took   1.16ms
[2019.10.22-18.26.58:483][878]LogInit: XAudio2 using 'Speakers (USB Audio Device)' : 2 channels at 48 kHz using 16 bits per sample (channel mask 0x3)
[2019.10.22-18.26.58:494][878]LogInit: FAudioDevice initialized.
[2019.10.22-18.26.58:499][878]LogLoad: Game class is 'FirstPersonGameMode_C'
[2019.10.22-18.26.58:502][878]LogWorld: Bringing World /Game/FirstPersonBP/Maps/UEDPIE_0_FirstPersonExampleMap.FirstPersonExampleMap up for play (max tick rate 0) at 2019.10.22-14.26.58
[2019.10.22-18.26.58:502][878]LogWorld: Bringing up level for play took: 0.002712
[2019.10.22-18.26.58:502][878]LogOnline: OSS: Creating online subsystem instance for: :Context_5
[2019.10.22-18.26.58:505][878]PIE: Play in editor start time for /Game/FirstPersonBP/Maps/UEDPIE_0_FirstPersonExampleMap 1.003
[2019.10.22-18.26.58:505][878]LogBlueprintUserMessages: Late PlayInEditor Detection: Level '/Game/FirstPersonBP/Maps/FirstPersonExampleMap.FirstPersonExampleMap:PersistentLevel' has LevelScriptBlueprint '/Game/FirstPersonBP/Maps/FirstPersonExampleMap.FirstPersonExampleMap:PersistentLevel.FirstPersonExampleMap' with GeneratedClass '/Game/FirstPersonBP/Maps/FirstPersonExampleMap.FirstPersonExampleMap_C' with ClassGeneratedBy '/Game/FirstPersonBP/Maps/FirstPersonExampleMap.FirstPersonExampleMap:PersistentLevel.FirstPersonExampleMap'
[2019.10.22-18.29.01:387][612]LogNet: Browse: /Game/FirstPersonBP/Maps/FirstPersonExampleMap
[2019.10.22-18.29.01:387][612]LogLoad: LoadMap: /Game/FirstPersonBP/Maps/FirstPersonExampleMap
[2019.10.22-18.29.01:387][612]LogWorld: BeginTearingDown for /Game/FirstPersonBP/Maps/UEDPIE_0_FirstPersonExampleMap
[2019.10.22-18.29.01:387][612]LogWorld: UWorld::CleanupWorld for FirstPersonExampleMap, bSessionEnded=true, bCleanupResources=true
[2019.10.22-18.29.01:409][612]LogUObjectHash: Compacting FUObjectHashTables data took   1.52ms
[2019.10.22-18.29.01:410][612]LogPlayLevel: Creating play world package: /Game/FirstPersonBP/Maps/UEDPIE_0_FirstPersonExampleMap
[2019.10.22-18.29.01:434][612]LogPlayLevel: PIE: StaticDuplicateObject took: (0.023770s)
[2019.10.22-18.29.01:435][612]LogAIModule: Creating AISystem for world FirstPersonExampleMap
[2019.10.22-18.29.01:435][612]LogPlayLevel: PIE: World Init took: (0.000959s)
[2019.10.22-18.29.01:435][612]LogPlayLevel: PIE: Created PIE world by copying editor world from /Game/FirstPersonBP/Maps/FirstPersonExampleMap.FirstPersonExampleMap to /Game/FirstPersonBP/Maps/UEDPIE_0_FirstPersonExampleMap.FirstPersonExampleMap (0.024882s)
[2019.10.22-18.29.01:435][612]LogLoad: Game class is 'FirstPersonGameMode_C'
[2019.10.22-18.29.01:437][612]LogWorld: Bringing World /Game/FirstPersonBP/Maps/UEDPIE_0_FirstPersonExampleMap.FirstPersonExampleMap up for play (max tick rate 0) at 2019.10.22-14.29.01
[2019.10.22-18.29.01:438][612]LogWorld: Bringing up level for play took: 0.002550
[2019.10.22-18.29.01:439][612]LogLoad: Took 0.051753 seconds to LoadMap(/Game/FirstPersonBP/Maps/UEDPIE_0_FirstPersonExampleMap)
[2019.10.22-18.29.27:030][680]LogBlueprintUserMessages: Early EndPlayMap Detection: Level '/Game/FirstPersonBP/Maps/FirstPersonExampleMap.FirstPersonExampleMap:PersistentLevel' has LevelScriptBlueprint '/Game/FirstPersonBP/Maps/FirstPersonExampleMap.FirstPersonExampleMap:PersistentLevel.FirstPersonExampleMap' with GeneratedClass '/Game/FirstPersonBP/Maps/FirstPersonExampleMap.FirstPersonExampleMap_C' with ClassGeneratedBy '/Game/FirstPersonBP/Maps/FirstPersonExampleMap.FirstPersonExampleMap:PersistentLevel.FirstPersonExampleMap'
[2019.10.22-18.29.27:030][680]LogSlate: Updating window title bar state: overlay mode, drag disabled, window buttons hidden, title bar hidden
[2019.10.22-18.29.27:030][680]LogWorld: BeginTearingDown for /Game/FirstPersonBP/Maps/UEDPIE_0_FirstPersonExampleMap
[2019.10.22-18.29.27:030][680]LogWorld: UWorld::CleanupWorld for FirstPersonExampleMap, bSessionEnded=true, bCleanupResources=true
[2019.10.22-18.29.27:039][680]LogPlayLevel: Display: Shutting down PIE online subsystems
[2019.10.22-18.29.27:039][680]LogBlueprintUserMessages: Late EndPlayMap Detection: Level '/Game/FirstPersonBP/Maps/FirstPersonExampleMap.FirstPersonExampleMap:PersistentLevel' has LevelScriptBlueprint '/Game/FirstPersonBP/Maps/FirstPersonExampleMap.FirstPersonExampleMap:PersistentLevel.FirstPersonExampleMap' with GeneratedClass '/Game/FirstPersonBP/Maps/FirstPersonExampleMap.FirstPersonExampleMap_C' with ClassGeneratedBy '/Game/FirstPersonBP/Maps/FirstPersonExampleMap.FirstPersonExampleMap:PersistentLevel.FirstPersonExampleMap'
[2019.10.22-18.29.27:063][680]LogSlate: Updating window title bar state: overlay mode, drag disabled, window buttons hidden, title bar hidden
[2019.10.22-18.29.27:066][680]LogUObjectHash: Compacting FUObjectHashTables data took   1.30ms
[2019.10.22-18.29.27:137][687]LogPlayLevel: Display: Destroying online subsystem :Context_5
[2019.10.22-18.29.48:102][ 78]LogSlate: Took 0.000258 seconds to synchronously load lazily loaded font '../../../Engine/Content/Slate/Fonts/Roboto-Light.ttf' (167K)
[2019.10.22-18.30.24:713][220]LogSlate: FSceneViewport::OnFocusLost() reason 0
[2019.10.22-18.30.24:887][237]LogAssetEditorManager: Opening Asset editor for Blueprint /Game/BluePrints/BP_Elevator.BP_Elevator
[2019.10.22-18.30.25:141][237]LogContentBrowser: Native class hierarchy updated for 'BlueprintGraph' in 0.0005 seconds. Added 121 classes and 0 folders.
[2019.10.22-18.30.34:257][199]LogSlate: FSceneViewport::OnFocusLost() reason 2
[2019.10.22-18.32.22:992][ 22]LogSlate: Took 0.025870 seconds to synchronously load lazily loaded font '../../../Engine/Content/Slate/Fonts/Roboto-Italic.ttf' (157K)
[2019.10.22-18.33.34:073][392]LogSlate: Took 0.024535 seconds to synchronously load lazily loaded font '../../../Engine/Content/Slate/Fonts/Roboto-BoldCondensed.ttf' (158K)
[2019.10.22-18.40.00:455][794]LogSlate: Window 'BP_Elevator' being destroyed
[2019.10.22-18.40.00:460][794]LogSlate: Window 'BP_Elevator' being destroyed
[2019.10.22-18.40.00:462][794]LogWorld: UWorld::CleanupWorld for World_3, bSessionEnded=true, bCleanupResources=true
[2019.10.22-18.40.13:205][271]LogEditorViewport: Clicking on Actor (LMB): LightmassImportanceVolume (LightmassImportanceVolume)
[2019.10.22-18.40.19:529][950]LogSlate: FSceneViewport::OnFocusLost() reason 0
[2019.10.22-18.40.25:248][344]LogSlate: Window 'Pick Parent Class' being destroyed
[2019.10.22-18.40.39:982][787]LogAssetEditorManager: Opening Asset editor for Blueprint /Game/BluePrints/FloorReset.FloorReset
[2019.10.22-18.40.49:475][739]BlueprintLog: New page: Compile FloorReset
[2019.10.22-18.40.49:639][739]LogUObjectHash: Compacting FUObjectHashTables data took   3.15ms
[2019.10.22-18.41.08:812][386]LogSlate: FSceneViewport::OnFocusLost() reason 0
[2019.10.22-18.41.08:908][396]BlueprintLog: New page: Compile FloorReset
[2019.10.22-18.41.09:070][396]LogUObjectHash: Compacting FUObjectHashTables data took   2.84ms
[2019.10.22-18.41.30:805][550]LogSlate: FSceneViewport::OnFocusLost() reason 0
[2019.10.22-18.41.36:689][  4]LogSlate: FSceneViewport::OnFocusLost() reason 0
[2019.10.22-18.42.02:302][955]LogSlate: FSceneViewport::OnFocusLost() reason 0
[2019.10.22-18.42.59:726][119]LogSlate: FSceneViewport::OnFocusLost() reason 0
[2019.10.22-18.43.06:200][617]LogEditorViewport: Clicking on Actor (LMB): BP_Sky_Sphere_C (SkySphereBlueprint)
[2019.10.22-18.43.11:230][ 88]LogSlate: FSceneViewport::OnFocusLost() reason 0
[2019.10.22-18.43.15:253][446]LogEditorViewport: Clicking on Actor (LMB): BP_Sky_Sphere_C (SkySphereBlueprint)
[2019.10.22-18.43.21:677][ 73]LogSlate: FSceneViewport::OnFocusLost() reason 0
[2019.10.22-18.43.29:542][792]LogSlate: FSceneViewport::OnFocusLost() reason 0
[2019.10.22-18.43.58:717][598]LogSlate: FSceneViewport::OnFocusLost() reason 0
[2019.10.22-18.44.10:310][698]LogSlate: FSceneViewport::OnFocusLost() reason 5
[2019.10.22-18.44.11:300][790]Cmd: TRANSACTION UNDO
[2019.10.22-18.44.11:300][790]LogEditorTransaction: Undo Move Actors
[2019.10.22-18.44.15:651][174]LogEditorViewport: Clicking on Actor (LMB): FloorReset_C (FloorReset)
[2019.10.22-18.44.19:459][543]LogSlate: FSceneViewport::OnFocusLost() reason 5
[2019.10.22-18.44.20:099][604]Cmd: TRANSACTION UNDO
[2019.10.22-18.44.20:099][604]LogEditorTransaction: Undo Move Actors
[2019.10.22-18.44.20:471][633]LogSlate: FSceneViewport::OnFocusLost() reason 5
[2019.10.22-18.44.22:282][804]Cmd: TRANSACTION UNDO
[2019.10.22-18.44.22:282][804]LogEditorTransaction: Undo Clicking on Actors
[2019.10.22-18.44.23:480][916]LogSlate: FSceneViewport::OnFocusLost() reason 0
[2019.10.22-18.44.25:793][134]Cmd: TRANSACTION UNDO
[2019.10.22-18.44.25:793][134]LogEditorTransaction: Undo Set Scale
[2019.10.22-18.44.29:297][504]Cmd: TRANSACTION UNDO
[2019.10.22-18.44.29:297][504]LogEditorTransaction: Undo Move Actors
[2019.10.22-18.44.34:426][ 56]Cmd: TRANSACTION UNDO
[2019.10.22-18.44.34:426][ 56]LogEditorTransaction: Undo Set Scale
[2019.10.22-18.44.38:102][439]LogEditorViewport: Clicking on Actor (LMB): BP_Sky_Sphere_C (SkySphereBlueprint)
[2019.10.22-18.44.41:336][721]LogSlate: FSceneViewport::OnFocusLost() reason 0
[2019.10.22-18.44.44:897][ 55]LogSlate: FSceneViewport::OnFocusLost() reason 0
[2019.10.22-18.44.49:102][401]LogEditorViewport: Clicking on Actor (LMB): BP_Sky_Sphere_C (SkySphereBlueprint)
[2019.10.22-18.44.49:791][467]LogEditorViewport: Clicking on Actor (LMB): FloorReset_C (FloorReset)
[2019.10.22-18.45.16:413][ 42]LogSlate: FSceneViewport::OnFocusLost() reason 0
[2019.10.22-18.45.25:051][807]LogEditorViewport: Clicking on Actor (LMB): FloorReset_C (FloorReset)
[2019.10.22-18.45.43:953][680]LogSlate: FSceneViewport::OnFocusLost() reason 0
[2019.10.22-18.46.41:989][332]LogSlate: FSceneViewport::OnFocusLost() reason 0
[2019.10.22-18.47.12:100][237]LogSlate: FSceneViewport::OnFocusLost() reason 0
[2019.10.22-18.47.12:172][244]BlueprintLog: New page: Compile FloorReset
[2019.10.22-18.47.12:400][244]LogUObjectHash: Compacting FUObjectHashTables data took   2.71ms
[2019.10.22-18.47.29:065][630]LogSlate: FSceneViewport::OnFocusLost() reason 0
[2019.10.22-18.47.35:165][225]LogSlate: FSceneViewport::OnFocusLost() reason 0
[2019.10.22-18.48.45:685][321]LogSlate: FSceneViewport::OnFocusLost() reason 0
[2019.10.22-18.49.02:418][965]LogSlate: FSceneViewport::OnFocusLost() reason 0
[2019.10.22-18.49.12:266][933]LogSlate: FSceneViewport::OnFocusLost() reason 0
[2019.10.22-18.49.22:591][963]LogSlate: FSceneViewport::OnFocusLost() reason 0
[2019.10.22-18.49.29:681][656]LogSlate: FSceneViewport::OnFocusLost() reason 0
[2019.10.22-18.49.29:739][662]BlueprintLog: New page: Compile FloorReset
[2019.10.22-18.49.29:928][662]LogUObjectHash: Compacting FUObjectHashTables data took   2.81ms
[2019.10.22-18.49.59:566][398]LogSlate: FSceneViewport::OnFocusLost() reason 5
[2019.10.22-18.50.00:526][485]LogUObjectHash: Compacting FUObjectHashTables data took   2.46ms
[2019.10.22-18.50.00:566][485]LogUObjectHash: Compacting FUObjectHashTables data took   0.73ms
[2019.10.22-18.50.00:801][485]LogSavePackage: Moving '../../../../../../Users/soneil/Documents/Unreal Projects/ONeil_Escape_Class/Saved/FirstPersonExampleMap816AC76D4ADDD0039105708CB0DFADA5.tmp' to '../../../../../../Users/soneil/Documents/Unreal Projects/ONeil_Escape_Class/Content/FirstPersonBP/Maps/FirstPersonExampleMap.umap'
[2019.10.22-18.50.00:819][485]LogFileHelpers: Saving map 'FirstPersonExampleMap' took 0.279
[2019.10.22-18.50.00:835][485]Cmd: OBJ SAVEPACKAGE PACKAGE="/Game/BluePrints/FloorReset" FILE="../../../../../../Users/soneil/Documents/Unreal Projects/ONeil_Escape_Class/Content/BluePrints/FloorReset.uasset" SILENT=true
[2019.10.22-18.50.00:848][485]LogSavePackage: Moving '../../../../../../Users/soneil/Documents/Unreal Projects/ONeil_Escape_Class/Saved/FloorResetDD5A7AD4496C57492A0F3181379E1C20.tmp' to '../../../../../../Users/soneil/Documents/Unreal Projects/ONeil_Escape_Class/Content/BluePrints/FloorReset.uasset'
[2019.10.22-18.51.13:826][665]BlueprintLog: New page: Compile FloorReset
[2019.10.22-18.51.13:980][665]LogUObjectHash: Compacting FUObjectHashTables data took   3.16ms
[2019.10.22-18.52.29:252][969]LogUObjectHash: Compacting FUObjectHashTables data took   2.96ms
[2019.10.22-18.52.29:290][969]LogUObjectHash: Compacting FUObjectHashTables data took   0.66ms
[2019.10.22-18.52.29:522][969]LogSavePackage: Moving '../../../../../../Users/soneil/Documents/Unreal Projects/ONeil_Escape_Class/Saved/FirstPersonExampleMap54B5D86A436104B815F8ACA8BCB1EC0B.tmp' to '../../../../../../Users/soneil/Documents/Unreal Projects/ONeil_Escape_Class/Content/FirstPersonBP/Maps/FirstPersonExampleMap.umap'
[2019.10.22-18.52.29:540][969]LogFileHelpers: Saving map 'FirstPersonExampleMap' took 0.278
[2019.10.22-18.52.29:550][969]Cmd: OBJ SAVEPACKAGE PACKAGE="/Game/BluePrints/FloorReset" FILE="../../../../../../Users/soneil/Documents/Unreal Projects/ONeil_Escape_Class/Content/BluePrints/FloorReset.uasset" SILENT=true
[2019.10.22-18.52.29:567][969]LogSavePackage: Moving '../../../../../../Users/soneil/Documents/Unreal Projects/ONeil_Escape_Class/Saved/FloorReset779A646E4E6BE8E7ADE05AA2ED9FA45E.tmp' to '../../../../../../Users/soneil/Documents/Unreal Projects/ONeil_Escape_Class/Content/BluePrints/FloorReset.uasset'
[2019.10.22-18.52.30:560][ 80]BlueprintLog: New page: Compile FloorReset
[2019.10.22-18.52.30:712][ 80]LogUObjectHash: Compacting FUObjectHashTables data took   2.88ms
[2019.10.22-19.02.29:135][173]LogUObjectHash: Compacting FUObjectHashTables data took   2.96ms
[2019.10.22-19.02.29:370][173]LogSavePackage: Moving '../../../../../../Users/soneil/Documents/Unreal Projects/ONeil_Escape_Class/Saved/FirstPersonExampleMap_Auto1515D5D244F73DC51AE4CBB827D6B0BAF.tmp' to '../../../../../../Users/soneil/Documents/Unreal Projects/ONeil_Escape_Class/Saved/Autosaves/Game/FirstPersonBP/Maps/FirstPersonExampleMap_Auto1.umap'
[2019.10.22-19.02.29:373][173]LogFileHelpers: Editor autosave (incl. sublevels) for '/Game/FirstPersonBP/Maps/FirstPersonExampleMap' took 0.263
[2019.10.22-19.02.29:373][173]LogFileHelpers: Editor autosave (incl. sublevels) for all levels took 0.263
[2019.10.22-19.07.04:432][621]BlueprintLog: New page: Compile FloorReset
[2019.10.22-19.07.04:590][621]LogUObjectHash: Compacting FUObjectHashTables data took   2.87ms
[2019.10.22-19.07.07:326][919]LogUObjectHash: Compacting FUObjectHashTables data took   2.85ms
[2019.10.22-19.07.07:364][919]LogUObjectHash: Compacting FUObjectHashTables data took   0.76ms
[2019.10.22-19.07.07:595][919]LogSavePackage: Moving '../../../../../../Users/soneil/Documents/Unreal Projects/ONeil_Escape_Class/Saved/FirstPersonExampleMap56CEACB347C1F59D43E536A421D2711B.tmp' to '../../../../../../Users/soneil/Documents/Unreal Projects/ONeil_Escape_Class/Content/FirstPersonBP/Maps/FirstPersonExampleMap.umap'
[2019.10.22-19.07.07:611][919]LogFileHelpers: Saving map 'FirstPersonExampleMap' took 0.276
[2019.10.22-19.07.07:621][919]Cmd: OBJ SAVEPACKAGE PACKAGE="/Game/BluePrints/FloorReset" FILE="../../../../../../Users/soneil/Documents/Unreal Projects/ONeil_Escape_Class/Content/BluePrints/FloorReset.uasset" SILENT=true
[2019.10.22-19.07.07:638][919]LogSavePackage: Moving '../../../../../../Users/soneil/Documents/Unreal Projects/ONeil_Escape_Class/Saved/FloorResetA605A5C04B6E8940CEE03F989609A5BE.tmp' to '../../../../../../Users/soneil/Documents/Unreal Projects/ONeil_Escape_Class/Content/BluePrints/FloorReset.uasset'
[2019.10.22-19.07.08:820][ 53]LogSlate: Window 'FloorReset' being destroyed
[2019.10.22-19.07.08:824][ 53]LogSlate: Window 'FloorReset' being destroyed
[2019.10.22-19.07.08:831][ 53]LogWorld: UWorld::CleanupWorld for World_4, bSessionEnded=true, bCleanupResources=true
[2019.10.22-19.07.10:835][289]LogTemp: Repeating last play command: Selected Viewport
[2019.10.22-19.07.10:842][289]LogBlueprintUserMessages: Early PlayInEditor Detection: Level '/Game/FirstPersonBP/Maps/FirstPersonExampleMap.FirstPersonExampleMap:PersistentLevel' has LevelScriptBlueprint '/Game/FirstPersonBP/Maps/FirstPersonExampleMap.FirstPersonExampleMap:PersistentLevel.FirstPersonExampleMap' with GeneratedClass '/Game/FirstPersonBP/Maps/FirstPersonExampleMap.FirstPersonExampleMap_C' with ClassGeneratedBy '/Game/FirstPersonBP/Maps/FirstPersonExampleMap.FirstPersonExampleMap:PersistentLevel.FirstPersonExampleMap'
[2019.10.22-19.07.10:842][289]LogPlayLevel: PlayLevel: No blueprints needed recompiling
[2019.10.22-19.07.10:843][289]PIE: New page: PIE session: FirstPersonExampleMap (Oct 22, 2019, 11:07:10 AM)
[2019.10.22-19.07.10:843][289]LogPlayLevel: Creating play world package: /Game/FirstPersonBP/Maps/UEDPIE_0_FirstPersonExampleMap
[2019.10.22-19.07.10:867][289]LogPlayLevel: PIE: StaticDuplicateObject took: (0.023962s)
[2019.10.22-19.07.10:867][289]LogAIModule: Creating AISystem for world FirstPersonExampleMap
[2019.10.22-19.07.10:868][289]LogPlayLevel: PIE: World Init took: (0.000854s)
[2019.10.22-19.07.10:868][289]LogPlayLevel: PIE: Created PIE world by copying editor world from /Game/FirstPersonBP/Maps/FirstPersonExampleMap.FirstPersonExampleMap to /Game/FirstPersonBP/Maps/UEDPIE_0_FirstPersonExampleMap.FirstPersonExampleMap (0.024974s)
[2019.10.22-19.07.10:894][289]LogUObjectHash: Compacting FUObjectHashTables data took   2.50ms
[2019.10.22-19.07.10:926][289]LogInit: XAudio2 using 'Speakers (USB Audio Device)' : 2 channels at 48 kHz using 16 bits per sample (channel mask 0x3)
[2019.10.22-19.07.10:938][289]LogInit: FAudioDevice initialized.
[2019.10.22-19.07.10:943][289]LogLoad: Game class is 'FirstPersonGameMode_C'
[2019.10.22-19.07.10:946][289]LogWorld: Bringing World /Game/FirstPersonBP/Maps/UEDPIE_0_FirstPersonExampleMap.FirstPersonExampleMap up for play (max tick rate 0) at 2019.10.22-15.07.10
[2019.10.22-19.07.10:946][289]LogWorld: Bringing up level for play took: 0.002762
[2019.10.22-19.07.10:946][289]LogOnline: OSS: Creating online subsystem instance for: :Context_11
[2019.10.22-19.07.10:948][289]PIE: Play in editor start time for /Game/FirstPersonBP/Maps/UEDPIE_0_FirstPersonExampleMap -0.478
[2019.10.22-19.07.10:948][289]LogBlueprintUserMessages: Late PlayInEditor Detection: Level '/Game/FirstPersonBP/Maps/FirstPersonExampleMap.FirstPersonExampleMap:PersistentLevel' has LevelScriptBlueprint '/Game/FirstPersonBP/Maps/FirstPersonExampleMap.FirstPersonExampleMap:PersistentLevel.FirstPersonExampleMap' with GeneratedClass '/Game/FirstPersonBP/Maps/FirstPersonExampleMap.FirstPersonExampleMap_C' with ClassGeneratedBy '/Game/FirstPersonBP/Maps/FirstPersonExampleMap.FirstPersonExampleMap:PersistentLevel.FirstPersonExampleMap'
[2019.10.22-19.07.15:588][843]LogNet: Browse: /Game/FirstPersonBP/Maps/FirstPersonExampleMap
[2019.10.22-19.07.15:588][843]LogLoad: LoadMap: /Game/FirstPersonBP/Maps/FirstPersonExampleMap
[2019.10.22-19.07.15:588][843]LogWorld: BeginTearingDown for /Game/FirstPersonBP/Maps/UEDPIE_0_FirstPersonExampleMap
[2019.10.22-19.07.15:588][843]LogWorld: UWorld::CleanupWorld for FirstPersonExampleMap, bSessionEnded=true, bCleanupResources=true
[2019.10.22-19.07.15:615][843]LogUObjectHash: Compacting FUObjectHashTables data took   2.40ms
[2019.10.22-19.07.15:615][843]LogPlayLevel: Creating play world package: /Game/FirstPersonBP/Maps/UEDPIE_0_FirstPersonExampleMap
[2019.10.22-19.07.15:639][843]LogPlayLevel: PIE: StaticDuplicateObject took: (0.023577s)
[2019.10.22-19.07.15:639][843]LogAIModule: Creating AISystem for world FirstPersonExampleMap
[2019.10.22-19.07.15:639][843]LogPlayLevel: PIE: World Init took: (0.000810s)
[2019.10.22-19.07.15:640][843]LogPlayLevel: PIE: Created PIE world by copying editor world from /Game/FirstPersonBP/Maps/FirstPersonExampleMap.FirstPersonExampleMap to /Game/FirstPersonBP/Maps/UEDPIE_0_FirstPersonExampleMap.FirstPersonExampleMap (0.024533s)
[2019.10.22-19.07.15:640][843]LogLoad: Game class is 'FirstPersonGameMode_C'
[2019.10.22-19.07.15:643][843]LogWorld: Bringing World /Game/FirstPersonBP/Maps/UEDPIE_0_FirstPersonExampleMap.FirstPersonExampleMap up for play (max tick rate 0) at 2019.10.22-15.07.15
[2019.10.22-19.07.15:643][843]LogWorld: Bringing up level for play took: 0.002587
[2019.10.22-19.07.15:644][843]LogLoad: Took 0.055677 seconds to LoadMap(/Game/FirstPersonBP/Maps/UEDPIE_0_FirstPersonExampleMap)
[2019.10.22-19.07.21:331][523]LogNet: Browse: /Game/FirstPersonBP/Maps/FirstPersonExampleMap
[2019.10.22-19.07.21:331][523]LogLoad: LoadMap: /Game/FirstPersonBP/Maps/FirstPersonExampleMap
[2019.10.22-19.07.21:331][523]LogWorld: BeginTearingDown for /Game/FirstPersonBP/Maps/UEDPIE_0_FirstPersonExampleMap
[2019.10.22-19.07.21:331][523]LogWorld: UWorld::CleanupWorld for FirstPersonExampleMap, bSessionEnded=true, bCleanupResources=true
[2019.10.22-19.07.21:358][523]LogUObjectHash: Compacting FUObjectHashTables data took   1.90ms
[2019.10.22-19.07.21:358][523]LogPlayLevel: Creating play world package: /Game/FirstPersonBP/Maps/UEDPIE_0_FirstPersonExampleMap
[2019.10.22-19.07.21:380][523]LogPlayLevel: PIE: StaticDuplicateObject took: (0.022050s)
[2019.10.22-19.07.21:381][523]LogAIModule: Creating AISystem for world FirstPersonExampleMap
[2019.10.22-19.07.21:381][523]LogPlayLevel: PIE: World Init took: (0.000805s)
[2019.10.22-19.07.21:381][523]LogPlayLevel: PIE: Created PIE world by copying editor world from /Game/FirstPersonBP/Maps/FirstPersonExampleMap.FirstPersonExampleMap to /Game/FirstPersonBP/Maps/UEDPIE_0_FirstPersonExampleMap.FirstPersonExampleMap (0.022993s)
[2019.10.22-19.07.21:381][523]LogLoad: Game class is 'FirstPersonGameMode_C'
[2019.10.22-19.07.21:384][523]LogWorld: Bringing World /Game/FirstPersonBP/Maps/UEDPIE_0_FirstPersonExampleMap.FirstPersonExampleMap up for play (max tick rate 0) at 2019.10.22-15.07.21
[2019.10.22-19.07.21:384][523]LogWorld: Bringing up level for play took: 0.002418
[2019.10.22-19.07.21:385][523]LogLoad: Took 0.053985 seconds to LoadMap(/Game/FirstPersonBP/Maps/UEDPIE_0_FirstPersonExampleMap)
[2019.10.22-19.07.26:559][142]LogNet: Browse: /Game/FirstPersonBP/Maps/FirstPersonExampleMap
[2019.10.22-19.07.26:559][142]LogLoad: LoadMap: /Game/FirstPersonBP/Maps/FirstPersonExampleMap
[2019.10.22-19.07.26:559][142]LogWorld: BeginTearingDown for /Game/FirstPersonBP/Maps/UEDPIE_0_FirstPersonExampleMap
[2019.10.22-19.07.26:559][142]LogWorld: UWorld::CleanupWorld for FirstPersonExampleMap, bSessionEnded=true, bCleanupResources=true
[2019.10.22-19.07.26:588][142]LogUObjectHash: Compacting FUObjectHashTables data took   2.06ms
[2019.10.22-19.07.26:588][142]LogPlayLevel: Creating play world package: /Game/FirstPersonBP/Maps/UEDPIE_0_FirstPersonExampleMap
[2019.10.22-19.07.26:611][142]LogPlayLevel: PIE: StaticDuplicateObject took: (0.022862s)
[2019.10.22-19.07.26:612][142]LogAIModule: Creating AISystem for world FirstPersonExampleMap
[2019.10.22-19.07.26:612][142]LogPlayLevel: PIE: World Init took: (0.000787s)
[2019.10.22-19.07.26:612][142]LogPlayLevel: PIE: Created PIE world by copying editor world from /Game/FirstPersonBP/Maps/FirstPersonExampleMap.FirstPersonExampleMap to /Game/FirstPersonBP/Maps/UEDPIE_0_FirstPersonExampleMap.FirstPersonExampleMap (0.023783s)
[2019.10.22-19.07.26:612][142]LogLoad: Game class is 'FirstPersonGameMode_C'
[2019.10.22-19.07.26:615][142]LogWorld: Bringing World /Game/FirstPersonBP/Maps/UEDPIE_0_FirstPersonExampleMap.FirstPersonExampleMap up for play (max tick rate 0) at 2019.10.22-15.07.26
[2019.10.22-19.07.26:615][142]LogWorld: Bringing up level for play took: 0.002560
[2019.10.22-19.07.26:616][142]LogLoad: Took 0.057023 seconds to LoadMap(/Game/FirstPersonBP/Maps/UEDPIE_0_FirstPersonExampleMap)
[2019.10.22-19.07.38:915][612]LogNet: Browse: /Game/FirstPersonBP/Maps/FirstPersonExampleMap
[2019.10.22-19.07.38:915][612]LogLoad: LoadMap: /Game/FirstPersonBP/Maps/FirstPersonExampleMap
[2019.10.22-19.07.38:915][612]LogWorld: BeginTearingDown for /Game/FirstPersonBP/Maps/UEDPIE_0_FirstPersonExampleMap
[2019.10.22-19.07.38:915][612]LogWorld: UWorld::CleanupWorld for FirstPersonExampleMap, bSessionEnded=true, bCleanupResources=true
[2019.10.22-19.07.38:943][612]LogUObjectHash: Compacting FUObjectHashTables data took   1.89ms
[2019.10.22-19.07.38:944][612]LogPlayLevel: Creating play world package: /Game/FirstPersonBP/Maps/UEDPIE_0_FirstPersonExampleMap
[2019.10.22-19.07.38:965][612]LogPlayLevel: PIE: StaticDuplicateObject took: (0.022232s)
[2019.10.22-19.07.38:966][612]LogAIModule: Creating AISystem for world FirstPersonExampleMap
[2019.10.22-19.07.38:966][612]LogPlayLevel: PIE: World Init took: (0.000814s)
[2019.10.22-19.07.38:966][612]LogPlayLevel: PIE: Created PIE world by copying editor world from /Game/FirstPersonBP/Maps/FirstPersonExampleMap.FirstPersonExampleMap to /Game/FirstPersonBP/Maps/UEDPIE_0_FirstPersonExampleMap.FirstPersonExampleMap (0.023181s)
[2019.10.22-19.07.38:966][612]LogLoad: Game class is 'FirstPersonGameMode_C'
[2019.10.22-19.07.38:968][612]LogWorld: Bringing World /Game/FirstPersonBP/Maps/UEDPIE_0_FirstPersonExampleMap.FirstPersonExampleMap up for play (max tick rate 0) at 2019.10.22-15.07.38
[2019.10.22-19.07.38:969][612]LogWorld: Bringing up level for play took: 0.002550
[2019.10.22-19.07.38:970][612]LogLoad: Took 0.055861 seconds to LoadMap(/Game/FirstPersonBP/Maps/UEDPIE_0_FirstPersonExampleMap)
[2019.10.22-19.08.01:399][299]LogSpawn: Warning: SpawnActor failed because of collision at the spawn location [X=755.398 Y=-1436.547 Z=556.779] for [FirstPersonProjectile_C]
[2019.10.22-19.09.06:090][ 59]LogNet: Browse: /Game/FirstPersonBP/Maps/FirstPersonExampleMap
[2019.10.22-19.09.06:090][ 59]LogLoad: LoadMap: /Game/FirstPersonBP/Maps/FirstPersonExampleMap
[2019.10.22-19.09.06:090][ 59]LogWorld: BeginTearingDown for /Game/FirstPersonBP/Maps/UEDPIE_0_FirstPersonExampleMap
[2019.10.22-19.09.06:090][ 59]LogWorld: UWorld::CleanupWorld for FirstPersonExampleMap, bSessionEnded=true, bCleanupResources=true
[2019.10.22-19.09.06:119][ 59]LogUObjectHash: Compacting FUObjectHashTables data took   2.16ms
[2019.10.22-19.09.06:119][ 59]LogPlayLevel: Creating play world package: /Game/FirstPersonBP/Maps/UEDPIE_0_FirstPersonExampleMap
[2019.10.22-19.09.06:145][ 59]LogPlayLevel: PIE: StaticDuplicateObject took: (0.025339s)
[2019.10.22-19.09.06:146][ 59]LogAIModule: Creating AISystem for world FirstPersonExampleMap
[2019.10.22-19.09.06:146][ 59]LogPlayLevel: PIE: World Init took: (0.000962s)
[2019.10.22-19.09.06:146][ 59]LogPlayLevel: PIE: Created PIE world by copying editor world from /Game/FirstPersonBP/Maps/FirstPersonExampleMap.FirstPersonExampleMap to /Game/FirstPersonBP/Maps/UEDPIE_0_FirstPersonExampleMap.FirstPersonExampleMap (0.026457s)
[2019.10.22-19.09.06:146][ 59]LogLoad: Game class is 'FirstPersonGameMode_C'
[2019.10.22-19.09.06:149][ 59]LogWorld: Bringing World /Game/FirstPersonBP/Maps/UEDPIE_0_FirstPersonExampleMap.FirstPersonExampleMap up for play (max tick rate 0) at 2019.10.22-15.09.06
[2019.10.22-19.09.06:149][ 59]LogWorld: Bringing up level for play took: 0.002675
[2019.10.22-19.09.06:150][ 59]LogLoad: Took 0.060192 seconds to LoadMap(/Game/FirstPersonBP/Maps/UEDPIE_0_FirstPersonExampleMap)
[2019.10.22-19.10.03:396][924]LogNet: Browse: /Game/FirstPersonBP/Maps/FirstPersonExampleMap
[2019.10.22-19.10.03:396][924]LogLoad: LoadMap: /Game/FirstPersonBP/Maps/FirstPersonExampleMap
[2019.10.22-19.10.03:396][924]LogWorld: BeginTearingDown for /Game/FirstPersonBP/Maps/UEDPIE_0_FirstPersonExampleMap
[2019.10.22-19.10.03:396][924]LogWorld: UWorld::CleanupWorld for FirstPersonExampleMap, bSessionEnded=true, bCleanupResources=true
[2019.10.22-19.10.03:421][924]LogUObjectHash: Compacting FUObjectHashTables data took   2.01ms
[2019.10.22-19.10.03:421][924]LogPlayLevel: Creating play world package: /Game/FirstPersonBP/Maps/UEDPIE_0_FirstPersonExampleMap
[2019.10.22-19.10.03:445][924]LogPlayLevel: PIE: StaticDuplicateObject took: (0.023124s)
[2019.10.22-19.10.03:445][924]LogAIModule: Creating AISystem for world FirstPersonExampleMap
[2019.10.22-19.10.03:445][924]LogPlayLevel: PIE: World Init took: (0.000819s)
[2019.10.22-19.10.03:446][924]LogPlayLevel: PIE: Created PIE world by copying editor world from /Game/FirstPersonBP/Maps/FirstPersonExampleMap.FirstPersonExampleMap to /Game/FirstPersonBP/Maps/UEDPIE_0_FirstPersonExampleMap.FirstPersonExampleMap (0.024088s)
[2019.10.22-19.10.03:446][924]LogLoad: Game class is 'FirstPersonGameMode_C'
[2019.10.22-19.10.03:448][924]LogWorld: Bringing World /Game/FirstPersonBP/Maps/UEDPIE_0_FirstPersonExampleMap.FirstPersonExampleMap up for play (max tick rate 0) at 2019.10.22-15.10.03
[2019.10.22-19.10.03:449][924]LogWorld: Bringing up level for play took: 0.002681
[2019.10.22-19.10.03:450][924]LogLoad: Took 0.053620 seconds to LoadMap(/Game/FirstPersonBP/Maps/UEDPIE_0_FirstPersonExampleMap)
[2019.10.22-19.10.15:757][399]LogNet: Browse: /Game/FirstPersonBP/Maps/FirstPersonExampleMap
[2019.10.22-19.10.15:757][399]LogLoad: LoadMap: /Game/FirstPersonBP/Maps/FirstPersonExampleMap
[2019.10.22-19.10.15:757][399]LogWorld: BeginTearingDown for /Game/FirstPersonBP/Maps/UEDPIE_0_FirstPersonExampleMap
[2019.10.22-19.10.15:758][399]LogWorld: UWorld::CleanupWorld for FirstPersonExampleMap, bSessionEnded=true, bCleanupResources=true
[2019.10.22-19.10.15:786][399]LogUObjectHash: Compacting FUObjectHashTables data took   2.14ms
[2019.10.22-19.10.15:787][399]LogPlayLevel: Creating play world package: /Game/FirstPersonBP/Maps/UEDPIE_0_FirstPersonExampleMap
[2019.10.22-19.10.15:810][399]LogPlayLevel: PIE: StaticDuplicateObject took: (0.023132s)
[2019.10.22-19.10.15:810][399]LogAIModule: Creating AISystem for world FirstPersonExampleMap
[2019.10.22-19.10.15:811][399]LogPlayLevel: PIE: World Init took: (0.000791s)
[2019.10.22-19.10.15:811][399]LogPlayLevel: PIE: Created PIE world by copying editor world from /Game/FirstPersonBP/Maps/FirstPersonExampleMap.FirstPersonExampleMap to /Game/FirstPersonBP/Maps/UEDPIE_0_FirstPersonExampleMap.FirstPersonExampleMap (0.024063s)
[2019.10.22-19.10.15:811][399]LogLoad: Game class is 'FirstPersonGameMode_C'
[2019.10.22-19.10.15:814][399]LogWorld: Bringing World /Game/FirstPersonBP/Maps/UEDPIE_0_FirstPersonExampleMap.FirstPersonExampleMap up for play (max tick rate 0) at 2019.10.22-15.10.15
[2019.10.22-19.10.15:814][399]LogWorld: Bringing up level for play took: 0.002747
[2019.10.22-19.10.15:815][399]LogLoad: Took 0.057965 seconds to LoadMap(/Game/FirstPersonBP/Maps/UEDPIE_0_FirstPersonExampleMap)
[2019.10.22-19.10.22:472][196]LogNet: Browse: /Game/FirstPersonBP/Maps/FirstPersonExampleMap
[2019.10.22-19.10.22:472][196]LogLoad: LoadMap: /Game/FirstPersonBP/Maps/FirstPersonExampleMap
[2019.10.22-19.10.22:472][196]LogWorld: BeginTearingDown for /Game/FirstPersonBP/Maps/UEDPIE_0_FirstPersonExampleMap
[2019.10.22-19.10.22:472][196]LogWorld: UWorld::CleanupWorld for FirstPersonExampleMap, bSessionEnded=true, bCleanupResources=true
[2019.10.22-19.10.22:499][196]LogUObjectHash: Compacting FUObjectHashTables data took   1.91ms
[2019.10.22-19.10.22:500][196]LogPlayLevel: Creating play world package: /Game/FirstPersonBP/Maps/UEDPIE_0_FirstPersonExampleMap
[2019.10.22-19.10.22:521][196]LogPlayLevel: PIE: StaticDuplicateObject took: (0.021839s)
[2019.10.22-19.10.22:522][196]LogAIModule: Creating AISystem for world FirstPersonExampleMap
[2019.10.22-19.10.22:522][196]LogPlayLevel: PIE: World Init took: (0.000798s)
[2019.10.22-19.10.22:522][196]LogPlayLevel: PIE: Created PIE world by copying editor world from /Game/FirstPersonBP/Maps/FirstPersonExampleMap.FirstPersonExampleMap to /Game/FirstPersonBP/Maps/UEDPIE_0_FirstPersonExampleMap.FirstPersonExampleMap (0.022788s)
[2019.10.22-19.10.22:522][196]LogLoad: Game class is 'FirstPersonGameMode_C'
[2019.10.22-19.10.22:526][196]LogWorld: Bringing World /Game/FirstPersonBP/Maps/UEDPIE_0_FirstPersonExampleMap.FirstPersonExampleMap up for play (max tick rate 0) at 2019.10.22-15.10.22
[2019.10.22-19.10.22:526][196]LogWorld: Bringing up level for play took: 0.002813
[2019.10.22-19.10.22:527][196]LogLoad: Took 0.055794 seconds to LoadMap(/Game/FirstPersonBP/Maps/UEDPIE_0_FirstPersonExampleMap)
[2019.10.22-19.10.24:174][392]LogBlueprintUserMessages: Early EndPlayMap Detection: Level '/Game/FirstPersonBP/Maps/FirstPersonExampleMap.FirstPersonExampleMap:PersistentLevel' has LevelScriptBlueprint '/Game/FirstPersonBP/Maps/FirstPersonExampleMap.FirstPersonExampleMap:PersistentLevel.FirstPersonExampleMap' with GeneratedClass '/Game/FirstPersonBP/Maps/FirstPersonExampleMap.FirstPersonExampleMap_C' with ClassGeneratedBy '/Game/FirstPersonBP/Maps/FirstPersonExampleMap.FirstPersonExampleMap:PersistentLevel.FirstPersonExampleMap'
[2019.10.22-19.10.24:175][392]LogSlate: Updating window title bar state: overlay mode, drag disabled, window buttons hidden, title bar hidden
[2019.10.22-19.10.24:175][392]LogWorld: BeginTearingDown for /Game/FirstPersonBP/Maps/UEDPIE_0_FirstPersonExampleMap
[2019.10.22-19.10.24:175][392]LogWorld: UWorld::CleanupWorld for FirstPersonExampleMap, bSessionEnded=true, bCleanupResources=true
[2019.10.22-19.10.24:186][392]LogPlayLevel: Display: Shutting down PIE online subsystems
[2019.10.22-19.10.24:186][392]LogBlueprintUserMessages: Late EndPlayMap Detection: Level '/Game/FirstPersonBP/Maps/FirstPersonExampleMap.FirstPersonExampleMap:PersistentLevel' has LevelScriptBlueprint '/Game/FirstPersonBP/Maps/FirstPersonExampleMap.FirstPersonExampleMap:PersistentLevel.FirstPersonExampleMap' with GeneratedClass '/Game/FirstPersonBP/Maps/FirstPersonExampleMap.FirstPersonExampleMap_C' with ClassGeneratedBy '/Game/FirstPersonBP/Maps/FirstPersonExampleMap.FirstPersonExampleMap:PersistentLevel.FirstPersonExampleMap'
[2019.10.22-19.10.24:213][392]LogSlate: Updating window title bar state: overlay mode, drag disabled, window buttons hidden, title bar hidden
[2019.10.22-19.10.24:217][392]LogUObjectHash: Compacting FUObjectHashTables data took   2.28ms
[2019.10.22-19.10.24:279][398]LogPlayLevel: Display: Destroying online subsystem :Context_11
[2019.10.22-19.10.25:828][583]LogSlate: FSceneViewport::OnFocusLost() reason 5
[2019.10.22-19.10.26:942][714]LogUObjectHash: Compacting FUObjectHashTables data took   0.68ms
[2019.10.22-19.10.27:916][831]LogSlate: FSceneViewport::OnFocusLost() reason 0
[2019.10.22-19.10.32:904][428]LogAssetEditorManager: Opening Asset editor for Blueprint /Game/BluePrints/FloorReset.FloorReset
[2019.10.22-19.10.45:578][825]LogSlate: Window 'FloorReset' being destroyed
[2019.10.22-19.10.45:582][825]LogSlate: Window 'FloorReset' being destroyed
[2019.10.22-19.10.45:582][825]LogWorld: UWorld::CleanupWorld for World_8, bSessionEnded=true, bCleanupResources=true
[2019.10.22-19.10.48:963][226]LogSlate: FSceneViewport::OnFocusLost() reason 0
[2019.10.22-19.10.49:125][245]LogAssetEditorManager: Opening Asset editor for Blueprint /Game/BluePrints/FloorReset.FloorReset
[2019.10.22-19.12.53:510][988]LogSlate: FSceneViewport::OnFocusLost() reason 0
[2019.10.22-19.12.53:623][  1]LogSlate: Window 'FloorReset' being destroyed
[2019.10.22-19.12.53:626][  1]LogSlate: Window 'FloorReset' being destroyed
[2019.10.22-19.12.53:628][  1]LogWorld: UWorld::CleanupWorld for World_9, bSessionEnded=true, bCleanupResources=true
[2019.10.22-19.12.54:642][118]LogSlate: FSceneViewport::OnFocusLost() reason 0
[2019.10.22-19.12.57:114][411]LogUObjectHash: Compacting FUObjectHashTables data took   0.84ms
