Log file open, 10/02/19 21:07:48
LogWindows: Failed to load 'aqProf.dll' (GetLastError=126)
LogWindows: File 'aqProf.dll' does not exist
LogWindows: Failed to load 'VtuneApi.dll' (GetLastError=126)
LogWindows: File 'VtuneApi.dll' does not exist
LogWindows: Failed to load 'VtuneApi32e.dll' (GetLastError=126)
LogWindows: File 'VtuneApi32e.dll' does not exist
LogConsoleResponse: Display: Failed to find resolution value strings in scalability ini. Falling back to default.
LogInit: Display: Running engine for game: ONeil_Escape_Class
LogPlatformFile: Not using cached read wrapper
LogTaskGraph: Started task graph with 5 named threads and 23 total threads with 3 sets of task threads.
LogStats: Stats thread started at 0.089756
LogD3D11RHI: Loaded GFSDK_Aftermath_Lib.x64.dll
LogICUInternationalization: ICU TimeZone Detection - Raw Offset: -5:00, Platform Override: ''
LogPluginManager: Mounting plugin Paper2D
LogPluginManager: Mounting plugin AISupport
LogPluginManager: Mounting plugin LightPropagationVolume
LogPluginManager: Mounting plugin ActorLayerUtilities
LogPluginManager: Mounting plugin AnimationSharing
LogPluginManager: Mounting plugin CLionSourceCodeAccess
LogPluginManager: Mounting plugin CodeLiteSourceCodeAccess
LogPluginManager: Mounting plugin GitSourceControl
LogPluginManager: Mounting plugin KDevelopSourceCodeAccess
LogPluginManager: Mounting plugin NullSourceCodeAccess
LogPluginManager: Mounting plugin PerforceSourceControl
LogPluginManager: Mounting plugin SubversionSourceControl
LogPluginManager: Mounting plugin UObjectPlugin
LogPluginManager: Mounting plugin VisualStudioCodeSourceCodeAccess
LogPluginManager: Mounting plugin VisualStudioSourceCodeAccess
LogPluginManager: Mounting plugin XCodeSourceCodeAccess
LogPluginManager: Mounting plugin AssetManagerEditor
LogPluginManager: Mounting plugin CryptoKeys
LogPluginManager: Mounting plugin CurveEditorTools
LogPluginManager: Mounting plugin DataValidation
LogPluginManager: Mounting plugin FacialAnimation
LogPluginManager: Mounting plugin GameplayTagsEditor
LogPluginManager: Mounting plugin MacGraphicsSwitching
LogPluginManager: Mounting plugin MaterialAnalyzer
LogPluginManager: Mounting plugin MobileLauncherProfileWizard
LogPluginManager: Mounting plugin PluginBrowser
LogPluginManager: Mounting plugin SpeedTreeImporter
LogPluginManager: Mounting plugin DatasmithContent
LogPluginManager: Mounting plugin VariantManagerContent
LogPluginManager: Mounting plugin AlembicImporter
LogPluginManager: Mounting plugin AutomationUtils
LogPluginManager: Mounting plugin BackChannel
LogPluginManager: Mounting plugin CharacterAI
LogPluginManager: Mounting plugin GeometryCache
LogPluginManager: Mounting plugin HTML5Networking
LogPluginManager: Mounting plugin PlatformCrypto
LogPluginManager: Mounting plugin ProxyLODPlugin
LogPluginManager: Mounting plugin SkeletalReduction
LogPluginManager: Mounting plugin MagicLeap
LogPluginManager: Mounting plugin MagicLeapMedia
LogPluginManager: Mounting plugin AndroidMedia
LogPluginManager: Mounting plugin AvfMedia
LogPluginManager: Mounting plugin ImgMedia
LogPluginManager: Mounting plugin MediaCompositing
LogPluginManager: Mounting plugin MediaPlayerEditor
LogPluginManager: Mounting plugin WebMMedia
LogPluginManager: Mounting plugin WmfMedia
LogPluginManager: Mounting plugin TcpMessaging
LogPluginManager: Mounting plugin UdpMessaging
LogPluginManager: Mounting plugin ActorSequence
LogPluginManager: Mounting plugin LevelSequenceEditor
LogPluginManager: Mounting plugin MatineeToLevelSequence
LogPluginManager: Mounting plugin NetcodeUnitTest
LogPluginManager: Mounting plugin NUTUnrealEngine4
LogPluginManager: Mounting plugin OnlineSubsystemGooglePlay
LogPluginManager: Mounting plugin OnlineSubsystemIOS
LogPluginManager: Mounting plugin OnlineSubsystem
LogPluginManager: Mounting plugin OnlineSubsystemNull
LogPluginManager: Mounting plugin OnlineSubsystemUtils
LogPluginManager: Mounting plugin LauncherChunkInstaller
LogPluginManager: Mounting plugin AndroidDeviceProfileSelector
LogPluginManager: Mounting plugin AndroidMoviePlayer
LogPluginManager: Mounting plugin AndroidPermission
LogPluginManager: Mounting plugin AppleImageUtils
LogPluginManager: Mounting plugin AppleMoviePlayer
LogPluginManager: Mounting plugin ArchVisCharacter
LogPluginManager: Mounting plugin AudioCapture
LogPluginManager: Mounting plugin CableComponent
LogPluginManager: Mounting plugin CustomMeshComponent
LogPluginManager: Mounting plugin EditableMesh
LogPluginManager: Mounting plugin ExampleDeviceProfileSelector
LogPluginManager: Mounting plugin GoogleCloudMessaging
LogPluginManager: Mounting plugin IOSDeviceProfileSelector
LogPluginManager: Mounting plugin LinuxDeviceProfileSelector
LogPluginManager: Mounting plugin LocationServicesBPLibrary
LogPluginManager: Mounting plugin MobilePatchingUtils
LogPluginManager: Mounting plugin OculusVR
LogPluginManager: Mounting plugin PhysXVehicles
LogPluginManager: Mounting plugin ProceduralMeshComponent
LogPluginManager: Mounting plugin RuntimePhysXCooking
LogPluginManager: Mounting plugin SignificanceManager
LogPluginManager: Mounting plugin SteamVR
LogPluginManager: Mounting plugin WebMMoviePlayer
LogPluginManager: Mounting plugin WindowsMoviePlayer
LogPluginManager: Mounting plugin ScreenshotTools
LogInit: Using libcurl 7.55.1-DEV
LogInit:  - built for x86_64-pc-win32
LogInit:  - supports SSL with OpenSSL/1.1.1
LogInit:  - supports HTTP deflate (compression) using libz 1.2.8
LogInit:  - other features:
LogInit:      CURL_VERSION_SSL
LogInit:      CURL_VERSION_LIBZ
LogInit:      CURL_VERSION_IPV6
LogInit:      CURL_VERSION_ASYNCHDNS
LogInit:      CURL_VERSION_LARGEFILE
LogInit:      CURL_VERSION_IDN
LogInit:  CurlRequestOptions (configurable via config and command line):
LogInit:  - bVerifyPeer = true  - Libcurl will verify peer certificate
LogInit:  - bUseHttpProxy = false  - Libcurl will NOT use HTTP proxy
LogInit:  - bDontReuseConnections = false  - Libcurl will reuse connections
LogInit:  - MaxHostConnections = 16  - Libcurl will limit the number of connections to a host
LogInit:  - LocalHostAddr = Default
LogInit:  - BufferSize = 65536
LogOnline: OSS: Creating online subsystem instance for: NULL
LogInit: WinSock: version 1.1 (2.2), MaxSocks=32767, MaxUdp=65467
LogInit: Build: ++UE4+Release-4.23-CL-8386587
LogInit: Engine Version: 4.23.0-8386587+++UE4+Release-4.23
LogInit: Compatible Engine Version: 4.23.0-8386587+++UE4+Release-4.23
LogInit: Net CL: 8386587
LogInit: OS: Windows 10 (Release 1903) (), CPU: Intel(R) Core(TM) i7-7700HQ CPU @ 2.80GHz, GPU: Intel(R) HD Graphics 630
LogInit: Compiled (64-bit): Aug 31 2019 02:04:44
LogInit: Compiled with Visual C++: 19.16.27030.01
LogInit: Build Configuration: Development
LogInit: Branch Name: ++UE4+Release-4.23
LogInit: Command Line:  -EpicPortal -epicusername=ConzAB84 -epicuserid=8878cbd6ebd44743b5ec66f2401b973d -epiclocale=en-US
LogInit: Base Directory: C:/Program Files/Epic Games/UE_4.23/Engine/Binaries/Win64/
LogInit: Installed Engine Build: 1
LogDevObjectVersion: Number of dev versions registered: 23
LogDevObjectVersion:   Dev-Blueprints (B0D832E4-1F89-4F0D-ACCF-7EB736FD4AA2): 10
LogDevObjectVersion:   Dev-Build (E1C64328-A22C-4D53-A36C-8E866417BD8C): 0
LogDevObjectVersion:   Dev-Core (375EC13C-06E4-48FB-B500-84F0262A717E): 3
LogDevObjectVersion:   Dev-Editor (E4B068ED-F494-42E9-A231-DA0B2E46BB41): 34
LogDevObjectVersion:   Dev-Framework (CFFC743F-43B0-4480-9391-14DF171D2073): 35
LogDevObjectVersion:   Dev-Mobile (B02B49B5-BB20-44E9-A304-32B752E40360): 2
LogDevObjectVersion:   Dev-Networking (A4E4105C-59A1-49B5-A7C5-40C4547EDFEE): 0
LogDevObjectVersion:   Dev-Online (39C831C9-5AE6-47DC-9A44-9C173E1C8E7C): 0
LogDevObjectVersion:   Dev-Physics (78F01B33-EBEA-4F98-B9B4-84EACCB95AA2): 0
LogDevObjectVersion:   Dev-Platform (6631380F-2D4D-43E0-8009-CF276956A95A): 0
LogDevObjectVersion:   Dev-Rendering (12F88B9F-8875-4AFC-A67C-D90C383ABD29): 31
LogDevObjectVersion:   Dev-Sequencer (7B5AE74C-D270-4C10-A958-57980B212A5A): 11
LogDevObjectVersion:   Dev-VR (D7296918-1DD6-4BDD-9DE2-64A83CC13884): 2
LogDevObjectVersion:   Dev-LoadTimes (C2A15278-BFE7-4AFE-6C17-90FF531DF755): 1
LogDevObjectVersion:   Private-Geometry (6EACA3D4-40EC-4CC1-B786-8BED09428FC5): 3
LogDevObjectVersion:   Dev-AnimPhys (29E575DD-E0A3-4627-9D10-D276232CDCEA): 17
LogDevObjectVersion:   Dev-Anim (AF43A65D-7FD3-4947-9873-3E8ED9C1BB05): 2
LogDevObjectVersion:   Dev-ReflectionCapture (6B266CEC-1EC7-4B8F-A30B-E4D90942FC07): 1
LogDevObjectVersion:   Dev-Automation (0DF73D61-A23F-47EA-B727-89E90C41499A): 1
LogDevObjectVersion:   FortniteMain (601D1886-AC64-4F84-AA16-D3DE0DEAC7D6): 27
LogDevObjectVersion:   Dev-Enterprise (9DFFBCD6-494F-0158-E221-12823C92A888): 6
LogDevObjectVersion:   Dev-Niagara (F2AED0AC-9AFE-416F-8664-AA7FFA26D6FC): 1
LogDevObjectVersion:   Dev-Destruction (174F1F0B-B4C6-45A5-B13F-2EE8D0FB917D): 9
LogInit: Presizing for max 16777216 objects, including 0 objects not considered by GC, pre-allocating 0 bytes for permanent pool.
LogInit: Object subsystem initialized
LogConfig: Setting CVar [[con.DebugEarlyDefault:1]]
LogConfig: Setting CVar [[r.setres:1280x720]]
[2019.10.03-01.07.48:485][  0]LogConfig: Setting CVar [[r.VSync:0]]
[2019.10.03-01.07.48:485][  0]LogConfig: Setting CVar [[r.RHICmdBypass:0]]
[2019.10.03-01.07.48:485][  0]LogConfig: Applying CVar settings from Section [/Script/Engine.RendererSettings] File [C:/Users/castl/OneDrive/Documents/Unreal Projects/ONeil_Escape_Class/Saved/Config/Windows/Engine.ini]
[2019.10.03-01.07.48:485][  0]LogConfig: Setting CVar [[r.GPUCrashDebugging:0]]
[2019.10.03-01.07.48:485][  0]LogConfig: Applying CVar settings from Section [/Script/Engine.RendererOverrideSettings] File [C:/Users/castl/OneDrive/Documents/Unreal Projects/ONeil_Escape_Class/Saved/Config/Windows/Engine.ini]
[2019.10.03-01.07.48:485][  0]LogConfig: Applying CVar settings from Section [/Script/Engine.StreamingSettings] File [C:/Users/castl/OneDrive/Documents/Unreal Projects/ONeil_Escape_Class/Saved/Config/Windows/Engine.ini]
[2019.10.03-01.07.48:485][  0]LogConfig: Setting CVar [[s.MinBulkDataSizeForAsyncLoading:131072]]
[2019.10.03-01.07.48:485][  0]LogConfig: Setting CVar [[s.AsyncLoadingThreadEnabled:0]]
[2019.10.03-01.07.48:485][  0]LogConfig: Setting CVar [[s.EventDrivenLoaderEnabled:1]]
[2019.10.03-01.07.48:485][  0]LogConfig: Setting CVar [[s.WarnIfTimeLimitExceeded:0]]
[2019.10.03-01.07.48:485][  0]LogConfig: Setting CVar [[s.TimeLimitExceededMultiplier:1.5]]
[2019.10.03-01.07.48:485][  0]LogConfig: Setting CVar [[s.TimeLimitExceededMinTime:0.005]]
[2019.10.03-01.07.48:485][  0]LogConfig: Setting CVar [[s.UseBackgroundLevelStreaming:1]]
[2019.10.03-01.07.48:485][  0]LogConfig: Setting CVar [[s.PriorityAsyncLoadingExtraTime:15.0]]
[2019.10.03-01.07.48:485][  0]LogConfig: Setting CVar [[s.LevelStreamingActorsUpdateTimeLimit:5.0]]
[2019.10.03-01.07.48:485][  0]LogConfig: Setting CVar [[s.PriorityLevelStreamingActorsUpdateExtraTime:5.0]]
[2019.10.03-01.07.48:485][  0]LogConfig: Setting CVar [[s.LevelStreamingComponentsRegistrationGranularity:10]]
[2019.10.03-01.07.48:485][  0]LogConfig: Setting CVar [[s.UnregisterComponentsTimeLimit:1.0]]
[2019.10.03-01.07.48:485][  0]LogConfig: Setting CVar [[s.LevelStreamingComponentsUnregistrationGranularity:5]]
[2019.10.03-01.07.48:485][  0]LogConfig: Applying CVar settings from Section [/Script/Engine.GarbageCollectionSettings] File [C:/Users/castl/OneDrive/Documents/Unreal Projects/ONeil_Escape_Class/Saved/Config/Windows/Engine.ini]
[2019.10.03-01.07.48:485][  0]LogConfig: Setting CVar [[gc.MaxObjectsNotConsideredByGC:1]]
[2019.10.03-01.07.48:485][  0]LogConfig: Setting CVar [[gc.SizeOfPermanentObjectPool:0]]
[2019.10.03-01.07.48:485][  0]LogConfig: Setting CVar [[gc.FlushStreamingOnGC:0]]
[2019.10.03-01.07.48:485][  0]LogConfig: Setting CVar [[gc.NumRetriesBeforeForcingGC:10]]
[2019.10.03-01.07.48:485][  0]LogConfig: Setting CVar [[gc.AllowParallelGC:1]]
[2019.10.03-01.07.48:485][  0]LogConfig: Setting CVar [[gc.TimeBetweenPurgingPendingKillObjects:61.1]]
[2019.10.03-01.07.48:485][  0]LogConfig: Setting CVar [[gc.MaxObjectsInEditor:16777216]]
[2019.10.03-01.07.48:486][  0]LogConfig: Setting CVar [[gc.IncrementalBeginDestroyEnabled:1]]
[2019.10.03-01.07.48:486][  0]LogConfig: Setting CVar [[gc.CreateGCClusters:1]]
[2019.10.03-01.07.48:486][  0]LogConfig: Setting CVar [[gc.MinGCClusterSize:5]]
[2019.10.03-01.07.48:486][  0]LogConfig: Setting CVar [[gc.ActorClusteringEnabled:0]]
[2019.10.03-01.07.48:486][  0]LogConfig: Setting CVar [[gc.BlueprintClusteringEnabled:0]]
[2019.10.03-01.07.48:486][  0]LogConfig: Setting CVar [[gc.UseDisregardForGCOnDedicatedServers:0]]
[2019.10.03-01.07.48:486][  0]LogConfig: Applying CVar settings from Section [/Script/Engine.NetworkSettings] File [C:/Users/castl/OneDrive/Documents/Unreal Projects/ONeil_Escape_Class/Saved/Config/Windows/Engine.ini]
[2019.10.03-01.07.48:486][  0]LogConfig: Applying CVar settings from Section [/Script/UnrealEd.CookerSettings] File [C:/Users/castl/OneDrive/Documents/Unreal Projects/ONeil_Escape_Class/Saved/Config/Windows/Engine.ini]
[2019.10.03-01.07.48:488][  0]LogConfig: Applying CVar settings from Section [ViewDistanceQuality@3] File [C:/Users/castl/OneDrive/Documents/Unreal Projects/ONeil_Escape_Class/Saved/Config/Windows/Scalability.ini]
[2019.10.03-01.07.48:488][  0]LogConfig: Setting CVar [[r.SkeletalMeshLODBias:0]]
[2019.10.03-01.07.48:488][  0]LogConfig: Setting CVar [[r.ViewDistanceScale:1.0]]
[2019.10.03-01.07.48:488][  0]LogConfig: Applying CVar settings from Section [AntiAliasingQuality@3] File [C:/Users/castl/OneDrive/Documents/Unreal Projects/ONeil_Escape_Class/Saved/Config/Windows/Scalability.ini]
[2019.10.03-01.07.48:488][  0]LogConfig: Setting CVar [[r.PostProcessAAQuality:4]]
[2019.10.03-01.07.48:488][  0]LogConfig: Applying CVar settings from Section [ShadowQuality@3] File [C:/Users/castl/OneDrive/Documents/Unreal Projects/ONeil_Escape_Class/Saved/Config/Windows/Scalability.ini]
[2019.10.03-01.07.48:488][  0]LogConfig: Setting CVar [[r.LightFunctionQuality:1]]
[2019.10.03-01.07.48:488][  0]LogConfig: Setting CVar [[r.ShadowQuality:5]]
[2019.10.03-01.07.48:488][  0]LogConfig: Setting CVar [[r.Shadow.CSM.MaxCascades:10]]
[2019.10.03-01.07.48:488][  0]LogConfig: Setting CVar [[r.Shadow.MaxResolution:2048]]
[2019.10.03-01.07.48:488][  0]LogConfig: Setting CVar [[r.Shadow.MaxCSMResolution:2048]]
[2019.10.03-01.07.48:488][  0]LogConfig: Setting CVar [[r.Shadow.RadiusThreshold:0.01]]
[2019.10.03-01.07.48:488][  0]LogConfig: Setting CVar [[r.Shadow.DistanceScale:1.0]]
[2019.10.03-01.07.48:488][  0]LogConfig: Setting CVar [[r.Shadow.CSM.TransitionScale:1.0]]
[2019.10.03-01.07.48:488][  0]LogConfig: Setting CVar [[r.Shadow.PreShadowResolutionFactor:1.0]]
[2019.10.03-01.07.48:488][  0]LogConfig: Setting CVar [[r.DistanceFieldShadowing:1]]
[2019.10.03-01.07.48:488][  0]LogConfig: Setting CVar [[r.DistanceFieldAO:1]]
[2019.10.03-01.07.48:488][  0]LogConfig: Setting CVar [[r.AOQuality:2]]
[2019.10.03-01.07.48:488][  0]LogConfig: Setting CVar [[r.VolumetricFog:1]]
[2019.10.03-01.07.48:488][  0]LogConfig: Setting CVar [[r.VolumetricFog.GridPixelSize:8]]
[2019.10.03-01.07.48:488][  0]LogConfig: Setting CVar [[r.VolumetricFog.GridSizeZ:128]]
[2019.10.03-01.07.48:488][  0]LogConfig: Setting CVar [[r.VolumetricFog.HistoryMissSupersampleCount:4]]
[2019.10.03-01.07.48:488][  0]LogConfig: Setting CVar [[r.LightMaxDrawDistanceScale:1]]
[2019.10.03-01.07.48:488][  0]LogConfig: Setting CVar [[r.CapsuleShadows:1]]
[2019.10.03-01.07.48:488][  0]LogConfig: Applying CVar settings from Section [PostProcessQuality@3] File [C:/Users/castl/OneDrive/Documents/Unreal Projects/ONeil_Escape_Class/Saved/Config/Windows/Scalability.ini]
[2019.10.03-01.07.48:488][  0]LogConfig: Setting CVar [[r.MotionBlurQuality:4]]
[2019.10.03-01.07.48:488][  0]LogConfig: Setting CVar [[r.AmbientOcclusionMipLevelFactor:0.4]]
[2019.10.03-01.07.48:488][  0]LogConfig: Setting CVar [[r.AmbientOcclusionMaxQuality:100]]
[2019.10.03-01.07.48:488][  0]LogConfig: Setting CVar [[r.AmbientOcclusionLevels:-1]]
[2019.10.03-01.07.48:488][  0]LogConfig: Setting CVar [[r.AmbientOcclusionRadiusScale:1.0]]
[2019.10.03-01.07.48:488][  0]LogConfig: Setting CVar [[r.DepthOfFieldQuality:2]]
[2019.10.03-01.07.48:488][  0]LogConfig: Setting CVar [[r.RenderTargetPoolMin:400]]
[2019.10.03-01.07.48:488][  0]LogConfig: Setting CVar [[r.LensFlareQuality:2]]
[2019.10.03-01.07.48:488][  0]LogConfig: Setting CVar [[r.SceneColorFringeQuality:1]]
[2019.10.03-01.07.48:489][  0]LogConfig: Setting CVar [[r.EyeAdaptationQuality:2]]
[2019.10.03-01.07.48:489][  0]LogConfig: Setting CVar [[r.BloomQuality:5]]
[2019.10.03-01.07.48:489][  0]LogConfig: Setting CVar [[r.FastBlurThreshold:100]]
[2019.10.03-01.07.48:489][  0]LogConfig: Setting CVar [[r.Upscale.Quality:3]]
[2019.10.03-01.07.48:489][  0]LogConfig: Setting CVar [[r.Tonemapper.GrainQuantization:1]]
[2019.10.03-01.07.48:489][  0]LogConfig: Setting CVar [[r.LightShaftQuality:1]]
[2019.10.03-01.07.48:489][  0]LogConfig: Setting CVar [[r.Filter.SizeScale:1]]
[2019.10.03-01.07.48:489][  0]LogConfig: Setting CVar [[r.Tonemapper.Quality:5]]
[2019.10.03-01.07.48:489][  0]LogConfig: Setting CVar [[r.DOF.Gather.AccumulatorQuality:1        ; higher gathering accumulator quality]]
[2019.10.03-01.07.48:489][  0]LogConfig: Setting CVar [[r.DOF.Gather.PostfilterMethod:1          ; Median3x3 postfilering method]]
[2019.10.03-01.07.48:489][  0]LogConfig: Setting CVar [[r.DOF.Gather.EnableBokehSettings:0       ; no bokeh simulation when gathering]]
[2019.10.03-01.07.48:489][  0]LogConfig: Setting CVar [[r.DOF.Gather.RingCount:4                 ; medium number of samples when gathering]]
[2019.10.03-01.07.48:489][  0]LogConfig: Setting CVar [[r.DOF.Scatter.ForegroundCompositing:1    ; additive foreground scattering]]
[2019.10.03-01.07.48:489][  0]LogConfig: Setting CVar [[r.DOF.Scatter.BackgroundCompositing:2    ; additive background scattering]]
[2019.10.03-01.07.48:489][  0]LogConfig: Setting CVar [[r.DOF.Scatter.EnableBokehSettings:1      ; bokeh simulation when scattering]]
[2019.10.03-01.07.48:489][  0]LogConfig: Setting CVar [[r.DOF.Scatter.MaxSpriteRatio:0.1         ; only a maximum of 10% of scattered bokeh]]
[2019.10.03-01.07.48:489][  0]LogConfig: Setting CVar [[r.DOF.Recombine.Quality:1                ; cheap slight out of focus]]
[2019.10.03-01.07.48:489][  0]LogConfig: Setting CVar [[r.DOF.Recombine.EnableBokehSettings:0    ; no bokeh simulation on slight out of focus]]
[2019.10.03-01.07.48:489][  0]LogConfig: Setting CVar [[r.DOF.TemporalAAQuality:1                ; more stable temporal accumulation]]
[2019.10.03-01.07.48:489][  0]LogConfig: Setting CVar [[r.DOF.Kernel.MaxForegroundRadius:0.025]]
[2019.10.03-01.07.48:489][  0]LogConfig: Setting CVar [[r.DOF.Kernel.MaxBackgroundRadius:0.025]]
[2019.10.03-01.07.48:489][  0]LogConfig: Applying CVar settings from Section [TextureQuality@3] File [C:/Users/castl/OneDrive/Documents/Unreal Projects/ONeil_Escape_Class/Saved/Config/Windows/Scalability.ini]
[2019.10.03-01.07.48:489][  0]LogConfig: Setting CVar [[r.Streaming.MipBias:0]]
[2019.10.03-01.07.48:489][  0]LogConfig: Setting CVar [[r.Streaming.AmortizeCPUToGPUCopy:0]]
[2019.10.03-01.07.48:489][  0]LogConfig: Setting CVar [[r.Streaming.MaxNumTexturesToStreamPerFrame:0]]
[2019.10.03-01.07.48:489][  0]LogConfig: Setting CVar [[r.Streaming.Boost:1]]
[2019.10.03-01.07.48:489][  0]LogConfig: Setting CVar [[r.MaxAnisotropy:8]]
[2019.10.03-01.07.48:489][  0]LogConfig: Setting CVar [[r.Streaming.LimitPoolSizeToVRAM:0]]
[2019.10.03-01.07.48:489][  0]LogConfig: Setting CVar [[r.Streaming.PoolSize:1000]]
[2019.10.03-01.07.48:489][  0]LogConfig: Setting CVar [[r.Streaming.MaxEffectiveScreenSize:0]]
[2019.10.03-01.07.48:489][  0]LogConfig: Applying CVar settings from Section [EffectsQuality@3] File [C:/Users/castl/OneDrive/Documents/Unreal Projects/ONeil_Escape_Class/Saved/Config/Windows/Scalability.ini]
[2019.10.03-01.07.48:489][  0]LogConfig: Setting CVar [[r.TranslucencyLightingVolumeDim:64]]
[2019.10.03-01.07.48:489][  0]LogConfig: Setting CVar [[r.RefractionQuality:2]]
[2019.10.03-01.07.48:489][  0]LogConfig: Setting CVar [[r.SSR.Quality:3]]
[2019.10.03-01.07.48:489][  0]LogConfig: Setting CVar [[r.SceneColorFormat:4]]
[2019.10.03-01.07.48:489][  0]LogConfig: Setting CVar [[r.DetailMode:2]]
[2019.10.03-01.07.48:489][  0]LogConfig: Setting CVar [[r.TranslucencyVolumeBlur:1]]
[2019.10.03-01.07.48:489][  0]LogConfig: Setting CVar [[r.MaterialQualityLevel:1 ; High quality]]
[2019.10.03-01.07.48:489][  0]LogConfig: Setting CVar [[r.SSS.Scale:1]]
[2019.10.03-01.07.48:489][  0]LogConfig: Setting CVar [[r.SSS.SampleSet:2]]
[2019.10.03-01.07.48:489][  0]LogConfig: Setting CVar [[r.SSS.Quality:1]]
[2019.10.03-01.07.48:489][  0]LogConfig: Setting CVar [[r.SSS.HalfRes:1]]
[2019.10.03-01.07.48:489][  0]LogConfig: Setting CVar [[r.EmitterSpawnRateScale:1.0]]
[2019.10.03-01.07.48:489][  0]LogConfig: Setting CVar [[r.ParticleLightQuality:2]]
[2019.10.03-01.07.48:489][  0]LogConfig: Applying CVar settings from Section [FoliageQuality@3] File [C:/Users/castl/OneDrive/Documents/Unreal Projects/ONeil_Escape_Class/Saved/Config/Windows/Scalability.ini]
[2019.10.03-01.07.48:489][  0]LogConfig: Setting CVar [[foliage.DensityScale:1.0]]
[2019.10.03-01.07.48:489][  0]LogConfig: Setting CVar [[grass.DensityScale:1.0]]
[2019.10.03-01.07.48:489][  0]LogInit: Selected Device Profile: [Windows]
[2019.10.03-01.07.48:489][  0]LogInit: Applying CVar settings loaded from the selected device profile: [Windows]
[2019.10.03-01.07.48:492][  0]LogHAL: Display: Platform has ~ 16 GB [17068404736 / 17179869184 / 16], which maps to Larger [LargestMinGB=32, LargerMinGB=12, DefaultMinGB=8, SmallerMinGB=6, SmallestMinGB=0)
[2019.10.03-01.07.48:492][  0]LogInit: Going up to parent DeviceProfile []
[2019.10.03-01.07.48:492][  0]LogConfig: Applying CVar settings from Section [ViewDistanceQuality@3] File [C:/Users/castl/OneDrive/Documents/Unreal Projects/ONeil_Escape_Class/Saved/Config/Windows/Scalability.ini]
[2019.10.03-01.07.48:492][  0]LogConfig: Setting CVar [[r.SkeletalMeshLODBias:0]]
[2019.10.03-01.07.48:492][  0]LogConfig: Setting CVar [[r.ViewDistanceScale:1.0]]
[2019.10.03-01.07.48:492][  0]LogConfig: Applying CVar settings from Section [AntiAliasingQuality@3] File [C:/Users/castl/OneDrive/Documents/Unreal Projects/ONeil_Escape_Class/Saved/Config/Windows/Scalability.ini]
[2019.10.03-01.07.48:493][  0]LogConfig: Setting CVar [[r.PostProcessAAQuality:4]]
[2019.10.03-01.07.48:493][  0]LogConfig: Applying CVar settings from Section [ShadowQuality@3] File [C:/Users/castl/OneDrive/Documents/Unreal Projects/ONeil_Escape_Class/Saved/Config/Windows/Scalability.ini]
[2019.10.03-01.07.48:493][  0]LogConfig: Setting CVar [[r.LightFunctionQuality:1]]
[2019.10.03-01.07.48:493][  0]LogConfig: Setting CVar [[r.ShadowQuality:5]]
[2019.10.03-01.07.48:493][  0]LogConfig: Setting CVar [[r.Shadow.CSM.MaxCascades:10]]
[2019.10.03-01.07.48:493][  0]LogConfig: Setting CVar [[r.Shadow.MaxResolution:2048]]
[2019.10.03-01.07.48:493][  0]LogConfig: Setting CVar [[r.Shadow.MaxCSMResolution:2048]]
[2019.10.03-01.07.48:493][  0]LogConfig: Setting CVar [[r.Shadow.RadiusThreshold:0.01]]
[2019.10.03-01.07.48:493][  0]LogConfig: Setting CVar [[r.Shadow.DistanceScale:1.0]]
[2019.10.03-01.07.48:493][  0]LogConfig: Setting CVar [[r.Shadow.CSM.TransitionScale:1.0]]
[2019.10.03-01.07.48:493][  0]LogConfig: Setting CVar [[r.Shadow.PreShadowResolutionFactor:1.0]]
[2019.10.03-01.07.48:493][  0]LogConfig: Setting CVar [[r.DistanceFieldShadowing:1]]
[2019.10.03-01.07.48:493][  0]LogConfig: Setting CVar [[r.DistanceFieldAO:1]]
[2019.10.03-01.07.48:493][  0]LogConfig: Setting CVar [[r.AOQuality:2]]
[2019.10.03-01.07.48:493][  0]LogConfig: Setting CVar [[r.VolumetricFog:1]]
[2019.10.03-01.07.48:493][  0]LogConfig: Setting CVar [[r.VolumetricFog.GridPixelSize:8]]
[2019.10.03-01.07.48:493][  0]LogConfig: Setting CVar [[r.VolumetricFog.GridSizeZ:128]]
[2019.10.03-01.07.48:493][  0]LogConfig: Setting CVar [[r.VolumetricFog.HistoryMissSupersampleCount:4]]
[2019.10.03-01.07.48:493][  0]LogConfig: Setting CVar [[r.LightMaxDrawDistanceScale:1]]
[2019.10.03-01.07.48:493][  0]LogConfig: Setting CVar [[r.CapsuleShadows:1]]
[2019.10.03-01.07.48:493][  0]LogConfig: Applying CVar settings from Section [PostProcessQuality@3] File [C:/Users/castl/OneDrive/Documents/Unreal Projects/ONeil_Escape_Class/Saved/Config/Windows/Scalability.ini]
[2019.10.03-01.07.48:493][  0]LogConfig: Setting CVar [[r.MotionBlurQuality:4]]
[2019.10.03-01.07.48:493][  0]LogConfig: Setting CVar [[r.AmbientOcclusionMipLevelFactor:0.4]]
[2019.10.03-01.07.48:493][  0]LogConfig: Setting CVar [[r.AmbientOcclusionMaxQuality:100]]
[2019.10.03-01.07.48:493][  0]LogConfig: Setting CVar [[r.AmbientOcclusionLevels:-1]]
[2019.10.03-01.07.48:493][  0]LogConfig: Setting CVar [[r.AmbientOcclusionRadiusScale:1.0]]
[2019.10.03-01.07.48:493][  0]LogConfig: Setting CVar [[r.DepthOfFieldQuality:2]]
[2019.10.03-01.07.48:493][  0]LogConfig: Setting CVar [[r.RenderTargetPoolMin:400]]
[2019.10.03-01.07.48:493][  0]LogConfig: Setting CVar [[r.LensFlareQuality:2]]
[2019.10.03-01.07.48:493][  0]LogConfig: Setting CVar [[r.SceneColorFringeQuality:1]]
[2019.10.03-01.07.48:493][  0]LogConfig: Setting CVar [[r.EyeAdaptationQuality:2]]
[2019.10.03-01.07.48:493][  0]LogConfig: Setting CVar [[r.BloomQuality:5]]
[2019.10.03-01.07.48:493][  0]LogConfig: Setting CVar [[r.FastBlurThreshold:100]]
[2019.10.03-01.07.48:493][  0]LogConfig: Setting CVar [[r.Upscale.Quality:3]]
[2019.10.03-01.07.48:493][  0]LogConfig: Setting CVar [[r.Tonemapper.GrainQuantization:1]]
[2019.10.03-01.07.48:493][  0]LogConfig: Setting CVar [[r.LightShaftQuality:1]]
[2019.10.03-01.07.48:493][  0]LogConfig: Setting CVar [[r.Filter.SizeScale:1]]
[2019.10.03-01.07.48:493][  0]LogConfig: Setting CVar [[r.Tonemapper.Quality:5]]
[2019.10.03-01.07.48:493][  0]LogConfig: Setting CVar [[r.DOF.Gather.AccumulatorQuality:1        ; higher gathering accumulator quality]]
[2019.10.03-01.07.48:493][  0]LogConfig: Setting CVar [[r.DOF.Gather.PostfilterMethod:1          ; Median3x3 postfilering method]]
[2019.10.03-01.07.48:493][  0]LogConfig: Setting CVar [[r.DOF.Gather.EnableBokehSettings:0       ; no bokeh simulation when gathering]]
[2019.10.03-01.07.48:493][  0]LogConfig: Setting CVar [[r.DOF.Gather.RingCount:4                 ; medium number of samples when gathering]]
[2019.10.03-01.07.48:493][  0]LogConfig: Setting CVar [[r.DOF.Scatter.ForegroundCompositing:1    ; additive foreground scattering]]
[2019.10.03-01.07.48:493][  0]LogConfig: Setting CVar [[r.DOF.Scatter.BackgroundCompositing:2    ; additive background scattering]]
[2019.10.03-01.07.48:493][  0]LogConfig: Setting CVar [[r.DOF.Scatter.EnableBokehSettings:1      ; bokeh simulation when scattering]]
[2019.10.03-01.07.48:493][  0]LogConfig: Setting CVar [[r.DOF.Scatter.MaxSpriteRatio:0.1         ; only a maximum of 10% of scattered bokeh]]
[2019.10.03-01.07.48:493][  0]LogConfig: Setting CVar [[r.DOF.Recombine.Quality:1                ; cheap slight out of focus]]
[2019.10.03-01.07.48:493][  0]LogConfig: Setting CVar [[r.DOF.Recombine.EnableBokehSettings:0    ; no bokeh simulation on slight out of focus]]
[2019.10.03-01.07.48:493][  0]LogConfig: Setting CVar [[r.DOF.TemporalAAQuality:1                ; more stable temporal accumulation]]
[2019.10.03-01.07.48:493][  0]LogConfig: Setting CVar [[r.DOF.Kernel.MaxForegroundRadius:0.025]]
[2019.10.03-01.07.48:493][  0]LogConfig: Setting CVar [[r.DOF.Kernel.MaxBackgroundRadius:0.025]]
[2019.10.03-01.07.48:493][  0]LogConfig: Applying CVar settings from Section [TextureQuality@3] File [C:/Users/castl/OneDrive/Documents/Unreal Projects/ONeil_Escape_Class/Saved/Config/Windows/Scalability.ini]
[2019.10.03-01.07.48:493][  0]LogConfig: Setting CVar [[r.Streaming.MipBias:0]]
[2019.10.03-01.07.48:493][  0]LogConfig: Setting CVar [[r.Streaming.AmortizeCPUToGPUCopy:0]]
[2019.10.03-01.07.48:493][  0]LogConfig: Setting CVar [[r.Streaming.MaxNumTexturesToStreamPerFrame:0]]
[2019.10.03-01.07.48:493][  0]LogConfig: Setting CVar [[r.Streaming.Boost:1]]
[2019.10.03-01.07.48:493][  0]LogConfig: Setting CVar [[r.MaxAnisotropy:8]]
[2019.10.03-01.07.48:493][  0]LogConfig: Setting CVar [[r.Streaming.LimitPoolSizeToVRAM:0]]
[2019.10.03-01.07.48:493][  0]LogConfig: Setting CVar [[r.Streaming.PoolSize:1000]]
[2019.10.03-01.07.48:493][  0]LogConfig: Setting CVar [[r.Streaming.MaxEffectiveScreenSize:0]]
[2019.10.03-01.07.48:493][  0]LogConfig: Applying CVar settings from Section [EffectsQuality@3] File [C:/Users/castl/OneDrive/Documents/Unreal Projects/ONeil_Escape_Class/Saved/Config/Windows/Scalability.ini]
[2019.10.03-01.07.48:493][  0]LogConfig: Setting CVar [[r.TranslucencyLightingVolumeDim:64]]
[2019.10.03-01.07.48:493][  0]LogConfig: Setting CVar [[r.RefractionQuality:2]]
[2019.10.03-01.07.48:493][  0]LogConfig: Setting CVar [[r.SSR.Quality:3]]
[2019.10.03-01.07.48:493][  0]LogConfig: Setting CVar [[r.SceneColorFormat:4]]
[2019.10.03-01.07.48:493][  0]LogConfig: Setting CVar [[r.DetailMode:2]]
[2019.10.03-01.07.48:493][  0]LogConfig: Setting CVar [[r.TranslucencyVolumeBlur:1]]
[2019.10.03-01.07.48:493][  0]LogConfig: Setting CVar [[r.MaterialQualityLevel:1 ; High quality]]
[2019.10.03-01.07.48:493][  0]LogConfig: Setting CVar [[r.SSS.Scale:1]]
[2019.10.03-01.07.48:493][  0]LogConfig: Setting CVar [[r.SSS.SampleSet:2]]
[2019.10.03-01.07.48:493][  0]LogConfig: Setting CVar [[r.SSS.Quality:1]]
[2019.10.03-01.07.48:493][  0]LogConfig: Setting CVar [[r.SSS.HalfRes:1]]
[2019.10.03-01.07.48:493][  0]LogConfig: Setting CVar [[r.EmitterSpawnRateScale:1.0]]
[2019.10.03-01.07.48:493][  0]LogConfig: Setting CVar [[r.ParticleLightQuality:2]]
[2019.10.03-01.07.48:493][  0]LogConfig: Applying CVar settings from Section [FoliageQuality@3] File [C:/Users/castl/OneDrive/Documents/Unreal Projects/ONeil_Escape_Class/Saved/Config/Windows/Scalability.ini]
[2019.10.03-01.07.48:493][  0]LogConfig: Setting CVar [[foliage.DensityScale:1.0]]
[2019.10.03-01.07.48:494][  0]LogConfig: Setting CVar [[grass.DensityScale:1.0]]
[2019.10.03-01.07.48:494][  0]LogConfig: Applying CVar settings from Section [Startup] File [../../../Engine/Config/ConsoleVariables.ini]
[2019.10.03-01.07.48:494][  0]LogConfig: Setting CVar [[net.UseAdaptiveNetUpdateFrequency:0]]
[2019.10.03-01.07.48:494][  0]LogConfig: Setting CVar [[p.chaos.AllowCreatePhysxBodies:1]]
[2019.10.03-01.07.48:494][  0]LogConfig: Applying CVar settings from Section [ConsoleVariables] File [C:/Users/castl/OneDrive/Documents/Unreal Projects/ONeil_Escape_Class/Saved/Config/Windows/Engine.ini]
[2019.10.03-01.07.48:494][  0]LogInit: Computer: LAPTOP-QK3D5VET
[2019.10.03-01.07.48:494][  0]LogInit: User: castl
[2019.10.03-01.07.48:494][  0]LogInit: CPU Page size=4096, Cores=4
[2019.10.03-01.07.48:494][  0]LogInit: High frequency timer resolution =10.000000 MHz
[2019.10.03-01.07.48:494][  0]LogMemory: Memory total: Physical=15.9GB (16GB approx)
[2019.10.03-01.07.48:494][  0]LogMemory: Platform Memory Stats for Windows
[2019.10.03-01.07.48:494][  0]LogMemory: Process Physical Memory: 100.70 MB used, 100.71 MB peak
[2019.10.03-01.07.48:494][  0]LogMemory: Process Virtual Memory: 100.76 MB used, 100.76 MB peak
[2019.10.03-01.07.48:494][  0]LogMemory: Physical Memory: 8096.54 MB used,  8181.16 MB free, 16277.70 MB total
[2019.10.03-01.07.48:494][  0]LogMemory: Virtual Memory: 4654.00 MB used,  134213072.00 MB free, 134217728.00 MB total
[2019.10.03-01.07.48:499][  0]LogWindows: WindowsPlatformFeatures enabled
[2019.10.03-01.07.48:531][  0]LogInit: Using OS detected language (en-US).
[2019.10.03-01.07.48:531][  0]LogInit: Using OS detected locale (en-US).
[2019.10.03-01.07.48:533][  0]LogTextLocalizationManager: No specific localization for 'en-US' exists, so the 'en' localization will be used.
[2019.10.03-01.07.48:709][  0]LogInit: Setting process to per monitor DPI aware
[2019.10.03-01.07.48:770][  0]LogSlate: New Slate User Created.  User Index 0, Is Virtual User: 0
[2019.10.03-01.07.48:770][  0]LogSlate: Slate User Registered.  User Index 0, Is Virtual User: 0
[2019.10.03-01.07.49:019][  0]LogHMD: Failed to initialize OpenVR with code 110
[2019.10.03-01.07.49:020][  0]LogD3D11RHI: D3D11 adapters:
[2019.10.03-01.07.49:099][  0]LogD3D11RHI:    0. 'NVIDIA GeForce GTX 1060' (Feature Level 11_0)
[2019.10.03-01.07.49:099][  0]LogD3D11RHI:       6061/0/8138 MB DedicatedVideo/DedicatedSystem/SharedSystem, Outputs:1, VendorId:0x10de
[2019.10.03-01.07.49:112][  0]LogD3D11RHI:    1. 'Intel(R) HD Graphics 630' (Feature Level 11_0)
[2019.10.03-01.07.49:112][  0]LogD3D11RHI:       128/0/8138 MB DedicatedVideo/DedicatedSystem/SharedSystem, Outputs:0, VendorId:0x8086
[2019.10.03-01.07.49:114][  0]LogD3D11RHI:    2. 'Microsoft Basic Render Driver' (Feature Level 11_0)
[2019.10.03-01.07.49:114][  0]LogD3D11RHI:       0/0/8138 MB DedicatedVideo/DedicatedSystem/SharedSystem, Outputs:0, VendorId:0x1414
[2019.10.03-01.07.49:114][  0]LogD3D11RHI: Chosen D3D11 Adapter: 0
[2019.10.03-01.07.49:147][  0]LogD3D11RHI: Creating new Direct3DDevice
[2019.10.03-01.07.49:147][  0]LogD3D11RHI:     GPU DeviceId: 0x1c20 (for the marketing name, search the web for "GPU Device Id")
[2019.10.03-01.07.49:147][  0]LogWindows: EnumDisplayDevices:
[2019.10.03-01.07.49:147][  0]LogWindows:    0. 'Intel(R) HD Graphics 630' (P:1 D:1)
[2019.10.03-01.07.49:147][  0]LogWindows:    1. 'Intel(R) HD Graphics 630' (P:0 D:0)
[2019.10.03-01.07.49:148][  0]LogWindows:    2. 'Intel(R) HD Graphics 630' (P:0 D:0)
[2019.10.03-01.07.49:148][  0]LogWindows:    3. 'NVIDIA GeForce GTX 1060' (P:0 D:0)
[2019.10.03-01.07.49:148][  0]LogWindows: DebugString: PrimaryIsNotTheChoosenAdapter PrimaryIsNotTheChoosenAdapter PrimaryIsNotTheChoosenAdapter 
[2019.10.03-01.07.49:149][  0]LogD3D11RHI:     Adapter Name: NVIDIA GeForce GTX 1060
[2019.10.03-01.07.49:149][  0]LogD3D11RHI:   Driver Version: 388.73 (internal:23.21.13.8873, unified:388.73)
[2019.10.03-01.07.49:149][  0]LogD3D11RHI:      Driver Date: 12-18-2017
[2019.10.03-01.07.49:149][  0]LogRHI: Texture pool is 4242 MB (70% of 6061 MB)
[2019.10.03-01.07.49:181][  0]LogD3D11RHI: Async texture creation enabled
[2019.10.03-01.07.49:193][  0]LogD3D11RHI: GPU Timing Frequency: 1000.000000 (Debug: 2 1)
[2019.10.03-01.07.49:570][  0]LogTemp: Display: Module 'AllDesktopTargetPlatform' loaded TargetPlatform 'AllDesktop'
[2019.10.03-01.07.49:582][  0]LogTemp: Display: Module 'MacClientTargetPlatform' loaded TargetPlatform 'MacClient'
[2019.10.03-01.07.49:592][  0]LogTemp: Display: Module 'MacNoEditorTargetPlatform' loaded TargetPlatform 'MacNoEditor'
[2019.10.03-01.07.49:603][  0]LogTemp: Display: Module 'MacServerTargetPlatform' loaded TargetPlatform 'MacServer'
[2019.10.03-01.07.49:614][  0]LogTemp: Display: Module 'MacTargetPlatform' loaded TargetPlatform 'Mac'
[2019.10.03-01.07.49:624][  0]LogTemp: Display: Module 'WindowsClientTargetPlatform' loaded TargetPlatform 'WindowsClient'
[2019.10.03-01.07.49:635][  0]LogTemp: Display: Module 'WindowsNoEditorTargetPlatform' loaded TargetPlatform 'WindowsNoEditor'
[2019.10.03-01.07.49:646][  0]LogTemp: Display: Module 'WindowsServerTargetPlatform' loaded TargetPlatform 'WindowsServer'
[2019.10.03-01.07.49:651][  0]LogTemp: Display: Module 'WindowsTargetPlatform' loaded TargetPlatform 'Windows'
[2019.10.03-01.07.49:685][  0]LogTemp: Display: Module 'AndroidTargetPlatform' loaded TargetPlatform 'Android'
[2019.10.03-01.07.49:685][  0]LogTemp: Display: Module 'AndroidTargetPlatform' loaded TargetPlatform 'Android_ASTC'
[2019.10.03-01.07.49:685][  0]LogTemp: Display: Module 'AndroidTargetPlatform' loaded TargetPlatform 'Android_ATC'
[2019.10.03-01.07.49:685][  0]LogTemp: Display: Module 'AndroidTargetPlatform' loaded TargetPlatform 'Android_DXT'
[2019.10.03-01.07.49:685][  0]LogTemp: Display: Module 'AndroidTargetPlatform' loaded TargetPlatform 'Android_ETC1'
[2019.10.03-01.07.49:685][  0]LogTemp: Display: Module 'AndroidTargetPlatform' loaded TargetPlatform 'Android_ETC1a'
[2019.10.03-01.07.49:685][  0]LogTemp: Display: Module 'AndroidTargetPlatform' loaded TargetPlatform 'Android_ETC2'
[2019.10.03-01.07.49:685][  0]LogTemp: Display: Module 'AndroidTargetPlatform' loaded TargetPlatform 'Android_PVRTC'
[2019.10.03-01.07.49:685][  0]LogTemp: Display: Module 'AndroidTargetPlatform' loaded TargetPlatform 'AndroidClient'
[2019.10.03-01.07.49:685][  0]LogTemp: Display: Module 'AndroidTargetPlatform' loaded TargetPlatform 'Android_ASTCClient'
[2019.10.03-01.07.49:685][  0]LogTemp: Display: Module 'AndroidTargetPlatform' loaded TargetPlatform 'Android_ATCClient'
[2019.10.03-01.07.49:685][  0]LogTemp: Display: Module 'AndroidTargetPlatform' loaded TargetPlatform 'Android_DXTClient'
[2019.10.03-01.07.49:685][  0]LogTemp: Display: Module 'AndroidTargetPlatform' loaded TargetPlatform 'Android_ETC1Client'
[2019.10.03-01.07.49:685][  0]LogTemp: Display: Module 'AndroidTargetPlatform' loaded TargetPlatform 'Android_ETC1aClient'
[2019.10.03-01.07.49:685][  0]LogTemp: Display: Module 'AndroidTargetPlatform' loaded TargetPlatform 'Android_ETC2Client'
[2019.10.03-01.07.49:685][  0]LogTemp: Display: Module 'AndroidTargetPlatform' loaded TargetPlatform 'Android_PVRTCClient'
[2019.10.03-01.07.49:685][  0]LogTemp: Display: Module 'AndroidTargetPlatform' loaded TargetPlatform 'Android_Multi'
[2019.10.03-01.07.49:685][  0]LogTemp: Display: Module 'AndroidTargetPlatform' loaded TargetPlatform 'Android_MultiClient'
[2019.10.03-01.07.49:687][  0]LogTemp: Display: Module 'HTML5TargetPlatform' loaded TargetPlatform 'HTML5'
[2019.10.03-01.07.49:707][  0]LogTemp: Display: Module 'IOSTargetPlatform' loaded TargetPlatform 'IOSClient'
[2019.10.03-01.07.49:707][  0]LogTemp: Display: Module 'IOSTargetPlatform' loaded TargetPlatform 'IOS'
[2019.10.03-01.07.49:723][  0]LogTemp: Display: Module 'TVOSTargetPlatform' loaded TargetPlatform 'TVOSClient'
[2019.10.03-01.07.49:723][  0]LogTemp: Display: Module 'TVOSTargetPlatform' loaded TargetPlatform 'TVOS'
[2019.10.03-01.07.49:730][  0]LogTemp: Display: Module 'LinuxClientTargetPlatform' loaded TargetPlatform 'LinuxClient'
[2019.10.03-01.07.49:737][  0]LogTemp: Display: Module 'LinuxNoEditorTargetPlatform' loaded TargetPlatform 'LinuxNoEditor'
[2019.10.03-01.07.49:745][  0]LogTemp: Display: Module 'LinuxServerTargetPlatform' loaded TargetPlatform 'LinuxServer'
[2019.10.03-01.07.49:754][  0]LogTemp: Display: Module 'LinuxTargetPlatform' loaded TargetPlatform 'Linux'
[2019.10.03-01.07.49:782][  0]LogTemp: Display: Module 'LuminTargetPlatform' loaded TargetPlatform 'Lumin'
[2019.10.03-01.07.49:782][  0]LogTemp: Display: Module 'LuminTargetPlatform' loaded TargetPlatform 'LuminClient'
[2019.10.03-01.07.49:782][  0]LogTargetPlatformManager: Display: Building Assets For Windows
[2019.10.03-01.07.49:794][  0]LogAudioDebug: Display: Lib vorbis DLL was dynamically loaded.
[2019.10.03-01.07.49:864][  0]LogShaderCompilers: Guid format shader working directory is -38 characters bigger than the processId version (../../../../../../Users/castl/OneDrive/Documents/Unreal Projects/ONeil_Escape_Class/Intermediate/Shaders/WorkingDirectory/11528/).
[2019.10.03-01.07.49:864][  0]LogShaderCompilers: Cleaned the shader compiler working directory 'C:/Users/castl/AppData/Local/Temp/UnrealShaderWorkingDir/3CE9B5C0403763E45FC7EEA0115687BD/'.
[2019.10.03-01.07.49:867][  0]LogXGEController: Cannot use XGE Controller as Incredibuild is not installed on this machine.
[2019.10.03-01.07.49:868][  0]LogShaderCompilers: Cannot use XGE Shader Compiler as Incredibuild is not installed on this machine.
[2019.10.03-01.07.49:868][  0]LogShaderCompilers: Display: Using Local Shader Compiler.
[2019.10.03-01.07.50:497][  0]LogDerivedDataCache: Display: Max Cache Size: 512 MB
[2019.10.03-01.07.50:545][  0]LogDerivedDataCache: Loaded boot cache 0.05s 74MB C:/Users/castl/AppData/Local/UnrealEngine/4.23/DerivedDataCache/Boot.ddc.
[2019.10.03-01.07.50:545][  0]LogDerivedDataCache: Display: Loaded Boot cache: C:/Users/castl/AppData/Local/UnrealEngine/4.23/DerivedDataCache/Boot.ddc
[2019.10.03-01.07.50:545][  0]LogDerivedDataCache: FDerivedDataBackendGraph:  Pak pak cache file ../../../../../../Users/castl/OneDrive/Documents/Unreal Projects/ONeil_Escape_Class/DerivedDataCache/DDC.ddp not found, will not use a pak cache.
[2019.10.03-01.07.50:545][  0]LogDerivedDataCache: Unable to find inner node Pak for hierarchical cache Hierarchy.
[2019.10.03-01.07.50:545][  0]LogDerivedDataCache: FDerivedDataBackendGraph:  CompressedPak pak cache file ../../../../../../Users/castl/OneDrive/Documents/Unreal Projects/ONeil_Escape_Class/DerivedDataCache/Compressed.ddp not found, will not use a pak cache.
[2019.10.03-01.07.50:545][  0]LogDerivedDataCache: Unable to find inner node CompressedPak for hierarchical cache Hierarchy.
[2019.10.03-01.07.50:556][  0]LogDerivedDataCache: Display: Pak cache opened for reading ../../../Engine/DerivedDataCache/Compressed.ddp.
[2019.10.03-01.07.50:556][  0]LogDerivedDataCache: FDerivedDataBackendGraph:  EnterprisePak pak cache file ../../../Enterprise/DerivedDataCache/Compressed.ddp not found, will not use a pak cache.
[2019.10.03-01.07.50:556][  0]LogDerivedDataCache: Unable to find inner node EnterprisePak for hierarchical cache Hierarchy.
[2019.10.03-01.07.50:557][  0]LogDerivedDataCache: Using Local data cache path C:/Users/castl/AppData/Local/UnrealEngine/Common/DerivedDataCache: Writable
[2019.10.03-01.07.50:557][  0]LogDerivedDataCache: Shared data cache path not found in *engine.ini, will not use an Shared cache.
[2019.10.03-01.07.50:557][  0]LogDerivedDataCache: Unable to find inner node Shared for hierarchical cache Hierarchy.
[2019.10.03-01.07.50:579][  0]LogMaterial: Verifying Global Shaders for PCD3D_SM5
[2019.10.03-01.07.50:582][  0]LogSlate: Using FreeType 2.6.0
[2019.10.03-01.07.50:583][  0]LogSlate: SlateFontServices - WITH_FREETYPE: 1, WITH_HARFBUZZ: 1
[2019.10.03-01.07.50:650][  0]LogAssetRegistry: FAssetRegistry took 0.0025 seconds to start up
[2019.10.03-01.07.50:956][  0]LogInit: Selected Device Profile: [Windows]
[2019.10.03-01.07.51:124][  0]LogMeshReduction: Using QuadricMeshReduction for automatic static mesh reduction
[2019.10.03-01.07.51:124][  0]LogMeshReduction: Using SimplygonMeshReduction for automatic skeletal mesh reduction
[2019.10.03-01.07.51:124][  0]LogMeshReduction: Using ProxyLODMeshReduction for automatic mesh merging
[2019.10.03-01.07.51:124][  0]LogMeshReduction: No distributed automatic mesh merging module available
[2019.10.03-01.07.51:124][  0]LogMeshMerging: No distributed automatic mesh merging module available
[2019.10.03-01.07.51:136][  0]LogNetVersion: ONeil_Escape_Class 1.0.0, NetCL: 8386587, EngineNetVer: 11, GameNetVer: 0 (Checksum: 136843266)
[2019.10.03-01.07.51:621][  0]LogPackageLocalizationCache: Processed 12 localized package path(s) for 1 prioritized culture(s) in 0.040594 seconds
[2019.10.03-01.07.51:630][  0]LogUObjectArray: 43444 objects as part of root set at end of initial load.
[2019.10.03-01.07.51:630][  0]LogUObjectAllocator: 7548648 out of 0 bytes used by permanent object pool.
[2019.10.03-01.07.51:630][  0]LogUObjectArray: CloseDisregardForGC: 0/0 objects in disregard for GC pool
[2019.10.03-01.07.52:668][  0]LogTcpMessaging: Initializing TcpMessaging bridge
[2019.10.03-01.07.52:671][  0]LogUdpMessaging: Initializing bridge on interface 0.0.0.0:0 to multicast group 230.0.0.1:6666.
[2019.10.03-01.07.52:730][  0]SourceControl: Source control is disabled
[2019.10.03-01.07.52:730][  0]SourceControl: Source control is disabled
[2019.10.03-01.07.52:732][  0]SourceControl: Source control is disabled
[2019.10.03-01.07.52:734][  0]SourceControl: Source control is disabled
[2019.10.03-01.07.52:833][  0]LogAndroidPermission: UAndroidPermissionCallbackProxy::GetInstance
[2019.10.03-01.07.53:150][  0]LogOcInput: OculusInput pre-init called
[2019.10.03-01.07.53:159][  0]LogWindows: Failed to load 'OVRPlugin.dll' (GetLastError=126)
[2019.10.03-01.07.53:159][  0]LogWindows: File 'OVRPlugin.dll' does not exist
[2019.10.03-01.07.53:235][  0]LogEngine: Initializing Engine...
[2019.10.03-01.07.53:236][  0]LogHMD: Failed to initialize OpenVR with code 110
[2019.10.03-01.07.53:237][  0]LogStats: UGameplayTagsManager::InitializeManager -  0.000 s
[2019.10.03-01.07.53:532][  0]LogInit: Initializing FReadOnlyCVARCache
[2019.10.03-01.07.53:554][  0]LogAIModule: Creating AISystem for world Untitled
[2019.10.03-01.07.53:592][  0]LogInit: XAudio2 using 'Speakers (Elgato Sound Capture)' : 2 channels at 48 kHz using 16 bits per sample (channel mask 0x3)
[2019.10.03-01.07.53:630][  0]LogInit: FAudioDevice initialized.
[2019.10.03-01.07.53:630][  0]LogNetVersion: Set ProjectVersion to 1.0.0.0. Version Checksum will be recalculated on next use.
[2019.10.03-01.07.53:701][  0]LogDerivedDataCache: Saved boot cache 0.07s 74MB C:/Users/castl/AppData/Local/UnrealEngine/4.23/DerivedDataCache/Boot.ddc.
[2019.10.03-01.07.53:701][  0]LogInit: Texture streaming: Enabled
[2019.10.03-01.07.53:730][  0]LogEngineSessionManager: EngineSessionManager initialized
[2019.10.03-01.07.53:774][  0]LogInit: Transaction tracking system initialized
[2019.10.03-01.07.53:826][  0]BlueprintLog: New page: Editor Load
[2019.10.03-01.07.53:936][  0]LocalizationService: Localization service is disabled
[2019.10.03-01.07.54:195][  0]LogFileCache: Scanning file cache for directory 'C:/Users/castl/OneDrive/Documents/Unreal Projects/ONeil_Escape_Class/Content/' took 0.00s
[2019.10.03-01.07.54:195][  0]LogCook: Display: Max memory allowance for cook 16384mb min free memory 0mb
[2019.10.03-01.07.54:195][  0]LogCook: Display: Mobile HDR setting 1
[2019.10.03-01.07.54:412][  0]SourceControl: Source control is disabled
[2019.10.03-01.07.54:412][  0]Cmd: MAP LOAD FILE="../../../../../../Users/castl/OneDrive/Documents/Unreal Projects/ONeil_Escape_Class/Content/FirstPersonBP/Maps/FirstPersonExampleMap.umap" TEMPLATE=0 SHOWPROGRESS=1 FEATURELEVEL=3
[2019.10.03-01.07.54:413][  0]LightingResults: New page: Lighting Build
[2019.10.03-01.07.54:417][  0]LogWorld: UWorld::CleanupWorld for Untitled, bSessionEnded=true, bCleanupResources=true
[2019.10.03-01.07.54:417][  0]MapCheck: New page: Map Check
[2019.10.03-01.07.54:417][  0]LightingResults: New page: Lighting Build
[2019.10.03-01.07.54:443][  0]LogUObjectHash: Compacting FUObjectHashTables data took   1.61ms
[2019.10.03-01.07.54:762][  0]LogAIModule: Creating AISystem for world FirstPersonExampleMap
[2019.10.03-01.07.54:775][  0]LogEditorServer: Finished looking for orphan Actors (0.000 secs)
[2019.10.03-01.07.54:804][  0]LogUObjectHash: Compacting FUObjectHashTables data took   2.04ms
[2019.10.03-01.07.54:804][  0]Cmd: MAP CHECKDEP NOCLEARLOG
[2019.10.03-01.07.54:804][  0]MapCheck: Map check complete: 0 Error(s), 0 Warning(s), took 0.184ms to complete.
[2019.10.03-01.07.54:804][  0]LogFileHelpers: Loading map 'FirstPersonExampleMap' took 0.392
[2019.10.03-01.07.54:942][  0]LogSlate: Updating window title bar state: overlay mode, drag disabled, window buttons hidden, title bar hidden
[2019.10.03-01.07.54:949][  0]LogSlate: Updating window title bar state: overlay mode, drag disabled, window buttons hidden, title bar hidden
[2019.10.03-01.07.54:962][  0]LogSlate: Updating window title bar state: overlay mode, drag disabled, window buttons hidden, title bar hidden
[2019.10.03-01.07.54:975][  0]LogSlate: Updating window title bar state: overlay mode, drag disabled, window buttons hidden, title bar hidden
[2019.10.03-01.07.54:992][  0]LogCollectionManager: Loaded 0 collections in 0.005317 seconds
[2019.10.03-01.07.55:008][  0]LogFileCache: Scanning file cache for directory 'C:/Users/castl/OneDrive/Documents/Unreal Projects/ONeil_Escape_Class/Saved/Collections/' took 0.00s
[2019.10.03-01.07.55:008][  0]LogFileCache: Scanning file cache for directory 'C:/Users/castl/OneDrive/Documents/Unreal Projects/ONeil_Escape_Class/Content/Developers/castl/Collections/' took 0.00s
[2019.10.03-01.07.55:008][  0]LogFileCache: Scanning file cache for directory 'C:/Users/castl/OneDrive/Documents/Unreal Projects/ONeil_Escape_Class/Content/Collections/' took 0.00s
[2019.10.03-01.07.55:008][  0]LogCollectionManager: Rebuilt the GUID cache for 0 collections in 0.000007 seconds
[2019.10.03-01.07.55:022][  0]LogContentBrowser: Native class hierarchy populated in 0.0135 seconds. Added 2863 classes and 680 folders.
[2019.10.03-01.07.55:039][  0]LogContentBrowser: Native class hierarchy updated for 'WidgetCarousel' in 0.0003 seconds. Added 0 classes and 0 folders.
[2019.10.03-01.07.55:110][  0]LogContentBrowser: Native class hierarchy updated for 'AddContentDialog' in 0.0002 seconds. Added 0 classes and 0 folders.
[2019.10.03-01.07.55:116][  0]LogContentBrowser: Native class hierarchy updated for 'SceneOutliner' in 0.0002 seconds. Added 1 classes and 2 folders.
[2019.10.03-01.07.55:139][  0]LogSlate: Took 0.000480 seconds to synchronously load lazily loaded font '../../../Engine/Content/Slate/Fonts/Roboto-Regular.ttf' (155K)
[2019.10.03-01.07.55:147][  0]LogSlate: Took 0.000525 seconds to synchronously load lazily loaded font '../../../Engine/Content/Slate/Fonts/Roboto-Bold.ttf' (160K)
[2019.10.03-01.07.55:161][  0]LogSlate: Took 0.000250 seconds to synchronously load lazily loaded font '../../../Engine/Content/Editor/Slate/Fonts/FontAwesome.ttf' (139K)
[2019.10.03-01.07.55:237][  0]LogRenderer: Reallocating scene render targets to support 964x436 Format 10 NumSamples 1 (Frame:1).
[2019.10.03-01.07.55:436][  0]LogSlate: FSceneViewport::OnFocusLost() reason 5
[2019.10.03-01.07.55:468][  0]LogSlate: Window 'Tutorials' being destroyed
[2019.10.03-01.07.55:485][  0]LogContentBrowser: Native class hierarchy updated for 'HierarchicalLODOutliner' in 0.0003 seconds. Added 0 classes and 0 folders.
[2019.10.03-01.07.55:485][  0]LogLoad: (Engine Initialization) Total time: 9.05 seconds
[2019.10.03-01.07.55:485][  0]LogLoad: (Engine Initialization) Total Blueprint compile time: 0.00 seconds
[2019.10.03-01.07.55:540][  0]LogAssetRegistry: Asset discovery search completed in 4.8903 seconds
[2019.10.03-01.07.55:544][  0]LogCollectionManager: Rebuilt the object cache for 0 collections in 0.000005 seconds (found 0 objects)
[2019.10.03-01.07.55:544][  0]LogCollectionManager: Fixed up redirectors for 0 collections in 0.000060 seconds (updated 0 objects)
[2019.10.03-01.07.55:545][  0]LogContentStreaming: Texture pool size now 1000 MB
[2019.10.03-01.07.55:570][  0]LogSlate: Took 0.000172 seconds to synchronously load lazily loaded font '../../../Engine/Content/Slate/Fonts/Roboto-Light.ttf' (167K)
[2019.10.03-01.08.41:138][433]LogSlate: FSceneViewport::OnFocusLost() reason 5
[2019.10.03-01.08.52:561][786]LogSlate: FSceneViewport::OnFocusLost() reason 5
[2019.10.03-01.08.59:255][786]LogSlate: Window 'Save Level As' being destroyed
[2019.10.03-01.08.59:962][853]LogSlate: FSceneViewport::OnFocusLost() reason 0
[2019.10.03-01.09.07:605][619]LogSlate: Only BGRA pngs, bmps or icos are supported in by External Image Picker
[2019.10.03-01.09.36:382][945]LogSlate: Window 'Project Settings' being destroyed
[2019.10.03-01.09.36:389][945]LogSlate: Window 'Project Settings' being destroyed
[2019.10.03-01.09.48:178][215]LogSlate: Only BGRA pngs, bmps or icos are supported in by External Image Picker
[2019.10.03-01.09.52:209][673]LogSlate: Window 'Project Settings' being destroyed
[2019.10.03-01.09.52:218][673]LogSlate: Window 'Project Settings' being destroyed
[2019.10.03-01.19.55:845][951]LogHttp: Warning: 0000024DA3126AC0: invalid HTTP response code received. URL: https://datarouter.ol.epicgames.com/datarouter/api/v1/public/data?SessionID=%7BFC9471BA-48C7-0CEC-3AC2-CDB31E2F247B%7D&AppID=UEEditor.Rocket.Release&AppVersion=4.23.0-8386587%2B%2B%2BUE4%2BRelease-4.23&UserID=6bc5f8fe4fc7513373c474b1c2a22352%7C8878cbd6ebd44743b5ec66f2401b973d%7C77c2acd1-c1e5-47f2-9d94-e1c3464c3790&AppEnvironment=datacollector-binary&UploadType=eteventstream, HTTP code: 0, content length: -1, actual payload size: 0
[2019.10.03-01.19.55:845][951]LogHttp: Warning: 0000024DA3126AC0: request failed, libcurl error: 0 (No error)
[2019.10.03-01.19.55:845][951]LogHttp: Warning: 0000024DA3126AC0: libcurl info message cache 0 (Found bundle for host datarouter.ol.epicgames.com: 0x24d8715bf70 [can pipeline])
[2019.10.03-01.19.55:845][951]LogHttp: Warning: 0000024DA3126AC0: libcurl info message cache 1 (Re-using existing connection! (#5) with host datarouter.ol.epicgames.com)
[2019.10.03-01.19.55:845][951]LogHttp: Warning: 0000024DA3126AC0: libcurl info message cache 2 (Connected to datarouter.ol.epicgames.com (52.207.206.211) port 443 (#5))
[2019.10.03-01.19.55:845][951]LogHttp: Warning: 0000024DA3126AC0: libcurl info message cache 3 (We are completely uploaded and fine)
[2019.10.03-01.19.55:845][951]LogHttp: Warning: 0000024DA3126AC0: libcurl info message cache 4 (TLSv1.2 (IN), TLS alert, Client hello (1):)
[2019.10.03-01.19.55:846][951]LogHttp: Warning: 0000024DA3126AC0: libcurl info message cache 5 (Connection died, retrying a fresh connect)
[2019.10.03-01.19.55:846][951]LogHttp: Warning: 0000024DA3126AC0: libcurl info message cache 6 (necessary data rewind wasn't possible)
[2019.10.03-01.19.55:846][951]LogHttp: Warning: 0000024DA3126AC0: libcurl info message cache 7 (Closing connection 5)
[2019.10.03-01.19.55:846][951]LogHttp: Warning: 0000024DA3126AC0: libcurl info message cache 8 (TLSv1.2 (OUT), TLS alert, Client hello (1):)
[2019.10.03-01.19.56:177][952]LogHttp: Warning: Retry exhausted on https://datarouter.ol.epicgames.com/datarouter/api/v1/public/data?SessionID=%7BFC9471BA-48C7-0CEC-3AC2-CDB31E2F247B%7D&AppID=UEEditor.Rocket.Release&AppVersion=4.23.0-8386587%2B%2B%2BUE4%2BRelease-4.23&UserID=6bc5f8fe4fc7513373c474b1c2a22352%7C8878cbd6ebd44743b5ec66f2401b973d%7C77c2acd1-c1e5-47f2-9d94-e1c3464c3790&AppEnvironment=datacollector-binary&UploadType=eteventstream
[2019.10.03-01.30.01:413][928]LogSlate: FSceneViewport::OnFocusLost() reason 0
[2019.10.03-01.30.07:116][585]Cmd: BRUSH ADD SELECTNEWBRUSH
[2019.10.03-01.30.07:895][668]Cmd: DELETE
[2019.10.03-01.30.07:895][668]Cmd: ACTOR DELETE
[2019.10.03-01.30.07:921][668]LogEditorActor: Deleted Actor: Brush
[2019.10.03-01.30.07:946][668]LogUObjectHash: Compacting FUObjectHashTables data took   1.51ms
[2019.10.03-01.30.07:969][668]LogEditorActor: Deleted 1 Actors (0.060 secs)
[2019.10.03-01.30.18:816][950]LogEditorViewport: Clicking on Actor (context menu): Brush (Box Brush12)
[2019.10.03-01.30.18:853][950]LogSlate: FSceneViewport::OnFocusLost() reason 5
[2019.10.03-01.30.41:342][589]LogSlate: FSceneViewport::OnFocusLost() reason 0
[2019.10.03-01.30.43:829][853]Cmd: BRUSH ADD SELECTNEWBRUSH
[2019.10.03-01.30.51:402][742]LogSlate: FSceneViewport::OnFocusLost() reason 0
[2019.10.03-01.31.47:002][241]LogSlate: FSceneViewport::OnFocusLost() reason 0
[2019.10.03-01.31.47:744][316]Cmd: BRUSH ADD SELECTNEWBRUSH
[2019.10.03-01.32.11:250][125]Cmd: DELETE
[2019.10.03-01.32.11:250][125]Cmd: ACTOR DELETE
[2019.10.03-01.32.11:257][125]LogEditorActor: Deleted Actor: Brush
[2019.10.03-01.32.11:280][125]LogUObjectHash: Compacting FUObjectHashTables data took   1.54ms
[2019.10.03-01.32.11:303][125]LogEditorActor: Deleted 1 Actors (0.052 secs)
[2019.10.03-01.32.13:289][356]LogSlate: FSceneViewport::OnFocusLost() reason 5
[2019.10.03-01.32.14:786][523]LogUObjectHash: Compacting FUObjectHashTables data took   0.67ms
[2019.10.03-01.32.14:800][523]LogSlate: Took 0.000227 seconds to synchronously load lazily loaded font '../../../Engine/Content/Slate/Fonts/Roboto-Light.ttf' (167K)
[2019.10.03-01.32.14:807][523]LogSlate: FSceneViewport::OnFocusLost() reason 5
[2019.10.03-01.32.14:854][523]LogUObjectHash: Compacting FUObjectHashTables data took   0.58ms
[2019.10.03-01.32.15:054][523]LogSavePackage: Moving '../../../../../../Users/castl/OneDrive/Documents/Unreal Projects/ONeil_Escape_Class/Saved/FirstPersonExampleMapCC33600246C3B9D1ABA3C88C49B10AD6.tmp' to '../../../../../../Users/castl/OneDrive/Documents/Unreal Projects/ONeil_Escape_Class/Content/FirstPersonBP/Maps/FirstPersonExampleMap.umap'
[2019.10.03-01.32.15:076][523]LogFileHelpers: Saving map 'FirstPersonExampleMap' took 0.246
