Log file open, 10/08/19 13:45:32
LogWindows: Failed to load 'aqProf.dll' (GetLastError=126)
LogWindows: File 'aqProf.dll' does not exist
LogWindows: Failed to load 'VtuneApi.dll' (GetLastError=126)
LogWindows: File 'VtuneApi.dll' does not exist
LogWindows: Failed to load 'VtuneApi32e.dll' (GetLastError=126)
LogWindows: File 'VtuneApi32e.dll' does not exist
LogConsoleResponse: Display: Failed to find resolution value strings in scalability ini. Falling back to default.
LogInit: Display: Running engine for game: ONeil_Escape_Class
LogPlatformFile: Not using cached read wrapper
LogTaskGraph: Started task graph with 5 named threads and 23 total threads with 3 sets of task threads.
LogStats: Stats thread started at 0.128493
LogD3D11RHI: Loaded GFSDK_Aftermath_Lib.x64.dll
LogICUInternationalization: ICU TimeZone Detection - Raw Offset: -5:00, Platform Override: ''
LogPluginManager: Mounting plugin Paper2D
LogPluginManager: Mounting plugin AISupport
LogPluginManager: Mounting plugin LightPropagationVolume
LogPluginManager: Mounting plugin ActorLayerUtilities
LogPluginManager: Mounting plugin AnimationSharing
LogPluginManager: Mounting plugin CLionSourceCodeAccess
LogPluginManager: Mounting plugin CodeLiteSourceCodeAccess
LogPluginManager: Mounting plugin GitSourceControl
LogPluginManager: Mounting plugin KDevelopSourceCodeAccess
LogPluginManager: Mounting plugin NullSourceCodeAccess
LogPluginManager: Mounting plugin PerforceSourceControl
LogPluginManager: Mounting plugin SubversionSourceControl
LogPluginManager: Mounting plugin UObjectPlugin
LogPluginManager: Mounting plugin VisualStudioCodeSourceCodeAccess
LogPluginManager: Mounting plugin VisualStudioSourceCodeAccess
LogPluginManager: Mounting plugin XCodeSourceCodeAccess
LogPluginManager: Mounting plugin AssetManagerEditor
LogPluginManager: Mounting plugin CryptoKeys
LogPluginManager: Mounting plugin CurveEditorTools
LogPluginManager: Mounting plugin DataValidation
LogPluginManager: Mounting plugin FacialAnimation
LogPluginManager: Mounting plugin GameplayTagsEditor
LogPluginManager: Mounting plugin MacGraphicsSwitching
LogPluginManager: Mounting plugin MaterialAnalyzer
LogPluginManager: Mounting plugin MobileLauncherProfileWizard
LogPluginManager: Mounting plugin PluginBrowser
LogPluginManager: Mounting plugin SpeedTreeImporter
LogPluginManager: Mounting plugin DatasmithContent
LogPluginManager: Mounting plugin VariantManagerContent
LogPluginManager: Mounting plugin AlembicImporter
LogPluginManager: Mounting plugin AutomationUtils
LogPluginManager: Mounting plugin BackChannel
LogPluginManager: Mounting plugin CharacterAI
LogPluginManager: Mounting plugin GeometryCache
LogPluginManager: Mounting plugin HTML5Networking
LogPluginManager: Mounting plugin PlatformCrypto
LogPluginManager: Mounting plugin ProxyLODPlugin
LogPluginManager: Mounting plugin SkeletalReduction
LogPluginManager: Mounting plugin MagicLeap
LogPluginManager: Mounting plugin MagicLeapMedia
LogPluginManager: Mounting plugin AndroidMedia
LogPluginManager: Mounting plugin AvfMedia
LogPluginManager: Mounting plugin ImgMedia
LogPluginManager: Mounting plugin MediaCompositing
LogPluginManager: Mounting plugin MediaPlayerEditor
LogPluginManager: Mounting plugin WebMMedia
LogPluginManager: Mounting plugin WmfMedia
LogPluginManager: Mounting plugin TcpMessaging
LogPluginManager: Mounting plugin UdpMessaging
LogPluginManager: Mounting plugin ActorSequence
LogPluginManager: Mounting plugin LevelSequenceEditor
LogPluginManager: Mounting plugin MatineeToLevelSequence
LogPluginManager: Mounting plugin NetcodeUnitTest
LogPluginManager: Mounting plugin NUTUnrealEngine4
LogPluginManager: Mounting plugin OnlineSubsystemGooglePlay
LogPluginManager: Mounting plugin OnlineSubsystemIOS
LogPluginManager: Mounting plugin OnlineSubsystem
LogPluginManager: Mounting plugin OnlineSubsystemNull
LogPluginManager: Mounting plugin OnlineSubsystemUtils
LogPluginManager: Mounting plugin LauncherChunkInstaller
LogPluginManager: Mounting plugin AndroidDeviceProfileSelector
LogPluginManager: Mounting plugin AndroidMoviePlayer
LogPluginManager: Mounting plugin AndroidPermission
LogPluginManager: Mounting plugin AppleImageUtils
LogPluginManager: Mounting plugin AppleMoviePlayer
LogPluginManager: Mounting plugin ArchVisCharacter
LogPluginManager: Mounting plugin AudioCapture
LogPluginManager: Mounting plugin CableComponent
LogPluginManager: Mounting plugin CustomMeshComponent
LogPluginManager: Mounting plugin EditableMesh
LogPluginManager: Mounting plugin ExampleDeviceProfileSelector
LogPluginManager: Mounting plugin GoogleCloudMessaging
LogPluginManager: Mounting plugin IOSDeviceProfileSelector
LogPluginManager: Mounting plugin LinuxDeviceProfileSelector
LogPluginManager: Mounting plugin LocationServicesBPLibrary
LogPluginManager: Mounting plugin MobilePatchingUtils
LogPluginManager: Mounting plugin OculusVR
LogPluginManager: Mounting plugin PhysXVehicles
LogPluginManager: Mounting plugin ProceduralMeshComponent
LogPluginManager: Mounting plugin RuntimePhysXCooking
LogPluginManager: Mounting plugin SignificanceManager
LogPluginManager: Mounting plugin SteamVR
LogPluginManager: Mounting plugin WebMMoviePlayer
LogPluginManager: Mounting plugin WindowsMoviePlayer
LogPluginManager: Mounting plugin ScreenshotTools
LogInit: Using libcurl 7.55.1-DEV
LogInit:  - built for x86_64-pc-win32
LogInit:  - supports SSL with OpenSSL/1.1.1
LogInit:  - supports HTTP deflate (compression) using libz 1.2.8
LogInit:  - other features:
LogInit:      CURL_VERSION_SSL
LogInit:      CURL_VERSION_LIBZ
LogInit:      CURL_VERSION_IPV6
LogInit:      CURL_VERSION_ASYNCHDNS
LogInit:      CURL_VERSION_LARGEFILE
LogInit:      CURL_VERSION_IDN
LogInit:  CurlRequestOptions (configurable via config and command line):
LogInit:  - bVerifyPeer = true  - Libcurl will verify peer certificate
LogInit:  - bUseHttpProxy = false  - Libcurl will NOT use HTTP proxy
LogInit:  - bDontReuseConnections = false  - Libcurl will reuse connections
LogInit:  - MaxHostConnections = 16  - Libcurl will limit the number of connections to a host
LogInit:  - LocalHostAddr = Default
LogInit:  - BufferSize = 65536
LogOnline: OSS: Creating online subsystem instance for: NULL
LogInit: WinSock: version 1.1 (2.2), MaxSocks=32767, MaxUdp=65467
LogInit: Build: ++UE4+Release-4.23-CL-8386587
LogInit: Engine Version: 4.23.0-8386587+++UE4+Release-4.23
LogInit: Compatible Engine Version: 4.23.0-8386587+++UE4+Release-4.23
LogInit: Net CL: 8386587
LogInit: OS: Windows 10 (Release 1903) (), CPU: Intel(R) Core(TM) i7-7700HQ CPU @ 2.80GHz, GPU: Intel(R) HD Graphics 630
LogInit: Compiled (64-bit): Aug 31 2019 02:04:44
LogInit: Compiled with Visual C++: 19.16.27030.01
LogInit: Build Configuration: Development
LogInit: Branch Name: ++UE4+Release-4.23
LogInit: Command Line: 
LogInit: Base Directory: C:/Program Files/Epic Games/UE_4.23/Engine/Binaries/Win64/
LogInit: Installed Engine Build: 1
LogDevObjectVersion: Number of dev versions registered: 23
LogDevObjectVersion:   Dev-Blueprints (B0D832E4-1F89-4F0D-ACCF-7EB736FD4AA2): 10
LogDevObjectVersion:   Dev-Build (E1C64328-A22C-4D53-A36C-8E866417BD8C): 0
LogDevObjectVersion:   Dev-Core (375EC13C-06E4-48FB-B500-84F0262A717E): 3
LogDevObjectVersion:   Dev-Editor (E4B068ED-F494-42E9-A231-DA0B2E46BB41): 34
LogDevObjectVersion:   Dev-Framework (CFFC743F-43B0-4480-9391-14DF171D2073): 35
LogDevObjectVersion:   Dev-Mobile (B02B49B5-BB20-44E9-A304-32B752E40360): 2
LogDevObjectVersion:   Dev-Networking (A4E4105C-59A1-49B5-A7C5-40C4547EDFEE): 0
LogDevObjectVersion:   Dev-Online (39C831C9-5AE6-47DC-9A44-9C173E1C8E7C): 0
LogDevObjectVersion:   Dev-Physics (78F01B33-EBEA-4F98-B9B4-84EACCB95AA2): 0
LogDevObjectVersion:   Dev-Platform (6631380F-2D4D-43E0-8009-CF276956A95A): 0
LogDevObjectVersion:   Dev-Rendering (12F88B9F-8875-4AFC-A67C-D90C383ABD29): 31
LogDevObjectVersion:   Dev-Sequencer (7B5AE74C-D270-4C10-A958-57980B212A5A): 11
LogDevObjectVersion:   Dev-VR (D7296918-1DD6-4BDD-9DE2-64A83CC13884): 2
LogDevObjectVersion:   Dev-LoadTimes (C2A15278-BFE7-4AFE-6C17-90FF531DF755): 1
LogDevObjectVersion:   Private-Geometry (6EACA3D4-40EC-4CC1-B786-8BED09428FC5): 3
LogDevObjectVersion:   Dev-AnimPhys (29E575DD-E0A3-4627-9D10-D276232CDCEA): 17
LogDevObjectVersion:   Dev-Anim (AF43A65D-7FD3-4947-9873-3E8ED9C1BB05): 2
LogDevObjectVersion:   Dev-ReflectionCapture (6B266CEC-1EC7-4B8F-A30B-E4D90942FC07): 1
LogDevObjectVersion:   Dev-Automation (0DF73D61-A23F-47EA-B727-89E90C41499A): 1
LogDevObjectVersion:   FortniteMain (601D1886-AC64-4F84-AA16-D3DE0DEAC7D6): 27
LogDevObjectVersion:   Dev-Enterprise (9DFFBCD6-494F-0158-E221-12823C92A888): 6
LogDevObjectVersion:   Dev-Niagara (F2AED0AC-9AFE-416F-8664-AA7FFA26D6FC): 1
LogDevObjectVersion:   Dev-Destruction (174F1F0B-B4C6-45A5-B13F-2EE8D0FB917D): 9
LogInit: Presizing for max 16777216 objects, including 0 objects not considered by GC, pre-allocating 0 bytes for permanent pool.
LogInit: Object subsystem initialized
LogConfig: Setting CVar [[con.DebugEarlyDefault:1]]
LogConfig: Setting CVar [[r.setres:1280x720]]
[2019.10.08-17.45.32:993][  0]LogConfig: Setting CVar [[r.VSync:0]]
[2019.10.08-17.45.32:993][  0]LogConfig: Setting CVar [[r.RHICmdBypass:0]]
[2019.10.08-17.45.32:993][  0]LogConfig: Applying CVar settings from Section [/Script/Engine.RendererSettings] File [C:/Users/castl/OneDrive/Documents/Unreal Projects/ONeil_Escape_Class/Saved/Config/Windows/Engine.ini]
[2019.10.08-17.45.32:993][  0]LogConfig: Setting CVar [[r.GPUCrashDebugging:0]]
[2019.10.08-17.45.32:993][  0]LogConfig: Applying CVar settings from Section [/Script/Engine.RendererOverrideSettings] File [C:/Users/castl/OneDrive/Documents/Unreal Projects/ONeil_Escape_Class/Saved/Config/Windows/Engine.ini]
[2019.10.08-17.45.32:993][  0]LogConfig: Applying CVar settings from Section [/Script/Engine.StreamingSettings] File [C:/Users/castl/OneDrive/Documents/Unreal Projects/ONeil_Escape_Class/Saved/Config/Windows/Engine.ini]
[2019.10.08-17.45.32:993][  0]LogConfig: Setting CVar [[s.MinBulkDataSizeForAsyncLoading:131072]]
[2019.10.08-17.45.32:993][  0]LogConfig: Setting CVar [[s.AsyncLoadingThreadEnabled:0]]
[2019.10.08-17.45.32:993][  0]LogConfig: Setting CVar [[s.EventDrivenLoaderEnabled:1]]
[2019.10.08-17.45.32:993][  0]LogConfig: Setting CVar [[s.WarnIfTimeLimitExceeded:0]]
[2019.10.08-17.45.32:993][  0]LogConfig: Setting CVar [[s.TimeLimitExceededMultiplier:1.5]]
[2019.10.08-17.45.32:993][  0]LogConfig: Setting CVar [[s.TimeLimitExceededMinTime:0.005]]
[2019.10.08-17.45.32:993][  0]LogConfig: Setting CVar [[s.UseBackgroundLevelStreaming:1]]
[2019.10.08-17.45.32:993][  0]LogConfig: Setting CVar [[s.PriorityAsyncLoadingExtraTime:15.0]]
[2019.10.08-17.45.32:993][  0]LogConfig: Setting CVar [[s.LevelStreamingActorsUpdateTimeLimit:5.0]]
[2019.10.08-17.45.32:993][  0]LogConfig: Setting CVar [[s.PriorityLevelStreamingActorsUpdateExtraTime:5.0]]
[2019.10.08-17.45.32:993][  0]LogConfig: Setting CVar [[s.LevelStreamingComponentsRegistrationGranularity:10]]
[2019.10.08-17.45.32:993][  0]LogConfig: Setting CVar [[s.UnregisterComponentsTimeLimit:1.0]]
[2019.10.08-17.45.32:993][  0]LogConfig: Setting CVar [[s.LevelStreamingComponentsUnregistrationGranularity:5]]
[2019.10.08-17.45.32:993][  0]LogConfig: Applying CVar settings from Section [/Script/Engine.GarbageCollectionSettings] File [C:/Users/castl/OneDrive/Documents/Unreal Projects/ONeil_Escape_Class/Saved/Config/Windows/Engine.ini]
[2019.10.08-17.45.32:993][  0]LogConfig: Setting CVar [[gc.MaxObjectsNotConsideredByGC:1]]
[2019.10.08-17.45.32:993][  0]LogConfig: Setting CVar [[gc.SizeOfPermanentObjectPool:0]]
[2019.10.08-17.45.32:993][  0]LogConfig: Setting CVar [[gc.FlushStreamingOnGC:0]]
[2019.10.08-17.45.32:993][  0]LogConfig: Setting CVar [[gc.NumRetriesBeforeForcingGC:10]]
[2019.10.08-17.45.32:993][  0]LogConfig: Setting CVar [[gc.AllowParallelGC:1]]
[2019.10.08-17.45.32:993][  0]LogConfig: Setting CVar [[gc.TimeBetweenPurgingPendingKillObjects:61.1]]
[2019.10.08-17.45.32:993][  0]LogConfig: Setting CVar [[gc.MaxObjectsInEditor:16777216]]
[2019.10.08-17.45.32:993][  0]LogConfig: Setting CVar [[gc.IncrementalBeginDestroyEnabled:1]]
[2019.10.08-17.45.32:994][  0]LogConfig: Setting CVar [[gc.CreateGCClusters:1]]
[2019.10.08-17.45.32:994][  0]LogConfig: Setting CVar [[gc.MinGCClusterSize:5]]
[2019.10.08-17.45.32:994][  0]LogConfig: Setting CVar [[gc.ActorClusteringEnabled:0]]
[2019.10.08-17.45.32:994][  0]LogConfig: Setting CVar [[gc.BlueprintClusteringEnabled:0]]
[2019.10.08-17.45.32:994][  0]LogConfig: Setting CVar [[gc.UseDisregardForGCOnDedicatedServers:0]]
[2019.10.08-17.45.32:994][  0]LogConfig: Applying CVar settings from Section [/Script/Engine.NetworkSettings] File [C:/Users/castl/OneDrive/Documents/Unreal Projects/ONeil_Escape_Class/Saved/Config/Windows/Engine.ini]
[2019.10.08-17.45.32:994][  0]LogConfig: Applying CVar settings from Section [/Script/UnrealEd.CookerSettings] File [C:/Users/castl/OneDrive/Documents/Unreal Projects/ONeil_Escape_Class/Saved/Config/Windows/Engine.ini]
[2019.10.08-17.45.32:997][  0]LogConfig: Applying CVar settings from Section [ViewDistanceQuality@3] File [C:/Users/castl/OneDrive/Documents/Unreal Projects/ONeil_Escape_Class/Saved/Config/Windows/Scalability.ini]
[2019.10.08-17.45.32:997][  0]LogConfig: Setting CVar [[r.SkeletalMeshLODBias:0]]
[2019.10.08-17.45.32:997][  0]LogConfig: Setting CVar [[r.ViewDistanceScale:1.0]]
[2019.10.08-17.45.32:997][  0]LogConfig: Applying CVar settings from Section [AntiAliasingQuality@3] File [C:/Users/castl/OneDrive/Documents/Unreal Projects/ONeil_Escape_Class/Saved/Config/Windows/Scalability.ini]
[2019.10.08-17.45.32:997][  0]LogConfig: Setting CVar [[r.PostProcessAAQuality:4]]
[2019.10.08-17.45.32:997][  0]LogConfig: Applying CVar settings from Section [ShadowQuality@3] File [C:/Users/castl/OneDrive/Documents/Unreal Projects/ONeil_Escape_Class/Saved/Config/Windows/Scalability.ini]
[2019.10.08-17.45.32:997][  0]LogConfig: Setting CVar [[r.LightFunctionQuality:1]]
[2019.10.08-17.45.32:997][  0]LogConfig: Setting CVar [[r.ShadowQuality:5]]
[2019.10.08-17.45.32:997][  0]LogConfig: Setting CVar [[r.Shadow.CSM.MaxCascades:10]]
[2019.10.08-17.45.32:997][  0]LogConfig: Setting CVar [[r.Shadow.MaxResolution:2048]]
[2019.10.08-17.45.32:997][  0]LogConfig: Setting CVar [[r.Shadow.MaxCSMResolution:2048]]
[2019.10.08-17.45.32:997][  0]LogConfig: Setting CVar [[r.Shadow.RadiusThreshold:0.01]]
[2019.10.08-17.45.32:997][  0]LogConfig: Setting CVar [[r.Shadow.DistanceScale:1.0]]
[2019.10.08-17.45.32:997][  0]LogConfig: Setting CVar [[r.Shadow.CSM.TransitionScale:1.0]]
[2019.10.08-17.45.32:997][  0]LogConfig: Setting CVar [[r.Shadow.PreShadowResolutionFactor:1.0]]
[2019.10.08-17.45.32:997][  0]LogConfig: Setting CVar [[r.DistanceFieldShadowing:1]]
[2019.10.08-17.45.32:997][  0]LogConfig: Setting CVar [[r.DistanceFieldAO:1]]
[2019.10.08-17.45.32:997][  0]LogConfig: Setting CVar [[r.AOQuality:2]]
[2019.10.08-17.45.32:997][  0]LogConfig: Setting CVar [[r.VolumetricFog:1]]
[2019.10.08-17.45.32:997][  0]LogConfig: Setting CVar [[r.VolumetricFog.GridPixelSize:8]]
[2019.10.08-17.45.32:997][  0]LogConfig: Setting CVar [[r.VolumetricFog.GridSizeZ:128]]
[2019.10.08-17.45.32:997][  0]LogConfig: Setting CVar [[r.VolumetricFog.HistoryMissSupersampleCount:4]]
[2019.10.08-17.45.32:997][  0]LogConfig: Setting CVar [[r.LightMaxDrawDistanceScale:1]]
[2019.10.08-17.45.32:997][  0]LogConfig: Setting CVar [[r.CapsuleShadows:1]]
[2019.10.08-17.45.32:997][  0]LogConfig: Applying CVar settings from Section [PostProcessQuality@3] File [C:/Users/castl/OneDrive/Documents/Unreal Projects/ONeil_Escape_Class/Saved/Config/Windows/Scalability.ini]
[2019.10.08-17.45.32:997][  0]LogConfig: Setting CVar [[r.MotionBlurQuality:4]]
[2019.10.08-17.45.32:997][  0]LogConfig: Setting CVar [[r.AmbientOcclusionMipLevelFactor:0.4]]
[2019.10.08-17.45.32:997][  0]LogConfig: Setting CVar [[r.AmbientOcclusionMaxQuality:100]]
[2019.10.08-17.45.32:997][  0]LogConfig: Setting CVar [[r.AmbientOcclusionLevels:-1]]
[2019.10.08-17.45.32:997][  0]LogConfig: Setting CVar [[r.AmbientOcclusionRadiusScale:1.0]]
[2019.10.08-17.45.32:997][  0]LogConfig: Setting CVar [[r.DepthOfFieldQuality:2]]
[2019.10.08-17.45.32:997][  0]LogConfig: Setting CVar [[r.RenderTargetPoolMin:400]]
[2019.10.08-17.45.32:997][  0]LogConfig: Setting CVar [[r.LensFlareQuality:2]]
[2019.10.08-17.45.32:997][  0]LogConfig: Setting CVar [[r.SceneColorFringeQuality:1]]
[2019.10.08-17.45.32:997][  0]LogConfig: Setting CVar [[r.EyeAdaptationQuality:2]]
[2019.10.08-17.45.32:997][  0]LogConfig: Setting CVar [[r.BloomQuality:5]]
[2019.10.08-17.45.32:997][  0]LogConfig: Setting CVar [[r.FastBlurThreshold:100]]
[2019.10.08-17.45.32:998][  0]LogConfig: Setting CVar [[r.Upscale.Quality:3]]
[2019.10.08-17.45.32:998][  0]LogConfig: Setting CVar [[r.Tonemapper.GrainQuantization:1]]
[2019.10.08-17.45.32:998][  0]LogConfig: Setting CVar [[r.LightShaftQuality:1]]
[2019.10.08-17.45.32:998][  0]LogConfig: Setting CVar [[r.Filter.SizeScale:1]]
[2019.10.08-17.45.32:998][  0]LogConfig: Setting CVar [[r.Tonemapper.Quality:5]]
[2019.10.08-17.45.32:998][  0]LogConfig: Setting CVar [[r.DOF.Gather.AccumulatorQuality:1        ; higher gathering accumulator quality]]
[2019.10.08-17.45.32:998][  0]LogConfig: Setting CVar [[r.DOF.Gather.PostfilterMethod:1          ; Median3x3 postfilering method]]
[2019.10.08-17.45.32:998][  0]LogConfig: Setting CVar [[r.DOF.Gather.EnableBokehSettings:0       ; no bokeh simulation when gathering]]
[2019.10.08-17.45.32:998][  0]LogConfig: Setting CVar [[r.DOF.Gather.RingCount:4                 ; medium number of samples when gathering]]
[2019.10.08-17.45.32:998][  0]LogConfig: Setting CVar [[r.DOF.Scatter.ForegroundCompositing:1    ; additive foreground scattering]]
[2019.10.08-17.45.32:998][  0]LogConfig: Setting CVar [[r.DOF.Scatter.BackgroundCompositing:2    ; additive background scattering]]
[2019.10.08-17.45.32:998][  0]LogConfig: Setting CVar [[r.DOF.Scatter.EnableBokehSettings:1      ; bokeh simulation when scattering]]
[2019.10.08-17.45.32:998][  0]LogConfig: Setting CVar [[r.DOF.Scatter.MaxSpriteRatio:0.1         ; only a maximum of 10% of scattered bokeh]]
[2019.10.08-17.45.32:998][  0]LogConfig: Setting CVar [[r.DOF.Recombine.Quality:1                ; cheap slight out of focus]]
[2019.10.08-17.45.32:998][  0]LogConfig: Setting CVar [[r.DOF.Recombine.EnableBokehSettings:0    ; no bokeh simulation on slight out of focus]]
[2019.10.08-17.45.32:998][  0]LogConfig: Setting CVar [[r.DOF.TemporalAAQuality:1                ; more stable temporal accumulation]]
[2019.10.08-17.45.32:998][  0]LogConfig: Setting CVar [[r.DOF.Kernel.MaxForegroundRadius:0.025]]
[2019.10.08-17.45.32:998][  0]LogConfig: Setting CVar [[r.DOF.Kernel.MaxBackgroundRadius:0.025]]
[2019.10.08-17.45.32:998][  0]LogConfig: Applying CVar settings from Section [TextureQuality@3] File [C:/Users/castl/OneDrive/Documents/Unreal Projects/ONeil_Escape_Class/Saved/Config/Windows/Scalability.ini]
[2019.10.08-17.45.32:998][  0]LogConfig: Setting CVar [[r.Streaming.MipBias:0]]
[2019.10.08-17.45.32:998][  0]LogConfig: Setting CVar [[r.Streaming.AmortizeCPUToGPUCopy:0]]
[2019.10.08-17.45.32:998][  0]LogConfig: Setting CVar [[r.Streaming.MaxNumTexturesToStreamPerFrame:0]]
[2019.10.08-17.45.32:998][  0]LogConfig: Setting CVar [[r.Streaming.Boost:1]]
[2019.10.08-17.45.32:998][  0]LogConfig: Setting CVar [[r.MaxAnisotropy:8]]
[2019.10.08-17.45.32:998][  0]LogConfig: Setting CVar [[r.Streaming.LimitPoolSizeToVRAM:0]]
[2019.10.08-17.45.32:998][  0]LogConfig: Setting CVar [[r.Streaming.PoolSize:1000]]
[2019.10.08-17.45.32:998][  0]LogConfig: Setting CVar [[r.Streaming.MaxEffectiveScreenSize:0]]
[2019.10.08-17.45.32:998][  0]LogConfig: Applying CVar settings from Section [EffectsQuality@3] File [C:/Users/castl/OneDrive/Documents/Unreal Projects/ONeil_Escape_Class/Saved/Config/Windows/Scalability.ini]
[2019.10.08-17.45.32:998][  0]LogConfig: Setting CVar [[r.TranslucencyLightingVolumeDim:64]]
[2019.10.08-17.45.32:998][  0]LogConfig: Setting CVar [[r.RefractionQuality:2]]
[2019.10.08-17.45.32:998][  0]LogConfig: Setting CVar [[r.SSR.Quality:3]]
[2019.10.08-17.45.32:998][  0]LogConfig: Setting CVar [[r.SceneColorFormat:4]]
[2019.10.08-17.45.32:998][  0]LogConfig: Setting CVar [[r.DetailMode:2]]
[2019.10.08-17.45.32:998][  0]LogConfig: Setting CVar [[r.TranslucencyVolumeBlur:1]]
[2019.10.08-17.45.32:998][  0]LogConfig: Setting CVar [[r.MaterialQualityLevel:1 ; High quality]]
[2019.10.08-17.45.32:998][  0]LogConfig: Setting CVar [[r.SSS.Scale:1]]
[2019.10.08-17.45.32:998][  0]LogConfig: Setting CVar [[r.SSS.SampleSet:2]]
[2019.10.08-17.45.32:998][  0]LogConfig: Setting CVar [[r.SSS.Quality:1]]
[2019.10.08-17.45.32:998][  0]LogConfig: Setting CVar [[r.SSS.HalfRes:1]]
[2019.10.08-17.45.32:998][  0]LogConfig: Setting CVar [[r.EmitterSpawnRateScale:1.0]]
[2019.10.08-17.45.32:998][  0]LogConfig: Setting CVar [[r.ParticleLightQuality:2]]
[2019.10.08-17.45.32:998][  0]LogConfig: Applying CVar settings from Section [FoliageQuality@3] File [C:/Users/castl/OneDrive/Documents/Unreal Projects/ONeil_Escape_Class/Saved/Config/Windows/Scalability.ini]
[2019.10.08-17.45.32:998][  0]LogConfig: Setting CVar [[foliage.DensityScale:1.0]]
[2019.10.08-17.45.32:998][  0]LogConfig: Setting CVar [[grass.DensityScale:1.0]]
[2019.10.08-17.45.32:998][  0]LogInit: Selected Device Profile: [Windows]
[2019.10.08-17.45.32:998][  0]LogInit: Applying CVar settings loaded from the selected device profile: [Windows]
[2019.10.08-17.45.33:002][  0]LogHAL: Display: Platform has ~ 16 GB [17068404736 / 17179869184 / 16], which maps to Larger [LargestMinGB=32, LargerMinGB=12, DefaultMinGB=8, SmallerMinGB=6, SmallestMinGB=0)
[2019.10.08-17.45.33:002][  0]LogInit: Going up to parent DeviceProfile []
[2019.10.08-17.45.33:002][  0]LogConfig: Applying CVar settings from Section [ViewDistanceQuality@3] File [C:/Users/castl/OneDrive/Documents/Unreal Projects/ONeil_Escape_Class/Saved/Config/Windows/Scalability.ini]
[2019.10.08-17.45.33:002][  0]LogConfig: Setting CVar [[r.SkeletalMeshLODBias:0]]
[2019.10.08-17.45.33:002][  0]LogConfig: Setting CVar [[r.ViewDistanceScale:1.0]]
[2019.10.08-17.45.33:002][  0]LogConfig: Applying CVar settings from Section [AntiAliasingQuality@3] File [C:/Users/castl/OneDrive/Documents/Unreal Projects/ONeil_Escape_Class/Saved/Config/Windows/Scalability.ini]
[2019.10.08-17.45.33:002][  0]LogConfig: Setting CVar [[r.PostProcessAAQuality:4]]
[2019.10.08-17.45.33:002][  0]LogConfig: Applying CVar settings from Section [ShadowQuality@3] File [C:/Users/castl/OneDrive/Documents/Unreal Projects/ONeil_Escape_Class/Saved/Config/Windows/Scalability.ini]
[2019.10.08-17.45.33:002][  0]LogConfig: Setting CVar [[r.LightFunctionQuality:1]]
[2019.10.08-17.45.33:002][  0]LogConfig: Setting CVar [[r.ShadowQuality:5]]
[2019.10.08-17.45.33:002][  0]LogConfig: Setting CVar [[r.Shadow.CSM.MaxCascades:10]]
[2019.10.08-17.45.33:002][  0]LogConfig: Setting CVar [[r.Shadow.MaxResolution:2048]]
[2019.10.08-17.45.33:002][  0]LogConfig: Setting CVar [[r.Shadow.MaxCSMResolution:2048]]
[2019.10.08-17.45.33:002][  0]LogConfig: Setting CVar [[r.Shadow.RadiusThreshold:0.01]]
[2019.10.08-17.45.33:002][  0]LogConfig: Setting CVar [[r.Shadow.DistanceScale:1.0]]
[2019.10.08-17.45.33:002][  0]LogConfig: Setting CVar [[r.Shadow.CSM.TransitionScale:1.0]]
[2019.10.08-17.45.33:002][  0]LogConfig: Setting CVar [[r.Shadow.PreShadowResolutionFactor:1.0]]
[2019.10.08-17.45.33:002][  0]LogConfig: Setting CVar [[r.DistanceFieldShadowing:1]]
[2019.10.08-17.45.33:002][  0]LogConfig: Setting CVar [[r.DistanceFieldAO:1]]
[2019.10.08-17.45.33:002][  0]LogConfig: Setting CVar [[r.AOQuality:2]]
[2019.10.08-17.45.33:002][  0]LogConfig: Setting CVar [[r.VolumetricFog:1]]
[2019.10.08-17.45.33:002][  0]LogConfig: Setting CVar [[r.VolumetricFog.GridPixelSize:8]]
[2019.10.08-17.45.33:002][  0]LogConfig: Setting CVar [[r.VolumetricFog.GridSizeZ:128]]
[2019.10.08-17.45.33:002][  0]LogConfig: Setting CVar [[r.VolumetricFog.HistoryMissSupersampleCount:4]]
[2019.10.08-17.45.33:002][  0]LogConfig: Setting CVar [[r.LightMaxDrawDistanceScale:1]]
[2019.10.08-17.45.33:002][  0]LogConfig: Setting CVar [[r.CapsuleShadows:1]]
[2019.10.08-17.45.33:003][  0]LogConfig: Applying CVar settings from Section [PostProcessQuality@3] File [C:/Users/castl/OneDrive/Documents/Unreal Projects/ONeil_Escape_Class/Saved/Config/Windows/Scalability.ini]
[2019.10.08-17.45.33:003][  0]LogConfig: Setting CVar [[r.MotionBlurQuality:4]]
[2019.10.08-17.45.33:003][  0]LogConfig: Setting CVar [[r.AmbientOcclusionMipLevelFactor:0.4]]
[2019.10.08-17.45.33:003][  0]LogConfig: Setting CVar [[r.AmbientOcclusionMaxQuality:100]]
[2019.10.08-17.45.33:003][  0]LogConfig: Setting CVar [[r.AmbientOcclusionLevels:-1]]
[2019.10.08-17.45.33:003][  0]LogConfig: Setting CVar [[r.AmbientOcclusionRadiusScale:1.0]]
[2019.10.08-17.45.33:003][  0]LogConfig: Setting CVar [[r.DepthOfFieldQuality:2]]
[2019.10.08-17.45.33:003][  0]LogConfig: Setting CVar [[r.RenderTargetPoolMin:400]]
[2019.10.08-17.45.33:003][  0]LogConfig: Setting CVar [[r.LensFlareQuality:2]]
[2019.10.08-17.45.33:003][  0]LogConfig: Setting CVar [[r.SceneColorFringeQuality:1]]
[2019.10.08-17.45.33:003][  0]LogConfig: Setting CVar [[r.EyeAdaptationQuality:2]]
[2019.10.08-17.45.33:003][  0]LogConfig: Setting CVar [[r.BloomQuality:5]]
[2019.10.08-17.45.33:003][  0]LogConfig: Setting CVar [[r.FastBlurThreshold:100]]
[2019.10.08-17.45.33:003][  0]LogConfig: Setting CVar [[r.Upscale.Quality:3]]
[2019.10.08-17.45.33:003][  0]LogConfig: Setting CVar [[r.Tonemapper.GrainQuantization:1]]
[2019.10.08-17.45.33:003][  0]LogConfig: Setting CVar [[r.LightShaftQuality:1]]
[2019.10.08-17.45.33:003][  0]LogConfig: Setting CVar [[r.Filter.SizeScale:1]]
[2019.10.08-17.45.33:003][  0]LogConfig: Setting CVar [[r.Tonemapper.Quality:5]]
[2019.10.08-17.45.33:003][  0]LogConfig: Setting CVar [[r.DOF.Gather.AccumulatorQuality:1        ; higher gathering accumulator quality]]
[2019.10.08-17.45.33:003][  0]LogConfig: Setting CVar [[r.DOF.Gather.PostfilterMethod:1          ; Median3x3 postfilering method]]
[2019.10.08-17.45.33:003][  0]LogConfig: Setting CVar [[r.DOF.Gather.EnableBokehSettings:0       ; no bokeh simulation when gathering]]
[2019.10.08-17.45.33:003][  0]LogConfig: Setting CVar [[r.DOF.Gather.RingCount:4                 ; medium number of samples when gathering]]
[2019.10.08-17.45.33:003][  0]LogConfig: Setting CVar [[r.DOF.Scatter.ForegroundCompositing:1    ; additive foreground scattering]]
[2019.10.08-17.45.33:003][  0]LogConfig: Setting CVar [[r.DOF.Scatter.BackgroundCompositing:2    ; additive background scattering]]
[2019.10.08-17.45.33:003][  0]LogConfig: Setting CVar [[r.DOF.Scatter.EnableBokehSettings:1      ; bokeh simulation when scattering]]
[2019.10.08-17.45.33:003][  0]LogConfig: Setting CVar [[r.DOF.Scatter.MaxSpriteRatio:0.1         ; only a maximum of 10% of scattered bokeh]]
[2019.10.08-17.45.33:003][  0]LogConfig: Setting CVar [[r.DOF.Recombine.Quality:1                ; cheap slight out of focus]]
[2019.10.08-17.45.33:003][  0]LogConfig: Setting CVar [[r.DOF.Recombine.EnableBokehSettings:0    ; no bokeh simulation on slight out of focus]]
[2019.10.08-17.45.33:003][  0]LogConfig: Setting CVar [[r.DOF.TemporalAAQuality:1                ; more stable temporal accumulation]]
[2019.10.08-17.45.33:003][  0]LogConfig: Setting CVar [[r.DOF.Kernel.MaxForegroundRadius:0.025]]
[2019.10.08-17.45.33:003][  0]LogConfig: Setting CVar [[r.DOF.Kernel.MaxBackgroundRadius:0.025]]
[2019.10.08-17.45.33:003][  0]LogConfig: Applying CVar settings from Section [TextureQuality@3] File [C:/Users/castl/OneDrive/Documents/Unreal Projects/ONeil_Escape_Class/Saved/Config/Windows/Scalability.ini]
[2019.10.08-17.45.33:003][  0]LogConfig: Setting CVar [[r.Streaming.MipBias:0]]
[2019.10.08-17.45.33:003][  0]LogConfig: Setting CVar [[r.Streaming.AmortizeCPUToGPUCopy:0]]
[2019.10.08-17.45.33:003][  0]LogConfig: Setting CVar [[r.Streaming.MaxNumTexturesToStreamPerFrame:0]]
[2019.10.08-17.45.33:003][  0]LogConfig: Setting CVar [[r.Streaming.Boost:1]]
[2019.10.08-17.45.33:003][  0]LogConfig: Setting CVar [[r.MaxAnisotropy:8]]
[2019.10.08-17.45.33:003][  0]LogConfig: Setting CVar [[r.Streaming.LimitPoolSizeToVRAM:0]]
[2019.10.08-17.45.33:003][  0]LogConfig: Setting CVar [[r.Streaming.PoolSize:1000]]
[2019.10.08-17.45.33:003][  0]LogConfig: Setting CVar [[r.Streaming.MaxEffectiveScreenSize:0]]
[2019.10.08-17.45.33:003][  0]LogConfig: Applying CVar settings from Section [EffectsQuality@3] File [C:/Users/castl/OneDrive/Documents/Unreal Projects/ONeil_Escape_Class/Saved/Config/Windows/Scalability.ini]
[2019.10.08-17.45.33:003][  0]LogConfig: Setting CVar [[r.TranslucencyLightingVolumeDim:64]]
[2019.10.08-17.45.33:003][  0]LogConfig: Setting CVar [[r.RefractionQuality:2]]
[2019.10.08-17.45.33:003][  0]LogConfig: Setting CVar [[r.SSR.Quality:3]]
[2019.10.08-17.45.33:003][  0]LogConfig: Setting CVar [[r.SceneColorFormat:4]]
[2019.10.08-17.45.33:003][  0]LogConfig: Setting CVar [[r.DetailMode:2]]
[2019.10.08-17.45.33:003][  0]LogConfig: Setting CVar [[r.TranslucencyVolumeBlur:1]]
[2019.10.08-17.45.33:003][  0]LogConfig: Setting CVar [[r.MaterialQualityLevel:1 ; High quality]]
[2019.10.08-17.45.33:003][  0]LogConfig: Setting CVar [[r.SSS.Scale:1]]
[2019.10.08-17.45.33:003][  0]LogConfig: Setting CVar [[r.SSS.SampleSet:2]]
[2019.10.08-17.45.33:003][  0]LogConfig: Setting CVar [[r.SSS.Quality:1]]
[2019.10.08-17.45.33:003][  0]LogConfig: Setting CVar [[r.SSS.HalfRes:1]]
[2019.10.08-17.45.33:003][  0]LogConfig: Setting CVar [[r.EmitterSpawnRateScale:1.0]]
[2019.10.08-17.45.33:003][  0]LogConfig: Setting CVar [[r.ParticleLightQuality:2]]
[2019.10.08-17.45.33:003][  0]LogConfig: Applying CVar settings from Section [FoliageQuality@3] File [C:/Users/castl/OneDrive/Documents/Unreal Projects/ONeil_Escape_Class/Saved/Config/Windows/Scalability.ini]
[2019.10.08-17.45.33:003][  0]LogConfig: Setting CVar [[foliage.DensityScale:1.0]]
[2019.10.08-17.45.33:003][  0]LogConfig: Setting CVar [[grass.DensityScale:1.0]]
[2019.10.08-17.45.33:003][  0]LogConfig: Applying CVar settings from Section [Startup] File [../../../Engine/Config/ConsoleVariables.ini]
[2019.10.08-17.45.33:004][  0]LogConfig: Setting CVar [[net.UseAdaptiveNetUpdateFrequency:0]]
[2019.10.08-17.45.33:004][  0]LogConfig: Setting CVar [[p.chaos.AllowCreatePhysxBodies:1]]
[2019.10.08-17.45.33:004][  0]LogConfig: Applying CVar settings from Section [ConsoleVariables] File [C:/Users/castl/OneDrive/Documents/Unreal Projects/ONeil_Escape_Class/Saved/Config/Windows/Engine.ini]
[2019.10.08-17.45.33:004][  0]LogInit: Computer: LAPTOP-QK3D5VET
[2019.10.08-17.45.33:004][  0]LogInit: User: castl
[2019.10.08-17.45.33:004][  0]LogInit: CPU Page size=4096, Cores=4
[2019.10.08-17.45.33:004][  0]LogInit: High frequency timer resolution =10.000000 MHz
[2019.10.08-17.45.33:004][  0]LogMemory: Memory total: Physical=15.9GB (16GB approx)
[2019.10.08-17.45.33:004][  0]LogMemory: Platform Memory Stats for Windows
[2019.10.08-17.45.33:004][  0]LogMemory: Process Physical Memory: 101.16 MB used, 101.16 MB peak
[2019.10.08-17.45.33:004][  0]LogMemory: Process Virtual Memory: 100.65 MB used, 100.65 MB peak
[2019.10.08-17.45.33:004][  0]LogMemory: Physical Memory: 7148.68 MB used,  9129.02 MB free, 16277.70 MB total
[2019.10.08-17.45.33:004][  0]LogMemory: Virtual Memory: 4654.00 MB used,  134213072.00 MB free, 134217728.00 MB total
[2019.10.08-17.45.33:010][  0]LogWindows: WindowsPlatformFeatures enabled
[2019.10.08-17.45.33:051][  0]LogInit: Using OS detected language (en-US).
[2019.10.08-17.45.33:051][  0]LogInit: Using OS detected locale (en-US).
[2019.10.08-17.45.33:054][  0]LogTextLocalizationManager: No specific localization for 'en-US' exists, so the 'en' localization will be used.
[2019.10.08-17.45.33:257][  0]LogInit: Setting process to per monitor DPI aware
[2019.10.08-17.45.33:321][  0]LogSlate: New Slate User Created.  User Index 0, Is Virtual User: 0
[2019.10.08-17.45.33:321][  0]LogSlate: Slate User Registered.  User Index 0, Is Virtual User: 0
[2019.10.08-17.45.33:631][  0]LogHMD: Failed to initialize OpenVR with code 110
[2019.10.08-17.45.33:631][  0]LogD3D11RHI: D3D11 adapters:
[2019.10.08-17.45.33:708][  0]LogD3D11RHI:    0. 'NVIDIA GeForce GTX 1060' (Feature Level 11_0)
[2019.10.08-17.45.33:708][  0]LogD3D11RHI:       6061/0/8138 MB DedicatedVideo/DedicatedSystem/SharedSystem, Outputs:1, VendorId:0x10de
[2019.10.08-17.45.33:723][  0]LogD3D11RHI:    1. 'Intel(R) HD Graphics 630' (Feature Level 11_0)
[2019.10.08-17.45.33:723][  0]LogD3D11RHI:       128/0/8138 MB DedicatedVideo/DedicatedSystem/SharedSystem, Outputs:0, VendorId:0x8086
[2019.10.08-17.45.33:726][  0]LogD3D11RHI:    2. 'Microsoft Basic Render Driver' (Feature Level 11_0)
[2019.10.08-17.45.33:726][  0]LogD3D11RHI:       0/0/8138 MB DedicatedVideo/DedicatedSystem/SharedSystem, Outputs:0, VendorId:0x1414
[2019.10.08-17.45.33:726][  0]LogD3D11RHI: Chosen D3D11 Adapter: 0
[2019.10.08-17.45.33:763][  0]LogD3D11RHI: Creating new Direct3DDevice
[2019.10.08-17.45.33:763][  0]LogD3D11RHI:     GPU DeviceId: 0x1c20 (for the marketing name, search the web for "GPU Device Id")
[2019.10.08-17.45.33:763][  0]LogWindows: EnumDisplayDevices:
[2019.10.08-17.45.33:763][  0]LogWindows:    0. 'Intel(R) HD Graphics 630' (P:1 D:1)
[2019.10.08-17.45.33:763][  0]LogWindows:    1. 'Intel(R) HD Graphics 630' (P:0 D:0)
[2019.10.08-17.45.33:764][  0]LogWindows:    2. 'Intel(R) HD Graphics 630' (P:0 D:0)
[2019.10.08-17.45.33:764][  0]LogWindows:    3. 'NVIDIA GeForce GTX 1060' (P:0 D:0)
[2019.10.08-17.45.33:764][  0]LogWindows: DebugString: PrimaryIsNotTheChoosenAdapter PrimaryIsNotTheChoosenAdapter PrimaryIsNotTheChoosenAdapter 
[2019.10.08-17.45.33:764][  0]LogD3D11RHI:     Adapter Name: NVIDIA GeForce GTX 1060
[2019.10.08-17.45.33:764][  0]LogD3D11RHI:   Driver Version: 388.73 (internal:23.21.13.8873, unified:388.73)
[2019.10.08-17.45.33:764][  0]LogD3D11RHI:      Driver Date: 12-18-2017
[2019.10.08-17.45.33:764][  0]LogRHI: Texture pool is 4242 MB (70% of 6061 MB)
[2019.10.08-17.45.33:798][  0]LogD3D11RHI: Async texture creation enabled
[2019.10.08-17.45.33:811][  0]LogD3D11RHI: GPU Timing Frequency: 1000.000000 (Debug: 2 1)
[2019.10.08-17.45.34:229][  0]LogTemp: Display: Module 'AllDesktopTargetPlatform' loaded TargetPlatform 'AllDesktop'
[2019.10.08-17.45.34:246][  0]LogTemp: Display: Module 'MacClientTargetPlatform' loaded TargetPlatform 'MacClient'
[2019.10.08-17.45.34:260][  0]LogTemp: Display: Module 'MacNoEditorTargetPlatform' loaded TargetPlatform 'MacNoEditor'
[2019.10.08-17.45.34:272][  0]LogTemp: Display: Module 'MacServerTargetPlatform' loaded TargetPlatform 'MacServer'
[2019.10.08-17.45.34:286][  0]LogTemp: Display: Module 'MacTargetPlatform' loaded TargetPlatform 'Mac'
[2019.10.08-17.45.34:298][  0]LogTemp: Display: Module 'WindowsClientTargetPlatform' loaded TargetPlatform 'WindowsClient'
[2019.10.08-17.45.34:310][  0]LogTemp: Display: Module 'WindowsNoEditorTargetPlatform' loaded TargetPlatform 'WindowsNoEditor'
[2019.10.08-17.45.34:322][  0]LogTemp: Display: Module 'WindowsServerTargetPlatform' loaded TargetPlatform 'WindowsServer'
[2019.10.08-17.45.34:329][  0]LogTemp: Display: Module 'WindowsTargetPlatform' loaded TargetPlatform 'Windows'
[2019.10.08-17.45.34:370][  0]LogTemp: Display: Module 'AndroidTargetPlatform' loaded TargetPlatform 'Android'
[2019.10.08-17.45.34:370][  0]LogTemp: Display: Module 'AndroidTargetPlatform' loaded TargetPlatform 'Android_ASTC'
[2019.10.08-17.45.34:370][  0]LogTemp: Display: Module 'AndroidTargetPlatform' loaded TargetPlatform 'Android_ATC'
[2019.10.08-17.45.34:370][  0]LogTemp: Display: Module 'AndroidTargetPlatform' loaded TargetPlatform 'Android_DXT'
[2019.10.08-17.45.34:370][  0]LogTemp: Display: Module 'AndroidTargetPlatform' loaded TargetPlatform 'Android_ETC1'
[2019.10.08-17.45.34:370][  0]LogTemp: Display: Module 'AndroidTargetPlatform' loaded TargetPlatform 'Android_ETC1a'
[2019.10.08-17.45.34:370][  0]LogTemp: Display: Module 'AndroidTargetPlatform' loaded TargetPlatform 'Android_ETC2'
[2019.10.08-17.45.34:370][  0]LogTemp: Display: Module 'AndroidTargetPlatform' loaded TargetPlatform 'Android_PVRTC'
[2019.10.08-17.45.34:370][  0]LogTemp: Display: Module 'AndroidTargetPlatform' loaded TargetPlatform 'AndroidClient'
[2019.10.08-17.45.34:370][  0]LogTemp: Display: Module 'AndroidTargetPlatform' loaded TargetPlatform 'Android_ASTCClient'
[2019.10.08-17.45.34:370][  0]LogTemp: Display: Module 'AndroidTargetPlatform' loaded TargetPlatform 'Android_ATCClient'
[2019.10.08-17.45.34:370][  0]LogTemp: Display: Module 'AndroidTargetPlatform' loaded TargetPlatform 'Android_DXTClient'
[2019.10.08-17.45.34:370][  0]LogTemp: Display: Module 'AndroidTargetPlatform' loaded TargetPlatform 'Android_ETC1Client'
[2019.10.08-17.45.34:370][  0]LogTemp: Display: Module 'AndroidTargetPlatform' loaded TargetPlatform 'Android_ETC1aClient'
[2019.10.08-17.45.34:370][  0]LogTemp: Display: Module 'AndroidTargetPlatform' loaded TargetPlatform 'Android_ETC2Client'
[2019.10.08-17.45.34:370][  0]LogTemp: Display: Module 'AndroidTargetPlatform' loaded TargetPlatform 'Android_PVRTCClient'
[2019.10.08-17.45.34:370][  0]LogTemp: Display: Module 'AndroidTargetPlatform' loaded TargetPlatform 'Android_Multi'
[2019.10.08-17.45.34:370][  0]LogTemp: Display: Module 'AndroidTargetPlatform' loaded TargetPlatform 'Android_MultiClient'
[2019.10.08-17.45.34:372][  0]LogTemp: Display: Module 'HTML5TargetPlatform' loaded TargetPlatform 'HTML5'
[2019.10.08-17.45.34:397][  0]LogTemp: Display: Module 'IOSTargetPlatform' loaded TargetPlatform 'IOSClient'
[2019.10.08-17.45.34:397][  0]LogTemp: Display: Module 'IOSTargetPlatform' loaded TargetPlatform 'IOS'
[2019.10.08-17.45.34:419][  0]LogTemp: Display: Module 'TVOSTargetPlatform' loaded TargetPlatform 'TVOSClient'
[2019.10.08-17.45.34:420][  0]LogTemp: Display: Module 'TVOSTargetPlatform' loaded TargetPlatform 'TVOS'
[2019.10.08-17.45.34:431][  0]LogTemp: Display: Module 'LinuxClientTargetPlatform' loaded TargetPlatform 'LinuxClient'
[2019.10.08-17.45.34:442][  0]LogTemp: Display: Module 'LinuxNoEditorTargetPlatform' loaded TargetPlatform 'LinuxNoEditor'
[2019.10.08-17.45.34:458][  0]LogTemp: Display: Module 'LinuxServerTargetPlatform' loaded TargetPlatform 'LinuxServer'
[2019.10.08-17.45.34:473][  0]LogTemp: Display: Module 'LinuxTargetPlatform' loaded TargetPlatform 'Linux'
[2019.10.08-17.45.34:513][  0]LogTemp: Display: Module 'LuminTargetPlatform' loaded TargetPlatform 'Lumin'
[2019.10.08-17.45.34:513][  0]LogTemp: Display: Module 'LuminTargetPlatform' loaded TargetPlatform 'LuminClient'
[2019.10.08-17.45.34:513][  0]LogTargetPlatformManager: Display: Building Assets For Windows
[2019.10.08-17.45.34:527][  0]LogAudioDebug: Display: Lib vorbis DLL was dynamically loaded.
[2019.10.08-17.45.34:616][  0]LogShaderCompilers: Guid format shader working directory is -38 characters bigger than the processId version (../../../../../../Users/castl/OneDrive/Documents/Unreal Projects/ONeil_Escape_Class/Intermediate/Shaders/WorkingDirectory/20384/).
[2019.10.08-17.45.34:616][  0]LogShaderCompilers: Cleaned the shader compiler working directory 'C:/Users/castl/AppData/Local/Temp/UnrealShaderWorkingDir/09F15F114B2A2F419393529F4372A015/'.
[2019.10.08-17.45.34:621][  0]LogXGEController: Cannot use XGE Controller as Incredibuild is not installed on this machine.
[2019.10.08-17.45.34:621][  0]LogShaderCompilers: Cannot use XGE Shader Compiler as Incredibuild is not installed on this machine.
[2019.10.08-17.45.34:621][  0]LogShaderCompilers: Display: Using Local Shader Compiler.
[2019.10.08-17.45.35:400][  0]LogDerivedDataCache: Display: Max Cache Size: 512 MB
[2019.10.08-17.45.35:458][  0]LogDerivedDataCache: Loaded boot cache 0.06s 73MB C:/Users/castl/AppData/Local/UnrealEngine/4.23/DerivedDataCache/Boot.ddc.
[2019.10.08-17.45.35:458][  0]LogDerivedDataCache: Display: Loaded Boot cache: C:/Users/castl/AppData/Local/UnrealEngine/4.23/DerivedDataCache/Boot.ddc
[2019.10.08-17.45.35:458][  0]LogDerivedDataCache: FDerivedDataBackendGraph:  Pak pak cache file ../../../../../../Users/castl/OneDrive/Documents/Unreal Projects/ONeil_Escape_Class/DerivedDataCache/DDC.ddp not found, will not use a pak cache.
[2019.10.08-17.45.35:458][  0]LogDerivedDataCache: Unable to find inner node Pak for hierarchical cache Hierarchy.
[2019.10.08-17.45.35:458][  0]LogDerivedDataCache: FDerivedDataBackendGraph:  CompressedPak pak cache file ../../../../../../Users/castl/OneDrive/Documents/Unreal Projects/ONeil_Escape_Class/DerivedDataCache/Compressed.ddp not found, will not use a pak cache.
[2019.10.08-17.45.35:458][  0]LogDerivedDataCache: Unable to find inner node CompressedPak for hierarchical cache Hierarchy.
[2019.10.08-17.45.35:473][  0]LogDerivedDataCache: Display: Pak cache opened for reading ../../../Engine/DerivedDataCache/Compressed.ddp.
[2019.10.08-17.45.35:473][  0]LogDerivedDataCache: FDerivedDataBackendGraph:  EnterprisePak pak cache file ../../../Enterprise/DerivedDataCache/Compressed.ddp not found, will not use a pak cache.
[2019.10.08-17.45.35:473][  0]LogDerivedDataCache: Unable to find inner node EnterprisePak for hierarchical cache Hierarchy.
[2019.10.08-17.45.35:474][  0]LogDerivedDataCache: Using Local data cache path C:/Users/castl/AppData/Local/UnrealEngine/Common/DerivedDataCache: Writable
[2019.10.08-17.45.35:474][  0]LogDerivedDataCache: Shared data cache path not found in *engine.ini, will not use an Shared cache.
[2019.10.08-17.45.35:474][  0]LogDerivedDataCache: Unable to find inner node Shared for hierarchical cache Hierarchy.
[2019.10.08-17.45.35:510][  0]LogMaterial: Verifying Global Shaders for PCD3D_SM5
[2019.10.08-17.45.35:515][  0]LogSlate: Using FreeType 2.6.0
[2019.10.08-17.45.35:515][  0]LogSlate: SlateFontServices - WITH_FREETYPE: 1, WITH_HARFBUZZ: 1
[2019.10.08-17.45.35:601][  0]LogAssetRegistry: FAssetRegistry took 0.0034 seconds to start up
[2019.10.08-17.45.36:009][  0]LogInit: Selected Device Profile: [Windows]
[2019.10.08-17.45.36:209][  0]LogMeshReduction: Using QuadricMeshReduction for automatic static mesh reduction
[2019.10.08-17.45.36:209][  0]LogMeshReduction: Using SimplygonMeshReduction for automatic skeletal mesh reduction
[2019.10.08-17.45.36:209][  0]LogMeshReduction: Using ProxyLODMeshReduction for automatic mesh merging
[2019.10.08-17.45.36:209][  0]LogMeshReduction: No distributed automatic mesh merging module available
[2019.10.08-17.45.36:209][  0]LogMeshMerging: No distributed automatic mesh merging module available
[2019.10.08-17.45.36:226][  0]LogNetVersion: ONeil_Escape_Class 1.0.0, NetCL: 8386587, EngineNetVer: 11, GameNetVer: 0 (Checksum: 136843266)
[2019.10.08-17.45.36:874][  0]LogPackageLocalizationCache: Processed 12 localized package path(s) for 1 prioritized culture(s) in 0.054053 seconds
[2019.10.08-17.45.36:886][  0]LogUObjectArray: 43444 objects as part of root set at end of initial load.
[2019.10.08-17.45.36:886][  0]LogUObjectAllocator: 7548648 out of 0 bytes used by permanent object pool.
[2019.10.08-17.45.36:886][  0]LogUObjectArray: CloseDisregardForGC: 0/0 objects in disregard for GC pool
[2019.10.08-17.45.38:178][  0]LogTcpMessaging: Initializing TcpMessaging bridge
[2019.10.08-17.45.38:182][  0]LogUdpMessaging: Initializing bridge on interface 0.0.0.0:0 to multicast group 230.0.0.1:6666.
[2019.10.08-17.45.38:280][  0]SourceControl: Source control is disabled
[2019.10.08-17.45.38:280][  0]SourceControl: Source control is disabled
[2019.10.08-17.45.38:282][  0]SourceControl: Source control is disabled
[2019.10.08-17.45.38:283][  0]SourceControl: Source control is disabled
[2019.10.08-17.45.38:424][  0]LogAndroidPermission: UAndroidPermissionCallbackProxy::GetInstance
[2019.10.08-17.45.38:736][  0]LogOcInput: OculusInput pre-init called
[2019.10.08-17.45.38:752][  0]LogWindows: Failed to load 'OVRPlugin.dll' (GetLastError=126)
[2019.10.08-17.45.38:752][  0]LogWindows: File 'OVRPlugin.dll' does not exist
[2019.10.08-17.45.38:849][  0]LogEngine: Initializing Engine...
[2019.10.08-17.45.38:850][  0]LogHMD: Failed to initialize OpenVR with code 110
[2019.10.08-17.45.38:854][  0]LogStats: UGameplayTagsManager::InitializeManager -  0.000 s
[2019.10.08-17.45.39:138][  0]LogInit: Initializing FReadOnlyCVARCache
[2019.10.08-17.45.39:170][  0]LogAIModule: Creating AISystem for world Untitled
[2019.10.08-17.45.39:264][  0]LogInit: XAudio2 using 'Speakers (Elgato Sound Capture)' : 2 channels at 48 kHz using 16 bits per sample (channel mask 0x3)
[2019.10.08-17.45.39:304][  0]LogInit: FAudioDevice initialized.
[2019.10.08-17.45.39:305][  0]LogNetVersion: Set ProjectVersion to 1.0.0.0. Version Checksum will be recalculated on next use.
[2019.10.08-17.45.39:365][  0]LogDerivedDataCache: Saved boot cache 0.06s 73MB C:/Users/castl/AppData/Local/UnrealEngine/4.23/DerivedDataCache/Boot.ddc.
[2019.10.08-17.45.39:369][  0]LogInit: Texture streaming: Enabled
[2019.10.08-17.45.39:404][  0]LogEngineSessionManager: EngineSessionManager initialized
[2019.10.08-17.45.39:467][  0]LogInit: Transaction tracking system initialized
[2019.10.08-17.45.39:529][  0]BlueprintLog: New page: Editor Load
[2019.10.08-17.45.39:668][  0]LocalizationService: Localization service is disabled
[2019.10.08-17.45.40:026][  0]LogFileCache: Scanning file cache for directory 'C:/Users/castl/OneDrive/Documents/Unreal Projects/ONeil_Escape_Class/Content/' took 0.00s
[2019.10.08-17.45.40:026][  0]LogCook: Display: Max memory allowance for cook 16384mb min free memory 0mb
[2019.10.08-17.45.40:026][  0]LogCook: Display: Mobile HDR setting 1
[2019.10.08-17.45.40:286][  0]SourceControl: Source control is disabled
[2019.10.08-17.45.40:286][  0]Cmd: MAP LOAD FILE="../../../../../../Users/castl/OneDrive/Documents/Unreal Projects/ONeil_Escape_Class/Content/FirstPersonBP/Maps/FirstPersonExampleMap.umap" TEMPLATE=0 SHOWPROGRESS=1 FEATURELEVEL=3
[2019.10.08-17.45.40:287][  0]LightingResults: New page: Lighting Build
[2019.10.08-17.45.40:292][  0]LogWorld: UWorld::CleanupWorld for Untitled, bSessionEnded=true, bCleanupResources=true
[2019.10.08-17.45.40:292][  0]MapCheck: New page: Map Check
[2019.10.08-17.45.40:292][  0]LightingResults: New page: Lighting Build
[2019.10.08-17.45.40:318][  0]LogUObjectHash: Compacting FUObjectHashTables data took   2.76ms
[2019.10.08-17.45.40:886][  0]LogAIModule: Creating AISystem for world FirstPersonExampleMap
[2019.10.08-17.45.40:939][  0]LogEditorServer: Finished looking for orphan Actors (0.000 secs)
[2019.10.08-17.45.40:976][  0]LogUObjectHash: Compacting FUObjectHashTables data took   2.22ms
[2019.10.08-17.45.40:977][  0]Cmd: MAP CHECKDEP NOCLEARLOG
[2019.10.08-17.45.40:977][  0]MapCheck: Map check complete: 0 Error(s), 0 Warning(s), took 0.336ms to complete.
[2019.10.08-17.45.40:977][  0]LogFileHelpers: Loading map 'FirstPersonExampleMap' took 0.691
[2019.10.08-17.45.41:194][  0]LogSlate: Updating window title bar state: overlay mode, drag disabled, window buttons hidden, title bar hidden
[2019.10.08-17.45.41:212][  0]LogSlate: Updating window title bar state: overlay mode, drag disabled, window buttons hidden, title bar hidden
[2019.10.08-17.45.41:224][  0]LogSlate: Updating window title bar state: overlay mode, drag disabled, window buttons hidden, title bar hidden
[2019.10.08-17.45.41:234][  0]LogSlate: Updating window title bar state: overlay mode, drag disabled, window buttons hidden, title bar hidden
[2019.10.08-17.45.41:252][  0]LogCollectionManager: Loaded 0 collections in 0.003581 seconds
[2019.10.08-17.45.41:289][  0]LogFileCache: Scanning file cache for directory 'C:/Users/castl/OneDrive/Documents/Unreal Projects/ONeil_Escape_Class/Saved/Collections/' took 0.00s
[2019.10.08-17.45.41:289][  0]LogFileCache: Scanning file cache for directory 'C:/Users/castl/OneDrive/Documents/Unreal Projects/ONeil_Escape_Class/Content/Developers/castl/Collections/' took 0.00s
[2019.10.08-17.45.41:289][  0]LogFileCache: Scanning file cache for directory 'C:/Users/castl/OneDrive/Documents/Unreal Projects/ONeil_Escape_Class/Content/Collections/' took 0.00s
[2019.10.08-17.45.41:289][  0]LogCollectionManager: Rebuilt the GUID cache for 0 collections in 0.000002 seconds
[2019.10.08-17.45.41:305][  0]LogContentBrowser: Native class hierarchy populated in 0.0132 seconds. Added 2863 classes and 680 folders.
[2019.10.08-17.45.41:325][  0]LogContentBrowser: Native class hierarchy updated for 'WidgetCarousel' in 0.0008 seconds. Added 0 classes and 0 folders.
[2019.10.08-17.45.41:498][  0]LogContentBrowser: Native class hierarchy updated for 'AddContentDialog' in 0.0002 seconds. Added 0 classes and 0 folders.
[2019.10.08-17.45.41:515][  0]LogContentBrowser: Native class hierarchy updated for 'SceneOutliner' in 0.0003 seconds. Added 1 classes and 2 folders.
[2019.10.08-17.45.41:600][  0]LogSlate: Took 0.000267 seconds to synchronously load lazily loaded font '../../../Engine/Content/Slate/Fonts/Roboto-Regular.ttf' (155K)
[2019.10.08-17.45.41:609][  0]LogSlate: Took 0.001846 seconds to synchronously load lazily loaded font '../../../Engine/Content/Slate/Fonts/Roboto-Bold.ttf' (160K)
[2019.10.08-17.45.41:637][  0]LogSlate: Took 0.001368 seconds to synchronously load lazily loaded font '../../../Engine/Content/Editor/Slate/Fonts/FontAwesome.ttf' (139K)
[2019.10.08-17.45.41:756][  0]LogRenderer: Reallocating scene render targets to support 964x436 Format 10 NumSamples 1 (Frame:1).
[2019.10.08-17.45.42:051][  0]LogContentBrowser: Native class hierarchy updated for 'HierarchicalLODOutliner' in 0.0003 seconds. Added 0 classes and 0 folders.
[2019.10.08-17.45.42:051][  0]LogLoad: (Engine Initialization) Total time: 11.57 seconds
[2019.10.08-17.45.42:051][  0]LogLoad: (Engine Initialization) Total Blueprint compile time: 0.00 seconds
[2019.10.08-17.45.42:114][  0]LogContentStreaming: Texture pool size now 1000 MB
[2019.10.08-17.45.42:159][  0]LogSlate: Took 0.000775 seconds to synchronously load lazily loaded font '../../../Engine/Content/Slate/Fonts/Roboto-Light.ttf' (167K)
[2019.10.08-17.45.42:291][  2]LogAssetRegistry: Asset discovery search completed in 6.6909 seconds
[2019.10.08-17.45.42:300][  2]LogCollectionManager: Rebuilt the object cache for 0 collections in 0.000005 seconds (found 0 objects)
[2019.10.08-17.45.42:300][  2]LogCollectionManager: Fixed up redirectors for 0 collections in 0.000078 seconds (updated 0 objects)
[2019.10.08-17.46.41:113][ 45]LogSlate: FSceneViewport::OnFocusLost() reason 0
[2019.10.08-18.02.42:861][565]LogMaterial: Display: Missing cached shader map for material M_Brick_Clay_SCOTT, compiling. 
[2019.10.08-18.02.42:945][566]LogShaderCompilers: Display: Worker (1/5): shaders left to compile 22
[2019.10.08-18.02.42:945][566]LogShaderCompilers: Display: Worker (2/5): shaders left to compile 16
[2019.10.08-18.02.42:945][566]LogShaderCompilers: Display: Worker (3/5): shaders left to compile 10
[2019.10.08-18.02.42:945][566]LogShaderCompilers: Display: Worker (4/5): shaders left to compile 4
[2019.10.08-18.02.55:652][314]LogSlate: Took 0.000263 seconds to synchronously load lazily loaded font '../../../Engine/Content/Slate/Fonts/Roboto-Light.ttf' (167K)
[2019.10.08-18.02.55:768][314]LogSavePackage: Moving '../../../../../../Users/castl/OneDrive/Documents/Unreal Projects/ONeil_Escape_Class/Saved/M_Brick_Clay_SCOTTB831523E427B05391100DD96662E3E27.tmp' to '../../../../../../Users/castl/OneDrive/Documents/Unreal Projects/ONeil_Escape_Class/Content/StarterContent/Materials/M_Brick_Clay_SCOTT.uasset'
[2019.10.08-18.02.55:909][314]LogUObjectHash: Compacting FUObjectHashTables data took   1.57ms
[2019.10.08-18.02.55:941][314]LogUObjectHash: Compacting FUObjectHashTables data took   1.53ms
[2019.10.08-18.02.55:964][314]LogUObjectHash: Compacting FUObjectHashTables data took   0.68ms
[2019.10.08-18.03.06:503][940]LogAssetEditorManager: Opening Asset editor for Material /Game/StarterContent/Materials/M_Brick_Clay_SCOTT.M_Brick_Clay_SCOTT
[2019.10.08-18.03.06:509][940]LogMaterial: Display: Missing cached shader map for material M_Brick_Clay_SCOTT, compiling. 
[2019.10.08-18.03.06:843][940]LogMaterial: Display: Missing cached shader map for material M_Brick_Clay_SCOTT, compiling. 
[2019.10.08-18.03.06:865][940]LogShaderCompilers: Display: Worker (1/5): shaders left to compile 21
[2019.10.08-18.03.06:865][940]LogShaderCompilers: Display: Worker (2/5): shaders left to compile 20
[2019.10.08-18.03.06:865][940]LogShaderCompilers: Display: Worker (3/5): shaders left to compile 19
[2019.10.08-18.03.06:865][940]LogShaderCompilers: Display: Worker (4/5): shaders left to compile 18
[2019.10.08-18.03.06:871][940]LogMaterial: Display: Missing cached shader map for material FMatExpressionPreview MaterialExpressionTextureSample_0, compiling. 
[2019.10.08-18.03.06:921][940]LogSlate: Took 0.000261 seconds to synchronously load lazily loaded font '../../../Engine/Content/Slate/Fonts/Roboto-BoldCondensed.ttf' (158K)
[2019.10.08-18.03.07:700][973]LogShaderCompilers: Display: Worker (4/5): shaders left to compile 21
[2019.10.08-18.03.07:805][979]LogShaderCompilers: Display: Worker (1/5): shaders left to compile 20
[2019.10.08-18.03.07:862][982]LogShaderCompilers: Display: Worker (3/5): shaders left to compile 19
[2019.10.08-18.03.07:930][986]LogShaderCompilers: Display: Worker (2/5): shaders left to compile 18
[2019.10.08-18.03.08:190][  1]LogShaderCompilers: Display: Worker (2/5): shaders left to compile 17
[2019.10.08-18.03.08:295][  7]LogShaderCompilers: Display: Worker (4/5): shaders left to compile 16
[2019.10.08-18.03.08:327][  9]LogShaderCompilers: Display: Worker (3/5): shaders left to compile 15
[2019.10.08-18.03.08:346][ 10]LogShaderCompilers: Display: Worker (1/5): shaders left to compile 14
[2019.10.08-18.03.08:526][ 21]LogShaderCompilers: Display: Worker (2/5): shaders left to compile 13
[2019.10.08-18.03.08:902][ 43]LogShaderCompilers: Display: Worker (1/5): shaders left to compile 12
[2019.10.08-18.03.09:290][ 66]LogShaderCompilers: Display: Worker (3/5): shaders left to compile 11
[2019.10.08-18.03.09:426][ 74]LogShaderCompilers: Display: Worker (4/5): shaders left to compile 10
[2019.10.08-18.03.09:475][ 77]LogShaderCompilers: Display: Worker (2/5): shaders left to compile 9
[2019.10.08-18.03.09:761][ 94]LogShaderCompilers: Display: Worker (3/5): shaders left to compile 8
[2019.10.08-18.03.09:826][ 98]LogShaderCompilers: Display: Worker (1/5): shaders left to compile 7
[2019.10.08-18.03.10:261][124]LogShaderCompilers: Display: Worker (3/5): shaders left to compile 6
[2019.10.08-18.03.10:309][127]LogShaderCompilers: Display: Worker (4/5): shaders left to compile 5
[2019.10.08-18.03.10:373][131]LogShaderCompilers: Display: Worker (2/5): shaders left to compile 4
[2019.10.08-18.03.10:526][140]LogShaderCompilers: Display: Worker (1/5): shaders left to compile 3
[2019.10.08-18.03.10:793][156]LogShaderCompilers: Display: Worker (4/5): shaders left to compile 2
[2019.10.08-18.03.10:997][168]LogShaderCompilers: Display: Worker (2/5): shaders left to compile 1
[2019.10.08-18.03.11:067][172]MaterialEditorStats: Base pass shader: 120 instructions
[2019.10.08-18.03.11:068][172]MaterialEditorStats: Base pass shader with Volumetric Lightmap: 194 instructions
[2019.10.08-18.03.11:068][172]MaterialEditorStats: Base pass vertex shader: 44 instructions
[2019.10.08-18.03.11:068][172]MaterialEditorStats: Texture samplers: 4/16
[2019.10.08-18.03.11:068][172]MaterialEditorStats: Texture Lookups (Est.): VS(0), PS(1)
[2019.10.08-18.03.11:068][172]MaterialEditorStats: User interpolators: 2/4 Scalars (1/4 Vectors) (TexCoords: 2, Custom: 0)
[2019.10.08-18.03.52:273][419]LogEditorViewport: Clicking on Actor (LMB): BP_Elevator_C (BP_Elevator)
[2019.10.08-18.03.53:450][484]LogSlate: FSceneViewport::OnFocusLost() reason 0
[2019.10.08-18.04.01:511][934]LogSlate: Window 'M_Brick_Clay_SCOTT' being destroyed
[2019.10.08-18.04.01:519][934]LogSlate: Window 'M_Brick_Clay_SCOTT' being destroyed
[2019.10.08-18.04.01:557][934]LogWorld: UWorld::CleanupWorld for World_4, bSessionEnded=true, bCleanupResources=true
[2019.10.08-18.04.06:838][248]LogAssetEditorManager: Opening Asset editor for Material /Game/StarterContent/Materials/M_Brick_Clay_SCOTT.M_Brick_Clay_SCOTT
[2019.10.08-18.04.06:846][248]LogMaterial: Display: Missing cached shader map for material PreviewMaterial_0, compiling. 
[2019.10.08-18.04.06:949][248]LogMaterial: Display: Missing cached shader map for material PreviewMaterial_0, compiling. 
[2019.10.08-18.04.06:969][248]LogMaterial: Display: Missing cached shader map for material PreviewMaterial_0, compiling. 
[2019.10.08-18.04.06:991][248]LogShaderCompilers: Display: Worker (1/5): shaders left to compile 21
[2019.10.08-18.04.06:991][248]LogShaderCompilers: Display: Worker (2/5): shaders left to compile 20
[2019.10.08-18.04.06:991][248]LogShaderCompilers: Display: Worker (3/5): shaders left to compile 19
[2019.10.08-18.04.06:991][248]LogShaderCompilers: Display: Worker (4/5): shaders left to compile 18
[2019.10.08-18.04.06:998][248]LogMaterial: Display: Missing cached shader map for material FMatExpressionPreview MaterialExpressionTextureSample_0, compiling. 
[2019.10.08-18.04.07:662][277]LogShaderCompilers: Display: Worker (2/5): shaders left to compile 21
[2019.10.08-18.04.07:662][277]LogShaderCompilers: Display: Worker (1/5): shaders left to compile 20
[2019.10.08-18.04.07:696][279]LogShaderCompilers: Display: Worker (3/5): shaders left to compile 19
[2019.10.08-18.04.07:696][279]LogShaderCompilers: Display: Worker (4/5): shaders left to compile 18
[2019.10.08-18.04.07:900][291]LogShaderCompilers: Display: Worker (4/5): shaders left to compile 17
[2019.10.08-18.04.08:252][310]LogShaderCompilers: Display: Worker (2/5): shaders left to compile 16
[2019.10.08-18.04.08:252][310]LogShaderCompilers: Display: Worker (1/5): shaders left to compile 15
[2019.10.08-18.04.08:268][311]LogShaderCompilers: Display: Worker (3/5): shaders left to compile 14
[2019.10.08-18.04.08:435][321]LogShaderCompilers: Display: Worker (4/5): shaders left to compile 13
[2019.10.08-18.04.08:798][342]LogShaderCompilers: Display: Worker (3/5): shaders left to compile 12
[2019.10.08-18.04.09:109][360]LogShaderCompilers: Display: Worker (2/5): shaders left to compile 11
[2019.10.08-18.04.09:211][366]LogShaderCompilers: Display: Worker (1/5): shaders left to compile 10
[2019.10.08-18.04.09:278][370]LogShaderCompilers: Display: Worker (4/5): shaders left to compile 9
[2019.10.08-18.04.09:603][389]LogShaderCompilers: Display: Worker (2/5): shaders left to compile 8
[2019.10.08-18.04.09:653][392]LogShaderCompilers: Display: Worker (3/5): shaders left to compile 7
[2019.10.08-18.04.10:046][415]LogShaderCompilers: Display: Worker (1/5): shaders left to compile 6
[2019.10.08-18.04.10:097][418]LogShaderCompilers: Display: Worker (2/5): shaders left to compile 5
[2019.10.08-18.04.10:179][423]LogShaderCompilers: Display: Worker (4/5): shaders left to compile 4
[2019.10.08-18.04.10:348][433]LogShaderCompilers: Display: Worker (3/5): shaders left to compile 3
[2019.10.08-18.04.10:636][450]LogShaderCompilers: Display: Worker (2/5): shaders left to compile 2
[2019.10.08-18.04.10:824][461]LogShaderCompilers: Display: Worker (1/5): shaders left to compile 1
[2019.10.08-18.04.10:848][462]MaterialEditorStats: Base pass shader: 120 instructions
[2019.10.08-18.04.10:848][462]MaterialEditorStats: Base pass shader with Volumetric Lightmap: 194 instructions
[2019.10.08-18.04.10:848][462]MaterialEditorStats: Base pass vertex shader: 44 instructions
[2019.10.08-18.04.10:848][462]MaterialEditorStats: Texture samplers: 4/16
[2019.10.08-18.04.10:848][462]MaterialEditorStats: Texture Lookups (Est.): VS(0), PS(1)
[2019.10.08-18.04.10:848][462]MaterialEditorStats: User interpolators: 2/4 Scalars (1/4 Vectors) (TexCoords: 2, Custom: 0)
[2019.10.08-18.04.41:707][126]LogMaterial: Display: Missing cached shader map for material PreviewMaterial_0, compiling. 
[2019.10.08-18.04.41:726][126]LogMaterial: Display: Missing cached shader map for material FMatExpressionPreview MaterialExpressionTextureSample_1, compiling. 
[2019.10.08-18.04.41:738][126]LogShaderCompilers: Display: Worker (1/5): shaders left to compile 21
[2019.10.08-18.04.41:739][126]LogShaderCompilers: Display: Worker (2/5): shaders left to compile 20
[2019.10.08-18.04.41:739][126]LogShaderCompilers: Display: Worker (3/5): shaders left to compile 19
[2019.10.08-18.04.41:739][126]LogShaderCompilers: Display: Worker (4/5): shaders left to compile 18
[2019.10.08-18.04.41:745][126]LogMaterial: Display: Missing cached shader map for material FMatExpressionPreview MaterialExpressionTextureSample_0, compiling. 
[2019.10.08-18.04.41:758][126]LogMaterial: Display: Missing cached shader map for material FMatExpressionPreview MaterialExpressionTextureSample_1, compiling. 
[2019.10.08-18.04.42:421][156]LogShaderCompilers: Display: Worker (2/5): shaders left to compile 25
[2019.10.08-18.04.42:505][161]LogShaderCompilers: Display: Worker (3/5): shaders left to compile 24
[2019.10.08-18.04.42:505][161]LogShaderCompilers: Display: Worker (4/5): shaders left to compile 23
[2019.10.08-18.04.42:523][162]LogShaderCompilers: Display: Worker (1/5): shaders left to compile 22
[2019.10.08-18.04.42:731][174]LogShaderCompilers: Display: Worker (1/5): shaders left to compile 21
[2019.10.08-18.04.42:848][180]LogShaderCompilers: Display: Worker (2/5): shaders left to compile 20
[2019.10.08-18.04.42:947][185]LogShaderCompilers: Display: Worker (4/5): shaders left to compile 19
[2019.10.08-18.04.42:947][185]LogShaderCompilers: Display: Worker (3/5): shaders left to compile 18
[2019.10.08-18.04.43:124][194]LogShaderCompilers: Display: Worker (1/5): shaders left to compile 17
[2019.10.08-18.04.43:454][211]LogShaderCompilers: Display: Worker (3/5): shaders left to compile 16
[2019.10.08-18.04.43:739][227]LogShaderCompilers: Display: Worker (2/5): shaders left to compile 15
[2019.10.08-18.04.43:885][235]LogShaderCompilers: Display: Worker (4/5): shaders left to compile 14
[2019.10.08-18.04.43:966][240]LogShaderCompilers: Display: Worker (1/5): shaders left to compile 13
[2019.10.08-18.04.44:202][253]LogShaderCompilers: Display: Worker (2/5): shaders left to compile 12
[2019.10.08-18.04.44:287][258]LogShaderCompilers: Display: Worker (3/5): shaders left to compile 11
[2019.10.08-18.04.44:639][279]LogShaderCompilers: Display: Worker (4/5): shaders left to compile 10
[2019.10.08-18.04.44:654][280]LogShaderCompilers: Display: Worker (2/5): shaders left to compile 9
[2019.10.08-18.04.44:789][288]LogShaderCompilers: Display: Worker (1/5): shaders left to compile 8
[2019.10.08-18.04.44:929][296]LogShaderCompilers: Display: Worker (3/5): shaders left to compile 7
[2019.10.08-18.04.45:146][308]LogShaderCompilers: Display: Worker (2/5): shaders left to compile 6
[2019.10.08-18.04.45:422][323]LogShaderCompilers: Display: Worker (4/5): shaders left to compile 5
[2019.10.08-18.04.45:448][324]LogShaderCompilers: Display: Worker (1/5): shaders left to compile 4
[2019.10.08-18.04.45:449][324]MaterialEditorStats: Base pass shader: 120 instructions
[2019.10.08-18.04.45:449][324]MaterialEditorStats: Base pass shader with Volumetric Lightmap: 194 instructions
[2019.10.08-18.04.45:449][324]MaterialEditorStats: Base pass vertex shader: 44 instructions
[2019.10.08-18.04.45:449][324]MaterialEditorStats: Texture samplers: 4/16
[2019.10.08-18.04.45:449][324]MaterialEditorStats: Texture Lookups (Est.): VS(0), PS(1)
[2019.10.08-18.04.45:449][324]MaterialEditorStats: User interpolators: 2/4 Scalars (1/4 Vectors) (TexCoords: 2, Custom: 0)
[2019.10.08-18.04.45:588][332]LogShaderCompilers: Display: Worker (3/5): shaders left to compile 3
[2019.10.08-18.04.45:638][335]LogShaderCompilers: Display: Worker (2/5): shaders left to compile 2
[2019.10.08-18.04.45:929][351]LogShaderCompilers: Display: Worker (4/5): shaders left to compile 1
[2019.10.08-18.04.55:000][894]LogMaterial: Display: Missing cached shader map for material PreviewMaterial_0, compiling. 
[2019.10.08-18.04.55:018][894]LogShaderCompilers: Display: Worker (1/5): shaders left to compile 21
[2019.10.08-18.04.55:018][894]LogShaderCompilers: Display: Worker (2/5): shaders left to compile 20
[2019.10.08-18.04.55:018][894]LogShaderCompilers: Display: Worker (3/5): shaders left to compile 19
[2019.10.08-18.04.55:018][894]LogShaderCompilers: Display: Worker (4/5): shaders left to compile 18
[2019.10.08-18.04.55:024][894]LogMaterial: Display: Missing cached shader map for material FMatExpressionPreview MaterialExpressionTextureSample_1, compiling. 
[2019.10.08-18.04.55:488][920]LogShaderCompilers: Display: Worker (2/5): shaders left to compile 21
[2019.10.08-18.04.55:488][920]LogShaderCompilers: Display: Worker (4/5): shaders left to compile 20
[2019.10.08-18.04.55:521][922]LogShaderCompilers: Display: Worker (3/5): shaders left to compile 19
[2019.10.08-18.04.55:521][922]LogShaderCompilers: Display: Worker (1/5): shaders left to compile 18
[2019.10.08-18.04.55:729][934]LogShaderCompilers: Display: Worker (1/5): shaders left to compile 17
[2019.10.08-18.04.55:903][944]LogShaderCompilers: Display: Worker (4/5): shaders left to compile 16
[2019.10.08-18.04.55:920][945]LogShaderCompilers: Display: Worker (2/5): shaders left to compile 15
[2019.10.08-18.04.55:938][946]LogShaderCompilers: Display: Worker (3/5): shaders left to compile 14
[2019.10.08-18.04.56:072][954]LogShaderCompilers: Display: Worker (1/5): shaders left to compile 13
[2019.10.08-18.04.56:401][972]LogShaderCompilers: Display: Worker (3/5): shaders left to compile 12
[2019.10.08-18.04.56:786][993]LogShaderCompilers: Display: Worker (4/5): shaders left to compile 11
[2019.10.08-18.04.56:838][996]LogShaderCompilers: Display: Worker (2/5): shaders left to compile 10
[2019.10.08-18.04.56:924][  1]LogShaderCompilers: Display: Worker (1/5): shaders left to compile 9
[2019.10.08-18.04.57:286][ 21]LogShaderCompilers: Display: Worker (3/5): shaders left to compile 8
[2019.10.08-18.04.57:302][ 22]LogShaderCompilers: Display: Worker (4/5): shaders left to compile 7
[2019.10.08-18.04.57:690][ 44]LogShaderCompilers: Display: Worker (2/5): shaders left to compile 6
[2019.10.08-18.04.57:778][ 49]LogShaderCompilers: Display: Worker (3/5): shaders left to compile 5
[2019.10.08-18.04.57:827][ 52]LogShaderCompilers: Display: Worker (1/5): shaders left to compile 4
[2019.10.08-18.04.58:014][ 63]LogShaderCompilers: Display: Worker (4/5): shaders left to compile 3
[2019.10.08-18.04.58:272][ 78]LogShaderCompilers: Display: Worker (3/5): shaders left to compile 2
[2019.10.08-18.04.58:447][ 88]LogShaderCompilers: Display: Worker (1/5): shaders left to compile 1
[2019.10.08-18.04.58:510][ 91]MaterialEditorStats: Base pass shader: 126 instructions
[2019.10.08-18.04.58:510][ 91]MaterialEditorStats: Base pass shader with Volumetric Lightmap: 200 instructions
[2019.10.08-18.04.58:510][ 91]MaterialEditorStats: Base pass vertex shader: 44 instructions
[2019.10.08-18.04.58:510][ 91]MaterialEditorStats: Texture samplers: 5/16
[2019.10.08-18.04.58:510][ 91]MaterialEditorStats: Texture Lookups (Est.): VS(0), PS(2)
[2019.10.08-18.04.58:510][ 91]MaterialEditorStats: User interpolators: 2/4 Scalars (1/4 Vectors) (TexCoords: 2, Custom: 0)
[2019.10.08-18.05.01:845][290]LogMaterialEditor: Saving and Compiling material M_Brick_Clay_SCOTT
[2019.10.08-18.05.02:432][290]LogMaterial: Display: Missing cached shader map for material PreviewMaterial_0, compiling. 
[2019.10.08-18.05.02:488][290]LogShaderCompilers: Display: Worker (1/5): shaders left to compile 21
[2019.10.08-18.05.02:488][290]LogShaderCompilers: Display: Worker (2/5): shaders left to compile 20
[2019.10.08-18.05.02:489][290]LogShaderCompilers: Display: Worker (3/5): shaders left to compile 19
[2019.10.08-18.05.02:489][290]LogShaderCompilers: Display: Worker (4/5): shaders left to compile 18
[2019.10.08-18.05.02:536][290]LogMaterial: Display: Missing cached shader map for material M_Brick_Clay_SCOTT, compiling. 
[2019.10.08-18.05.02:563][290]LogMaterial: Display: Missing cached shader map for material M_Brick_Clay_SCOTT, compiling. 
[2019.10.08-18.05.02:612][290]LogUObjectHash: Compacting FUObjectHashTables data took   1.73ms
[2019.10.08-18.05.02:623][290]LogMaterial: Display: Missing cached shader map for material DebugViewMode MaterialTexCoordScale, compiling. 
[2019.10.08-18.05.04:455][290]LogShaderCompilers: Display: Worker (4/5): shaders left to compile 41
[2019.10.08-18.05.04:455][290]LogShaderCompilers: Display: Worker (2/5): shaders left to compile 40
[2019.10.08-18.05.04:456][290]LogShaderCompilers: Display: Worker (3/5): shaders left to compile 39
[2019.10.08-18.05.04:456][290]LogShaderCompilers: Display: Worker (1/5): shaders left to compile 38
[2019.10.08-18.05.04:456][290]LogShaderCompilers: Display: Worker (1/5): shaders left to compile 37
[2019.10.08-18.05.04:456][290]LogShaderCompilers: Display: Worker (2/5): shaders left to compile 36
[2019.10.08-18.05.04:456][290]LogShaderCompilers: Display: Worker (4/5): shaders left to compile 35
[2019.10.08-18.05.04:456][290]LogShaderCompilers: Display: Worker (3/5): shaders left to compile 34
[2019.10.08-18.05.04:456][290]LogShaderCompilers: Display: Worker (1/5): shaders left to compile 33
[2019.10.08-18.05.04:456][290]LogShaderCompilers: Display: Worker (3/5): shaders left to compile 32
[2019.10.08-18.05.04:456][290]LogShaderCompilers: Display: Worker (2/5): shaders left to compile 31
[2019.10.08-18.05.04:456][290]LogShaderCompilers: Display: Worker (4/5): shaders left to compile 30
[2019.10.08-18.05.04:456][290]LogShaderCompilers: Display: Worker (1/5): shaders left to compile 29
[2019.10.08-18.05.04:456][290]LogShaderCompilers: Display: Worker (3/5): shaders left to compile 28
[2019.10.08-18.05.04:456][290]LogShaderCompilers: Display: Worker (2/5): shaders left to compile 27
[2019.10.08-18.05.04:456][290]LogShaderCompilers: Display: Worker (4/5): shaders left to compile 26
[2019.10.08-18.05.04:456][290]LogShaderCompilers: Display: Worker (1/5): shaders left to compile 25
[2019.10.08-18.05.04:456][290]LogShaderCompilers: Display: Worker (3/5): shaders left to compile 24
[2019.10.08-18.05.04:456][290]LogShaderCompilers: Display: Worker (2/5): shaders left to compile 23
[2019.10.08-18.05.04:456][290]LogShaderCompilers: Display: Worker (3/5): shaders left to compile 22
[2019.10.08-18.05.04:456][290]LogShaderCompilers: Display: Worker (1/5): shaders left to compile 16
[2019.10.08-18.05.04:456][290]LogShaderCompilers: Display: Worker (2/5): shaders left to compile 11
[2019.10.08-18.05.04:456][290]LogShaderCompilers: Display: Worker (4/5): shaders left to compile 8
[2019.10.08-18.05.04:459][290]TextureStreamingBuild: Display: Compiling optional shaders took 1.847 seconds.
[2019.10.08-18.05.04:493][290]LogUObjectHash: Compacting FUObjectHashTables data took   1.00ms
[2019.10.08-18.05.06:291][290]LogShaderCompilers: Display: Worker (2/5): shaders left to compile 5
[2019.10.08-18.05.06:291][290]LogShaderCompilers: Display: Worker (4/5): shaders left to compile 3
[2019.10.08-18.05.06:291][290]LogShaderCompilers: Display: Worker (3/5): shaders left to compile 2
[2019.10.08-18.05.06:291][290]LogShaderCompilers: Display: Worker (1/5): shaders left to compile 1
[2019.10.08-18.05.06:360][290]LogSavePackage: Moving '../../../../../../Users/castl/OneDrive/Documents/Unreal Projects/ONeil_Escape_Class/Saved/M_Brick_Clay_SCOTT15C1C6134738B1747370D884199909B3.tmp' to '../../../../../../Users/castl/OneDrive/Documents/Unreal Projects/ONeil_Escape_Class/Content/StarterContent/Materials/M_Brick_Clay_SCOTT.uasset'
[2019.10.08-18.05.24:731][382]LogSlate: Window 'M_Brick_Clay_SCOTT' being destroyed
[2019.10.08-18.05.24:738][382]LogSlate: Window 'M_Brick_Clay_SCOTT' being destroyed
[2019.10.08-18.05.24:764][382]LogWorld: UWorld::CleanupWorld for World_5, bSessionEnded=true, bCleanupResources=true
[2019.10.08-18.05.31:832][803]LogEditorViewport: Clicking on Actor (LMB): BP_Elevator_C (BP_Elevator)
[2019.10.08-18.05.38:817][219]LogSlate: Took 0.000290 seconds to synchronously load lazily loaded font '../../../Engine/Content/Slate/Fonts/Roboto-Italic.ttf' (157K)
[2019.10.08-18.05.42:127][417]LogHttp: Warning: 000001E031BAA480: invalid HTTP response code received. URL: https://datarouter.ol.epicgames.com/datarouter/api/v1/public/data?SessionID=%7B00EACBB5-4917-7096-6E80-44B484794A6B%7D&AppID=UEEditor.Rocket.Release&AppVersion=4.23.0-8386587%2B%2B%2BUE4%2BRelease-4.23&UserID=6bc5f8fe4fc7513373c474b1c2a22352%7C8878cbd6ebd44743b5ec66f2401b973d%7C77c2acd1-c1e5-47f2-9d94-e1c3464c3790&AppEnvironment=datacollector-binary&UploadType=eteventstream, HTTP code: 0, content length: -1, actual payload size: 0
[2019.10.08-18.05.42:127][417]LogHttp: Warning: 000001E031BAA480: request failed, libcurl error: 0 (No error)
[2019.10.08-18.05.42:127][417]LogHttp: Warning: 000001E031BAA480: libcurl info message cache 0 (Found bundle for host datarouter.ol.epicgames.com: 0x1e06e533f70 [can pipeline])
[2019.10.08-18.05.42:127][417]LogHttp: Warning: 000001E031BAA480: libcurl info message cache 1 (Re-using existing connection! (#8) with host datarouter.ol.epicgames.com)
[2019.10.08-18.05.42:127][417]LogHttp: Warning: 000001E031BAA480: libcurl info message cache 2 (Connected to datarouter.ol.epicgames.com (18.235.16.110) port 443 (#8))
[2019.10.08-18.05.42:127][417]LogHttp: Warning: 000001E031BAA480: libcurl info message cache 3 (We are completely uploaded and fine)
[2019.10.08-18.05.42:127][417]LogHttp: Warning: 000001E031BAA480: libcurl info message cache 4 (TLSv1.2 (IN), TLS alert, Client hello (1):)
[2019.10.08-18.05.42:127][417]LogHttp: Warning: 000001E031BAA480: libcurl info message cache 5 (Connection died, retrying a fresh connect)
[2019.10.08-18.05.42:127][417]LogHttp: Warning: 000001E031BAA480: libcurl info message cache 6 (necessary data rewind wasn't possible)
[2019.10.08-18.05.42:127][417]LogHttp: Warning: 000001E031BAA480: libcurl info message cache 7 (Closing connection 8)
[2019.10.08-18.05.42:127][417]LogHttp: Warning: 000001E031BAA480: libcurl info message cache 8 (TLSv1.2 (OUT), TLS alert, Client hello (1):)
[2019.10.08-18.05.42:144][418]LogHttp: Warning: Retry exhausted on https://datarouter.ol.epicgames.com/datarouter/api/v1/public/data?SessionID=%7B00EACBB5-4917-7096-6E80-44B484794A6B%7D&AppID=UEEditor.Rocket.Release&AppVersion=4.23.0-8386587%2B%2B%2BUE4%2BRelease-4.23&UserID=6bc5f8fe4fc7513373c474b1c2a22352%7C8878cbd6ebd44743b5ec66f2401b973d%7C77c2acd1-c1e5-47f2-9d94-e1c3464c3790&AppEnvironment=datacollector-binary&UploadType=eteventstream
[2019.10.08-18.05.45:670][627]LogSlate: FSceneViewport::OnFocusLost() reason 5
[2019.10.08-18.05.47:122][711]LogUObjectHash: Compacting FUObjectHashTables data took   1.69ms
[2019.10.08-18.05.48:990][821]LogSlate: FSceneViewport::OnFocusLost() reason 0
